Copyright 1986-2022 Xilinx, Inc. All Rights Reserved. Copyright 2022-2023 Advanced Micro Devices, Inc. All Rights Reserved.
---------------------------------------------------------------------------------------------------------------------------------------------
| Tool Version : Vivado v.2023.1 (lin64) Build 3865809 Sun May  7 15:04:56 MDT 2023
| Date         : Sun Mar 10 16:55:41 2024
| Host         : tiago running 64-bit Ubuntu 23.04
| Command      : report_control_sets -verbose -file ps2AXI_v1_0_control_sets_placed.rpt
| Design       : ps2AXI_v1_0
| Device       : xc7z010
---------------------------------------------------------------------------------------------------------------------------------------------

Control Set Information

Table of Contents
-----------------
1. Summary
2. Histogram
3. Flip-Flop Distribution
4. Detailed Control Set Information

1. Summary
----------

+----------------------------------------------------------+-------+
|                          Status                          | Count |
+----------------------------------------------------------+-------+
| Total control sets                                       |    19 |
|    Minimum number of control sets                        |    19 |
|    Addition due to synthesis replication                 |     0 |
|    Addition due to physical synthesis replication        |     0 |
| Unused register locations in slices containing registers |    20 |
+----------------------------------------------------------+-------+
* Control sets can be merged at opt_design using control_set_merge or merge_equivalent_drivers
** Run report_qor_suggestions for automated merging and remapping suggestions


2. Histogram
------------

+--------------------+-------+
|       Fanout       | Count |
+--------------------+-------+
| Total control sets |    19 |
| >= 0 to < 4        |     2 |
| >= 4 to < 6        |     1 |
| >= 6 to < 8        |     0 |
| >= 8 to < 10       |    13 |
| >= 10 to < 12      |     0 |
| >= 12 to < 14      |     0 |
| >= 14 to < 16      |     1 |
| >= 16              |     2 |
+--------------------+-------+
* Control sets can be remapped at either synth_design or opt_design


3. Flip-Flop Distribution
-------------------------

+--------------+-----------------------+------------------------+-----------------+--------------+
| Clock Enable | Synchronous Set/Reset | Asynchronous Set/Reset | Total Registers | Total Slices |
+--------------+-----------------------+------------------------+-----------------+--------------+
| No           | No                    | No                     |               0 |            0 |
| No           | No                    | Yes                    |               0 |            0 |
| No           | Yes                   | No                     |              21 |            6 |
| Yes          | No                    | No                     |               0 |            0 |
| Yes          | No                    | Yes                    |               0 |            0 |
| Yes          | Yes                   | No                     |             159 |           31 |
+--------------+-----------------------+------------------------+-----------------+--------------+


4. Detailed Control Set Information
-----------------------------------

+---------------------+------------------------------------------------------+--------------------------------+------------------+----------------+--------------+
|     Clock Signal    |                     Enable Signal                    |        Set/Reset Signal        | Slice Load Count | Bel Load Count | Bels / Slice |
+---------------------+------------------------------------------------------+--------------------------------+------------------+----------------+--------------+
|  ps2_aclk_IBUF_BUFG | ps2AXI_v1_0_PS2_inst/axi_arready0                    | ps2AXI_v1_0_PS2_inst/ps2/reset |                1 |              2 |         2.00 |
|  ps2_aclk_IBUF_BUFG | ps2AXI_v1_0_PS2_inst/axi_awready0                    | ps2AXI_v1_0_PS2_inst/ps2/reset |                1 |              2 |         2.00 |
|  ps2_aclk_IBUF_BUFG | ps2AXI_v1_0_PS2_inst/ps2/FSM_onehot_state[3]_i_2_n_0 | ps2AXI_v1_0_PS2_inst/ps2/reset |                1 |              4 |         4.00 |
|  ps2_aclk_IBUF_BUFG | ps2AXI_v1_0_PS2_inst/slv_reg1[7]_i_1_n_0             | ps2AXI_v1_0_PS2_inst/ps2/reset |                1 |              8 |         8.00 |
|  ps2_aclk_IBUF_BUFG | ps2AXI_v1_0_PS2_inst/slv_reg3[31]_i_1_n_0            | ps2AXI_v1_0_PS2_inst/ps2/reset |                3 |              8 |         2.67 |
|  ps2_aclk_IBUF_BUFG | ps2AXI_v1_0_PS2_inst/slv_reg2[7]_i_1_n_0             | ps2AXI_v1_0_PS2_inst/ps2/reset |                1 |              8 |         8.00 |
|  ps2_aclk_IBUF_BUFG | ps2AXI_v1_0_PS2_inst/slv_reg2[23]_i_1_n_0            | ps2AXI_v1_0_PS2_inst/ps2/reset |                1 |              8 |         8.00 |
|  ps2_aclk_IBUF_BUFG | ps2AXI_v1_0_PS2_inst/slv_reg3[23]_i_1_n_0            | ps2AXI_v1_0_PS2_inst/ps2/reset |                1 |              8 |         8.00 |
|  ps2_aclk_IBUF_BUFG | ps2AXI_v1_0_PS2_inst/slv_reg3[15]_i_1_n_0            | ps2AXI_v1_0_PS2_inst/ps2/reset |                1 |              8 |         8.00 |
|  ps2_aclk_IBUF_BUFG | ps2AXI_v1_0_PS2_inst/slv_reg2[31]_i_1_n_0            | ps2AXI_v1_0_PS2_inst/ps2/reset |                1 |              8 |         8.00 |
|  ps2_aclk_IBUF_BUFG | ps2AXI_v1_0_PS2_inst/slv_reg1[23]_i_1_n_0            | ps2AXI_v1_0_PS2_inst/ps2/reset |                1 |              8 |         8.00 |
|  ps2_aclk_IBUF_BUFG | ps2AXI_v1_0_PS2_inst/slv_reg1[15]_i_1_n_0            | ps2AXI_v1_0_PS2_inst/ps2/reset |                1 |              8 |         8.00 |
|  ps2_aclk_IBUF_BUFG | ps2AXI_v1_0_PS2_inst/slv_reg2[15]_i_1_n_0            | ps2AXI_v1_0_PS2_inst/ps2/reset |                1 |              8 |         8.00 |
|  ps2_aclk_IBUF_BUFG | ps2AXI_v1_0_PS2_inst/ps2/key[7]_i_1_n_0              | ps2AXI_v1_0_PS2_inst/ps2/reset |                3 |              8 |         2.67 |
|  ps2_aclk_IBUF_BUFG | ps2AXI_v1_0_PS2_inst/slv_reg1[31]_i_1_n_0            | ps2AXI_v1_0_PS2_inst/ps2/reset |                1 |              8 |         8.00 |
|  ps2_aclk_IBUF_BUFG | ps2AXI_v1_0_PS2_inst/slv_reg3[7]_i_1_n_0             | ps2AXI_v1_0_PS2_inst/ps2/reset |                1 |              8 |         8.00 |
|  ps2_aclk_IBUF_BUFG | ps2AXI_v1_0_PS2_inst/ps2/counter[3]_i_1_n_0          | ps2AXI_v1_0_PS2_inst/ps2/reset |                3 |             15 |         5.00 |
|  ps2_aclk_IBUF_BUFG |                                                      | ps2AXI_v1_0_PS2_inst/ps2/reset |                6 |             21 |         3.50 |
|  ps2_aclk_IBUF_BUFG | ps2AXI_v1_0_PS2_inst/slv_reg_rden__0                 | ps2AXI_v1_0_PS2_inst/ps2/reset |                8 |             32 |         4.00 |
+---------------------+------------------------------------------------------+--------------------------------+------------------+----------------+--------------+


