Vivado Simulator v2023.1
Copyright 1986-2022 Xilinx, Inc. All Rights Reserved.
Copyright 2022-2023 Advanced Micro Devices, Inc. All Rights Reserved.
Running: /tools/Xilinx/Vivado/2023.1/bin/unwrapped/lnx64.o/xelab --incr --debug typical --relax --mt 8 -L xil_defaultlib -L unisims_ver -L unimacro_ver -L secureip -L xpm --snapshot uartTb_behav xil_defaultlib.uartTb xil_defaultlib.glbl -log elaborate.log 
Using 8 slave threads.
Starting static elaboration
Pass Through NonSizing Optimizer
WARNING: [VRFC 10-3091] actual bit length 5 differs from formal bit length 4 for port 's00_axi_awaddr' [/home/araujoj/Documents/VivadoProjects/VeSPA/Vivado/uart_axi/uart_axi.srcs/sources_1/new/uartAxi.v:157]
WARNING: [VRFC 10-3091] actual bit length 5 differs from formal bit length 4 for port 's00_axi_araddr' [/home/araujoj/Documents/VivadoProjects/VeSPA/Vivado/uart_axi/uart_axi.srcs/sources_1/new/uartAxi.v:168]
Completed static elaboration
Starting simulation data flow analysis
Completed simulation data flow analysis
Time Resolution for simulation is 1ps
Compiling module xil_defaultlib.uart_baudrate_generator
Compiling module xil_defaultlib.uart_tx
Compiling module xil_defaultlib.uart_rx
Compiling module xil_defaultlib.uart
Compiling module xil_defaultlib.uart_axi_slave_v3_0_S00_AXI_defa...
Compiling module xil_defaultlib.uart_axi_slave_v3_0
Compiling module xil_defaultlib.uart_axi_slave_0
Compiling module xil_defaultlib.uartAxi
Compiling module xil_defaultlib.testUart
Compiling module xil_defaultlib.uartTb
Compiling module xil_defaultlib.glbl
Built simulation snapshot uartTb_behav
