
*** Running vivado
    with args -log ps2_design_ps2AXI_0_0.vds -m64 -product Vivado -mode batch -messageDb vivado.pb -notrace -source ps2_design_ps2AXI_0_0.tcl


****** Vivado v2023.1 (64-bit)
  **** SW Build 3865809 on Sun May  7 15:04:56 MDT 2023
  **** IP Build 3864474 on Sun May  7 20:36:21 MDT 2023
  **** SharedData Build 3865790 on Sun May 07 13:33:03 MDT 2023
    ** Copyright 1986-2022 Xilinx, Inc. All Rights Reserved.
    ** Copyright 2022-2023 Advanced Micro Devices, Inc. All Rights Reserved.

source ps2_design_ps2AXI_0_0.tcl -notrace
INFO: [IP_Flow 19-234] Refreshing IP repositories
INFO: [IP_Flow 19-1700] Loaded user IP repository '/home/tiago/Documents'.
WARNING: [IP_Flow 19-3656] If you move the project, the path for repository '/home/tiago/Documents' may become invalid. A better location for the repository would be in a path adjacent to the project. (Current project location is '/home/tiago/Documents/PS2 AXI/ps2_axi.runs/ps2_design_ps2AXI_0_0_synth_1'.)
INFO: [IP_Flow 19-2313] Loaded Vivado IP repository '/tools/Xilinx/Vivado/2023.1/data/ip'.
INFO: [IP_Flow 19-6924] IPCACHE: Running cache check for IP inst: ps2_design_ps2AXI_0_0
Command: synth_design -top ps2_design_ps2AXI_0_0 -part xc7z010clg400-1 -incremental_mode off -mode out_of_context
Starting synth_design
Attempting to get a license for feature 'Synthesis' and/or device 'xc7z010'
INFO: [Common 17-349] Got license for feature 'Synthesis' and/or device 'xc7z010'
INFO: [Device 21-403] Loading part xc7z010clg400-1
INFO: [Synth 8-7079] Multithreading enabled for synth_design using a maximum of 4 processes.
INFO: [Synth 8-7078] Launching helper process for spawning children vivado processes
INFO: [Synth 8-7075] Helper process launched with PID 33274
---------------------------------------------------------------------------------
Starting RTL Elaboration : Time (s): cpu = 00:00:03 ; elapsed = 00:00:03 . Memory (MB): peak = 2031.301 ; gain = 377.770 ; free physical = 5993 ; free virtual = 15246
---------------------------------------------------------------------------------
INFO: [Synth 8-6157] synthesizing module 'ps2_design_ps2AXI_0_0' [/home/tiago/Documents/PS2 AXI/ps2_axi.gen/sources_1/bd/ps2_design/ip/ps2_design_ps2AXI_0_0/synth/ps2_design_ps2AXI_0_0.v:53]
INFO: [Synth 8-6157] synthesizing module 'ps2AXI_v1_0' [/home/tiago/Documents/PS2 AXI/ps2_axi.gen/sources_1/bd/ps2_design/ipshared/142a/hdl/ps2AXI_v1_0.v:4]
INFO: [Synth 8-6157] synthesizing module 'ps2AXI_v1_0_PS2' [/home/tiago/Documents/PS2 AXI/ps2_axi.gen/sources_1/bd/ps2_design/ipshared/142a/hdl/ps2AXI_v1_0_PS2.v:4]
INFO: [Synth 8-226] default block is never used [/home/tiago/Documents/PS2 AXI/ps2_axi.gen/sources_1/bd/ps2_design/ipshared/142a/hdl/ps2AXI_v1_0_PS2.v:233]
INFO: [Synth 8-226] default block is never used [/home/tiago/Documents/PS2 AXI/ps2_axi.gen/sources_1/bd/ps2_design/ipshared/142a/hdl/ps2AXI_v1_0_PS2.v:374]
INFO: [Synth 8-6157] synthesizing module 'ps2_new' [/home/tiago/Documents/PS2 AXI/ps2_axi.gen/sources_1/bd/ps2_design/ipshared/142a/src/ps2_new.v:21]
INFO: [Synth 8-226] default block is never used [/home/tiago/Documents/PS2 AXI/ps2_axi.gen/sources_1/bd/ps2_design/ipshared/142a/src/ps2_new.v:63]
INFO: [Synth 8-6155] done synthesizing module 'ps2_new' (0#1) [/home/tiago/Documents/PS2 AXI/ps2_axi.gen/sources_1/bd/ps2_design/ipshared/142a/src/ps2_new.v:21]
INFO: [Synth 8-6155] done synthesizing module 'ps2AXI_v1_0_PS2' (0#1) [/home/tiago/Documents/PS2 AXI/ps2_axi.gen/sources_1/bd/ps2_design/ipshared/142a/hdl/ps2AXI_v1_0_PS2.v:4]
INFO: [Synth 8-6155] done synthesizing module 'ps2AXI_v1_0' (0#1) [/home/tiago/Documents/PS2 AXI/ps2_axi.gen/sources_1/bd/ps2_design/ipshared/142a/hdl/ps2AXI_v1_0.v:4]
INFO: [Synth 8-6155] done synthesizing module 'ps2_design_ps2AXI_0_0' (0#1) [/home/tiago/Documents/PS2 AXI/ps2_axi.gen/sources_1/bd/ps2_design/ip/ps2_design_ps2AXI_0_0/synth/ps2_design_ps2AXI_0_0.v:53]
WARNING: [Synth 8-6014] Unused sequential element slv_reg0_reg was removed.  [/home/tiago/Documents/PS2 AXI/ps2_axi.gen/sources_1/bd/ps2_design/ipshared/142a/hdl/ps2AXI_v1_0_PS2.v:225]
WARNING: [Synth 8-7129] Port S_AXI_AWPROT[2] in module ps2AXI_v1_0_PS2 is either unconnected or has no load
WARNING: [Synth 8-7129] Port S_AXI_AWPROT[1] in module ps2AXI_v1_0_PS2 is either unconnected or has no load
WARNING: [Synth 8-7129] Port S_AXI_AWPROT[0] in module ps2AXI_v1_0_PS2 is either unconnected or has no load
WARNING: [Synth 8-7129] Port S_AXI_ARPROT[2] in module ps2AXI_v1_0_PS2 is either unconnected or has no load
WARNING: [Synth 8-7129] Port S_AXI_ARPROT[1] in module ps2AXI_v1_0_PS2 is either unconnected or has no load
WARNING: [Synth 8-7129] Port S_AXI_ARPROT[0] in module ps2AXI_v1_0_PS2 is either unconnected or has no load
---------------------------------------------------------------------------------
Finished RTL Elaboration : Time (s): cpu = 00:00:04 ; elapsed = 00:00:05 . Memory (MB): peak = 2098.270 ; gain = 444.738 ; free physical = 5902 ; free virtual = 15156
---------------------------------------------------------------------------------
---------------------------------------------------------------------------------
Start Handling Custom Attributes
---------------------------------------------------------------------------------
---------------------------------------------------------------------------------
Finished Handling Custom Attributes : Time (s): cpu = 00:00:04 ; elapsed = 00:00:05 . Memory (MB): peak = 2116.082 ; gain = 462.551 ; free physical = 5900 ; free virtual = 15154
---------------------------------------------------------------------------------
---------------------------------------------------------------------------------
Finished RTL Optimization Phase 1 : Time (s): cpu = 00:00:04 ; elapsed = 00:00:05 . Memory (MB): peak = 2116.082 ; gain = 462.551 ; free physical = 5900 ; free virtual = 15154
---------------------------------------------------------------------------------
Netlist sorting complete. Time (s): cpu = 00:00:00 ; elapsed = 00:00:00 . Memory (MB): peak = 2116.082 ; gain = 0.000 ; free physical = 5900 ; free virtual = 15154
INFO: [Project 1-570] Preparing netlist for logic optimization

Processing XDC Constraints
Initializing timing engine
Completed Processing XDC Constraints

Netlist sorting complete. Time (s): cpu = 00:00:00 ; elapsed = 00:00:00 . Memory (MB): peak = 2255.863 ; gain = 0.000 ; free physical = 5891 ; free virtual = 15145
INFO: [Project 1-111] Unisim Transformation Summary:
No Unisim elements were transformed.

Constraint Validation Runtime : Time (s): cpu = 00:00:00.03 ; elapsed = 00:00:00.02 . Memory (MB): peak = 2255.863 ; gain = 0.000 ; free physical = 5891 ; free virtual = 15145
INFO: [Designutils 20-5008] Incremental synthesis strategy off
---------------------------------------------------------------------------------
Finished Constraint Validation : Time (s): cpu = 00:00:09 ; elapsed = 00:00:10 . Memory (MB): peak = 2255.863 ; gain = 602.332 ; free physical = 5889 ; free virtual = 15143
---------------------------------------------------------------------------------
---------------------------------------------------------------------------------
Start Loading Part and Timing Information
---------------------------------------------------------------------------------
Loading part: xc7z010clg400-1
---------------------------------------------------------------------------------
Finished Loading Part and Timing Information : Time (s): cpu = 00:00:09 ; elapsed = 00:00:10 . Memory (MB): peak = 2255.863 ; gain = 602.332 ; free physical = 5889 ; free virtual = 15143
---------------------------------------------------------------------------------
---------------------------------------------------------------------------------
Start Applying 'set_property' XDC Constraints
---------------------------------------------------------------------------------
---------------------------------------------------------------------------------
Finished applying 'set_property' XDC Constraints : Time (s): cpu = 00:00:09 ; elapsed = 00:00:10 . Memory (MB): peak = 2255.863 ; gain = 602.332 ; free physical = 5889 ; free virtual = 15143
---------------------------------------------------------------------------------
INFO: [Synth 8-802] inferred FSM for state register 'state_reg' in module 'ps2_new'
---------------------------------------------------------------------------------------------------
                   State |                     New Encoding |                Previous Encoding 
---------------------------------------------------------------------------------------------------
                  S_IDLE |                             0001 |                               01
               S_RECEIVE |                             0010 |                               10
           S_CHECK_ERROR |                             0100 |                               11
                 S_CLEAN |                             1000 |                               00
---------------------------------------------------------------------------------------------------
INFO: [Synth 8-3354] encoded FSM with state register 'state_reg' using encoding 'one-hot' in module 'ps2_new'
---------------------------------------------------------------------------------
Finished RTL Optimization Phase 2 : Time (s): cpu = 00:00:09 ; elapsed = 00:00:10 . Memory (MB): peak = 2255.863 ; gain = 602.332 ; free physical = 5887 ; free virtual = 15142
---------------------------------------------------------------------------------
---------------------------------------------------------------------------------
Start RTL Component Statistics 
---------------------------------------------------------------------------------
Detailed RTL Component Info : 
+---Adders : 
	   2 Input    4 Bit       Adders := 1     
+---XORs : 
	   2 Input      1 Bit         XORs := 1     
+---Registers : 
	               32 Bit    Registers := 4     
	               11 Bit    Registers := 1     
	                8 Bit    Registers := 1     
	                4 Bit    Registers := 3     
	                2 Bit    Registers := 2     
	                1 Bit    Registers := 9     
+---Muxes : 
	   2 Input   32 Bit        Muxes := 3     
	   4 Input   32 Bit        Muxes := 4     
	   4 Input   12 Bit        Muxes := 1     
	   4 Input   11 Bit        Muxes := 1     
	   4 Input    4 Bit        Muxes := 1     
	   2 Input    1 Bit        Muxes := 7     
	   4 Input    1 Bit        Muxes := 9     
---------------------------------------------------------------------------------
Finished RTL Component Statistics 
---------------------------------------------------------------------------------
---------------------------------------------------------------------------------
Start Part Resource Summary
---------------------------------------------------------------------------------
Part Resources:
DSPs: 80 (col length:40)
BRAMs: 120 (col length: RAMB18 40 RAMB36 20)
---------------------------------------------------------------------------------
Finished Part Resource Summary
---------------------------------------------------------------------------------
---------------------------------------------------------------------------------
Start Cross Boundary and Area Optimization
---------------------------------------------------------------------------------
WARNING: [Synth 8-7080] Parallel synthesis criteria is not met
WARNING: [Synth 8-7129] Port ps2_awprot[2] in module ps2_design_ps2AXI_0_0 is either unconnected or has no load
WARNING: [Synth 8-7129] Port ps2_awprot[1] in module ps2_design_ps2AXI_0_0 is either unconnected or has no load
WARNING: [Synth 8-7129] Port ps2_awprot[0] in module ps2_design_ps2AXI_0_0 is either unconnected or has no load
WARNING: [Synth 8-7129] Port ps2_arprot[2] in module ps2_design_ps2AXI_0_0 is either unconnected or has no load
WARNING: [Synth 8-7129] Port ps2_arprot[1] in module ps2_design_ps2AXI_0_0 is either unconnected or has no load
WARNING: [Synth 8-7129] Port ps2_arprot[0] in module ps2_design_ps2AXI_0_0 is either unconnected or has no load
---------------------------------------------------------------------------------
Finished Cross Boundary and Area Optimization : Time (s): cpu = 00:00:11 ; elapsed = 00:00:11 . Memory (MB): peak = 2255.863 ; gain = 602.332 ; free physical = 5869 ; free virtual = 15124
---------------------------------------------------------------------------------
---------------------------------------------------------------------------------
Start Applying XDC Timing Constraints
---------------------------------------------------------------------------------
---------------------------------------------------------------------------------
Finished Applying XDC Timing Constraints : Time (s): cpu = 00:00:15 ; elapsed = 00:00:15 . Memory (MB): peak = 2255.863 ; gain = 602.332 ; free physical = 5868 ; free virtual = 15123
---------------------------------------------------------------------------------
---------------------------------------------------------------------------------
Start Timing Optimization
---------------------------------------------------------------------------------
---------------------------------------------------------------------------------
Finished Timing Optimization : Time (s): cpu = 00:00:15 ; elapsed = 00:00:15 . Memory (MB): peak = 2255.863 ; gain = 602.332 ; free physical = 5868 ; free virtual = 15123
---------------------------------------------------------------------------------
---------------------------------------------------------------------------------
Start Technology Mapping
---------------------------------------------------------------------------------
---------------------------------------------------------------------------------
Finished Technology Mapping : Time (s): cpu = 00:00:15 ; elapsed = 00:00:15 . Memory (MB): peak = 2255.863 ; gain = 602.332 ; free physical = 5868 ; free virtual = 15123
---------------------------------------------------------------------------------
---------------------------------------------------------------------------------
Start IO Insertion
---------------------------------------------------------------------------------
---------------------------------------------------------------------------------
Start Flattening Before IO Insertion
---------------------------------------------------------------------------------
---------------------------------------------------------------------------------
Finished Flattening Before IO Insertion
---------------------------------------------------------------------------------
---------------------------------------------------------------------------------
Start Final Netlist Cleanup
---------------------------------------------------------------------------------
---------------------------------------------------------------------------------
Finished Final Netlist Cleanup
---------------------------------------------------------------------------------
---------------------------------------------------------------------------------
Finished IO Insertion : Time (s): cpu = 00:00:18 ; elapsed = 00:00:18 . Memory (MB): peak = 2255.863 ; gain = 602.332 ; free physical = 5869 ; free virtual = 15124
---------------------------------------------------------------------------------
---------------------------------------------------------------------------------
Start Renaming Generated Instances
---------------------------------------------------------------------------------
---------------------------------------------------------------------------------
Finished Renaming Generated Instances : Time (s): cpu = 00:00:18 ; elapsed = 00:00:18 . Memory (MB): peak = 2255.863 ; gain = 602.332 ; free physical = 5869 ; free virtual = 15124
---------------------------------------------------------------------------------
---------------------------------------------------------------------------------
Start Rebuilding User Hierarchy
---------------------------------------------------------------------------------
---------------------------------------------------------------------------------
Finished Rebuilding User Hierarchy : Time (s): cpu = 00:00:18 ; elapsed = 00:00:18 . Memory (MB): peak = 2255.863 ; gain = 602.332 ; free physical = 5869 ; free virtual = 15124
---------------------------------------------------------------------------------
---------------------------------------------------------------------------------
Start Renaming Generated Ports
---------------------------------------------------------------------------------
---------------------------------------------------------------------------------
Finished Renaming Generated Ports : Time (s): cpu = 00:00:18 ; elapsed = 00:00:18 . Memory (MB): peak = 2255.863 ; gain = 602.332 ; free physical = 5869 ; free virtual = 15124
---------------------------------------------------------------------------------
---------------------------------------------------------------------------------
Start Handling Custom Attributes
---------------------------------------------------------------------------------
---------------------------------------------------------------------------------
Finished Handling Custom Attributes : Time (s): cpu = 00:00:18 ; elapsed = 00:00:18 . Memory (MB): peak = 2255.863 ; gain = 602.332 ; free physical = 5869 ; free virtual = 15124
---------------------------------------------------------------------------------
---------------------------------------------------------------------------------
Start Renaming Generated Nets
---------------------------------------------------------------------------------
---------------------------------------------------------------------------------
Finished Renaming Generated Nets : Time (s): cpu = 00:00:18 ; elapsed = 00:00:18 . Memory (MB): peak = 2255.863 ; gain = 602.332 ; free physical = 5869 ; free virtual = 15124
---------------------------------------------------------------------------------
---------------------------------------------------------------------------------
Start Writing Synthesis Report
---------------------------------------------------------------------------------

Report BlackBoxes: 
+-+--------------+----------+
| |BlackBox name |Instances |
+-+--------------+----------+
+-+--------------+----------+

Report Cell Usage: 
+------+-------+------+
|      |Cell   |Count |
+------+-------+------+
|1     |CARRY4 |     3|
|2     |LUT1   |     1|
|3     |LUT2   |    20|
|4     |LUT3   |     4|
|5     |LUT4   |    22|
|6     |LUT5   |    29|
|7     |LUT6   |    23|
|8     |FDRE   |   176|
|9     |FDSE   |     4|
+------+-------+------+
---------------------------------------------------------------------------------
Finished Writing Synthesis Report : Time (s): cpu = 00:00:18 ; elapsed = 00:00:18 . Memory (MB): peak = 2255.863 ; gain = 602.332 ; free physical = 5869 ; free virtual = 15124
---------------------------------------------------------------------------------
Synthesis finished with 0 errors, 0 critical warnings and 7 warnings.
Synthesis Optimization Runtime : Time (s): cpu = 00:00:17 ; elapsed = 00:00:17 . Memory (MB): peak = 2255.863 ; gain = 462.551 ; free physical = 5868 ; free virtual = 15123
Synthesis Optimization Complete : Time (s): cpu = 00:00:18 ; elapsed = 00:00:18 . Memory (MB): peak = 2255.863 ; gain = 602.332 ; free physical = 5868 ; free virtual = 15123
INFO: [Project 1-571] Translating synthesized netlist
Netlist sorting complete. Time (s): cpu = 00:00:00 ; elapsed = 00:00:00.01 . Memory (MB): peak = 2255.863 ; gain = 0.000 ; free physical = 6150 ; free virtual = 15405
INFO: [Netlist 29-17] Analyzing 3 Unisim elements for replacement
INFO: [Netlist 29-28] Unisim Transformation completed in 0 CPU seconds
INFO: [Project 1-570] Preparing netlist for logic optimization
INFO: [Opt 31-138] Pushed 0 inverter(s) to 0 load pin(s).
Netlist sorting complete. Time (s): cpu = 00:00:00 ; elapsed = 00:00:00 . Memory (MB): peak = 2255.863 ; gain = 0.000 ; free physical = 6156 ; free virtual = 15410
INFO: [Project 1-111] Unisim Transformation Summary:
No Unisim elements were transformed.

Synth Design complete | Checksum: b9454cf9
INFO: [Common 17-83] Releasing license: Synthesis
32 Infos, 15 Warnings, 0 Critical Warnings and 0 Errors encountered.
synth_design completed successfully
INFO: [Common 17-600] The following parameters have non-default value.
tcl.statsThreshold
INFO: [Common 17-1381] The checkpoint '/home/tiago/Documents/PS2 AXI/ps2_axi.runs/ps2_design_ps2AXI_0_0_synth_1/ps2_design_ps2AXI_0_0.dcp' has been generated.
INFO: [Coretcl 2-1648] Added synthesis output to IP cache for IP ps2_design_ps2AXI_0_0, cache-ID = 15ae0513e5ade316
INFO: [Coretcl 2-1174] Renamed 3 cell refs.
INFO: [Common 17-1381] The checkpoint '/home/tiago/Documents/PS2 AXI/ps2_axi.runs/ps2_design_ps2AXI_0_0_synth_1/ps2_design_ps2AXI_0_0.dcp' has been generated.
INFO: [runtcl-4] Executing : report_utilization -file ps2_design_ps2AXI_0_0_utilization_synth.rpt -pb ps2_design_ps2AXI_0_0_utilization_synth.pb
INFO: [Common 17-206] Exiting Vivado at Mon Mar 11 11:54:51 2024...
