Copyright 1986-2022 Xilinx, Inc. All Rights Reserved. Copyright 2022-2023 Advanced Micro Devices, Inc. All Rights Reserved.
---------------------------------------------------------------------------------------------------------------------------------------------
| Tool Version : Vivado v.2023.1 (lin64) Build 3865809 Sun May  7 15:04:56 MDT 2023
| Date         : Fri Mar 22 17:13:49 2024
| Host         : goncalo-Swift-SFX14-41G running 64-bit Ubuntu 22.04.4 LTS
| Command      : report_control_sets -verbose -file timer_control_sets_placed.rpt
| Design       : timer
| Device       : xc7z010
---------------------------------------------------------------------------------------------------------------------------------------------

Control Set Information

Table of Contents
-----------------
1. Summary
2. Histogram
3. Flip-Flop Distribution
4. Detailed Control Set Information

1. Summary
----------

+----------------------------------------------------------+-------+
|                          Status                          | Count |
+----------------------------------------------------------+-------+
| Total control sets                                       |     6 |
|    Minimum number of control sets                        |     6 |
|    Addition due to synthesis replication                 |     0 |
|    Addition due to physical synthesis replication        |     0 |
| Unused register locations in slices containing registers |    20 |
+----------------------------------------------------------+-------+
* Control sets can be merged at opt_design using control_set_merge or merge_equivalent_drivers
** Run report_qor_suggestions for automated merging and remapping suggestions


2. Histogram
------------

+--------------------+-------+
|       Fanout       | Count |
+--------------------+-------+
| Total control sets |     6 |
| >= 0 to < 4        |     2 |
| >= 4 to < 6        |     1 |
| >= 6 to < 8        |     1 |
| >= 8 to < 10       |     0 |
| >= 10 to < 12      |     0 |
| >= 12 to < 14      |     0 |
| >= 14 to < 16      |     0 |
| >= 16              |     2 |
+--------------------+-------+
* Control sets can be remapped at either synth_design or opt_design


3. Flip-Flop Distribution
-------------------------

+--------------+-----------------------+------------------------+-----------------+--------------+
| Clock Enable | Synchronous Set/Reset | Asynchronous Set/Reset | Total Registers | Total Slices |
+--------------+-----------------------+------------------------+-----------------+--------------+
| No           | No                    | No                     |               7 |            4 |
| No           | No                    | Yes                    |               0 |            0 |
| No           | Yes                   | No                     |               0 |            0 |
| Yes          | No                    | No                     |              32 |           13 |
| Yes          | No                    | Yes                    |               0 |            0 |
| Yes          | Yes                   | No                     |              37 |           13 |
+--------------+-----------------------+------------------------+-----------------+--------------+


4. Detailed Control Set Information
-----------------------------------

+-----------------------+---------------------------------+---------------------------------+------------------+----------------+--------------+
|      Clock Signal     |          Enable Signal          |         Set/Reset Signal        | Slice Load Count | Bel Load Count | Bels / Slice |
+-----------------------+---------------------------------+---------------------------------+------------------+----------------+--------------+
|  clk_scaled_OBUF_BUFG | overflow_i_1_n_0                | rst_IBUF                        |                1 |              1 |         1.00 |
|  clk_IBUF_BUFG        |                                 |                                 |                1 |              1 |         1.00 |
|  clk_IBUF_BUFG        | inst_prescaler/count[3]_i_2_n_0 | inst_prescaler/count[3]_i_1_n_0 |                1 |              4 |         4.00 |
|  clk_scaled_OBUF_BUFG |                                 |                                 |                3 |              6 |         2.00 |
|  clk_scaled_OBUF_BUFG | count[31]_i_1_n_0               |                                 |               13 |             32 |         2.46 |
|  clk_scaled_OBUF_BUFG | preset                          | preset[31]_i_1_n_0              |               11 |             32 |         2.91 |
+-----------------------+---------------------------------+---------------------------------+------------------+----------------+--------------+


