Copyright 1986-2022 Xilinx, Inc. All Rights Reserved. Copyright 2022-2023 Advanced Micro Devices, Inc. All Rights Reserved.
------------------------------------------------------------------------------------------------------------------------------------------------------------------------------------------------------------
| Tool Version : Vivado v.2023.1 (lin64) Build 3865809 Sun May  7 15:04:56 MDT 2023
| Date         : Fri Mar 22 17:14:01 2024
| Host         : goncalo-Swift-SFX14-41G running 64-bit Ubuntu 22.04.4 LTS
| Command      : report_timing_summary -max_paths 10 -report_unconstrained -file timer_timing_summary_routed.rpt -pb timer_timing_summary_routed.pb -rpx timer_timing_summary_routed.rpx -warn_on_violation
| Design       : timer
| Device       : 7z010-clg400
| Speed File   : -1  PRODUCTION 1.12 2019-11-22
| Design State : Routed
------------------------------------------------------------------------------------------------------------------------------------------------------------------------------------------------------------

Timing Summary Report

------------------------------------------------------------------------------------------------
| Timer Settings
| --------------
------------------------------------------------------------------------------------------------

  Enable Multi Corner Analysis               :  Yes
  Enable Pessimism Removal                   :  Yes
  Pessimism Removal Resolution               :  Nearest Common Node
  Enable Input Delay Default Clock           :  No
  Enable Preset / Clear Arcs                 :  No
  Disable Flight Delays                      :  No
  Ignore I/O Paths                           :  No
  Timing Early Launch at Borrowing Latches   :  No
  Borrow Time for Max Delay Exceptions       :  Yes
  Merge Timing Exceptions                    :  Yes

  Corner  Analyze    Analyze    
  Name    Max Paths  Min Paths  
  ------  ---------  ---------  
  Slow    Yes        Yes        
  Fast    Yes        Yes        


------------------------------------------------------------------------------------------------
| Report Methodology
| ------------------
------------------------------------------------------------------------------------------------

Rule       Severity          Description                  Violations  
---------  ----------------  ---------------------------  ----------  
TIMING-17  Critical Warning  Non-clocked sequential cell  76          

Note: This report is based on the most recent report_methodology run and may not be up-to-date. Run report_methodology on the current design for the latest report.



check_timing report

Table of Contents
-----------------
1. checking no_clock (76)
2. checking constant_clock (0)
3. checking pulse_width_clock (0)
4. checking unconstrained_internal_endpoints (182)
5. checking no_input_delay (42)
6. checking no_output_delay (3)
7. checking multiple_clock (0)
8. checking generated_clocks (0)
9. checking loops (0)
10. checking partial_input_delay (0)
11. checking partial_output_delay (0)
12. checking latch_loops (0)

1. checking no_clock (76)
-------------------------
 There are 5 register/latch pins with no clock driven by root clock pin: clk (HIGH)

 There are 71 register/latch pins with no clock driven by root clock pin: inst_prescaler/clk_scaled_reg/Q (HIGH)


2. checking constant_clock (0)
------------------------------
 There are 0 register/latch pins with constant_clock.


3. checking pulse_width_clock (0)
---------------------------------
 There are 0 register/latch pins which need pulse_width check


4. checking unconstrained_internal_endpoints (182)
--------------------------------------------------
 There are 182 pins that are not constrained for maximum delay. (HIGH)

 There are 0 pins that are not constrained for maximum delay due to constant clock.


5. checking no_input_delay (42)
-------------------------------
 There are 42 input ports with no input delay specified. (HIGH)

 There are 0 input ports with no input delay but user has a false path constraint.


6. checking no_output_delay (3)
-------------------------------
 There are 3 ports with no output delay specified. (HIGH)

 There are 0 ports with no output delay but user has a false path constraint

 There are 0 ports with no output delay but with a timing clock defined on it or propagating through it


7. checking multiple_clock (0)
------------------------------
 There are 0 register/latch pins with multiple clocks.


8. checking generated_clocks (0)
--------------------------------
 There are 0 generated clocks that are not connected to a clock source.


9. checking loops (0)
---------------------
 There are 0 combinational loops in the design.


10. checking partial_input_delay (0)
------------------------------------
 There are 0 input ports with partial input delay specified.


11. checking partial_output_delay (0)
-------------------------------------
 There are 0 ports with partial output delay specified.


12. checking latch_loops (0)
----------------------------
 There are 0 combinational latch loops in the design through latch input



------------------------------------------------------------------------------------------------
| Design Timing Summary
| ---------------------
------------------------------------------------------------------------------------------------

    WNS(ns)      TNS(ns)  TNS Failing Endpoints  TNS Total Endpoints      WHS(ns)      THS(ns)  THS Failing Endpoints  THS Total Endpoints     WPWS(ns)     TPWS(ns)  TPWS Failing Endpoints  TPWS Total Endpoints  
    -------      -------  ---------------------  -------------------      -------      -------  ---------------------  -------------------     --------     --------  ----------------------  --------------------  
        inf        0.000                      0                  185          inf        0.000                      0                  185           NA           NA                      NA                    NA  


There are no user specified timing constraints.


------------------------------------------------------------------------------------------------
| Clock Summary
| -------------
------------------------------------------------------------------------------------------------


------------------------------------------------------------------------------------------------
| Intra Clock Table
| -----------------
------------------------------------------------------------------------------------------------

Clock             WNS(ns)      TNS(ns)  TNS Failing Endpoints  TNS Total Endpoints      WHS(ns)      THS(ns)  THS Failing Endpoints  THS Total Endpoints     WPWS(ns)     TPWS(ns)  TPWS Failing Endpoints  TPWS Total Endpoints  
-----             -------      -------  ---------------------  -------------------      -------      -------  ---------------------  -------------------     --------     --------  ----------------------  --------------------  


------------------------------------------------------------------------------------------------
| Inter Clock Table
| -----------------
------------------------------------------------------------------------------------------------

From Clock    To Clock          WNS(ns)      TNS(ns)  TNS Failing Endpoints  TNS Total Endpoints      WHS(ns)      THS(ns)  THS Failing Endpoints  THS Total Endpoints  
----------    --------          -------      -------  ---------------------  -------------------      -------      -------  ---------------------  -------------------  


------------------------------------------------------------------------------------------------
| Other Path Groups Table
| -----------------------
------------------------------------------------------------------------------------------------

Path Group    From Clock    To Clock          WNS(ns)      TNS(ns)  TNS Failing Endpoints  TNS Total Endpoints      WHS(ns)      THS(ns)  THS Failing Endpoints  THS Total Endpoints  
----------    ----------    --------          -------      -------  ---------------------  -------------------      -------      -------  ---------------------  -------------------  


------------------------------------------------------------------------------------------------
| User Ignored Path Table
| -----------------------
------------------------------------------------------------------------------------------------

Path Group    From Clock    To Clock    
----------    ----------    --------    


------------------------------------------------------------------------------------------------
| Unconstrained Path Table
| ------------------------
------------------------------------------------------------------------------------------------

Path Group    From Clock    To Clock    
----------    ----------    --------    
(none)                                    


------------------------------------------------------------------------------------------------
| Timing Details
| --------------
------------------------------------------------------------------------------------------------


--------------------------------------------------------------------------------------
Path Group:  (none)
From Clock:  
  To Clock:  

Max Delay           185 Endpoints
Min Delay           185 Endpoints
--------------------------------------------------------------------------------------


Max Delay Paths
--------------------------------------------------------------------------------------
Slack:                    inf
  Source:                 timer_start[0]
                            (input port)
  Destination:            count_reg[14]/CE
  Path Group:             (none)
  Path Type:              Max at Slow Process Corner
  Data Path Delay:        8.515ns  (logic 2.407ns (28.271%)  route 6.107ns (71.729%))
  Logic Levels:           7  (CARRY4=3 IBUF=1 LUT5=2 LUT6=1)

    Location             Delay type                Incr(ns)  Path(ns)    Netlist Resource(s)
  -------------------------------------------------------------------    -------------------
    P18                                               0.000     0.000 r  timer_start[0] (IN)
                         net (fo=0)                   0.000     0.000    timer_start[0]
    P18                  IBUF (Prop_ibuf_I_O)         0.972     0.972 r  timer_start_IBUF[0]_inst/O
                         net (fo=7, routed)           2.599     3.571    timer_start_IBUF[0]
    SLICE_X37Y20         LUT6 (Prop_lut6_I3_O)        0.124     3.695 r  preset[31]_i_64/O
                         net (fo=1, routed)           0.000     3.695    preset[31]_i_64_n_0
    SLICE_X37Y20         CARRY4 (Prop_carry4_S[0]_CO[3])
                                                      0.532     4.227 r  preset_reg[31]_i_47/CO[3]
                         net (fo=1, routed)           0.000     4.227    preset_reg[31]_i_47_n_0
    SLICE_X37Y21         CARRY4 (Prop_carry4_CI_CO[3])
                                                      0.114     4.341 r  preset_reg[31]_i_32/CO[3]
                         net (fo=1, routed)           0.000     4.341    preset_reg[31]_i_32_n_0
    SLICE_X37Y22         CARRY4 (Prop_carry4_CI_CO[2])
                                                      0.228     4.569 r  preset_reg[31]_i_11/CO[2]
                         net (fo=4, routed)           0.431     5.000    preset_reg[31]_i_11_n_1
    SLICE_X36Y23         LUT5 (Prop_lut5_I0_O)        0.313     5.313 r  count[31]_i_4/O
                         net (fo=3, routed)           1.151     6.464    count[31]_i_4_n_0
    SLICE_X40Y26         LUT5 (Prop_lut5_I3_O)        0.124     6.588 r  count[31]_i_1/O
                         net (fo=32, routed)          1.926     8.515    count[31]_i_1_n_0
    SLICE_X41Y18         FDRE                                         r  count_reg[14]/CE
  -------------------------------------------------------------------    -------------------

Slack:                    inf
  Source:                 timer_start[0]
                            (input port)
  Destination:            count_reg[4]/CE
  Path Group:             (none)
  Path Type:              Max at Slow Process Corner
  Data Path Delay:        8.515ns  (logic 2.407ns (28.271%)  route 6.107ns (71.729%))
  Logic Levels:           7  (CARRY4=3 IBUF=1 LUT5=2 LUT6=1)

    Location             Delay type                Incr(ns)  Path(ns)    Netlist Resource(s)
  -------------------------------------------------------------------    -------------------
    P18                                               0.000     0.000 r  timer_start[0] (IN)
                         net (fo=0)                   0.000     0.000    timer_start[0]
    P18                  IBUF (Prop_ibuf_I_O)         0.972     0.972 r  timer_start_IBUF[0]_inst/O
                         net (fo=7, routed)           2.599     3.571    timer_start_IBUF[0]
    SLICE_X37Y20         LUT6 (Prop_lut6_I3_O)        0.124     3.695 r  preset[31]_i_64/O
                         net (fo=1, routed)           0.000     3.695    preset[31]_i_64_n_0
    SLICE_X37Y20         CARRY4 (Prop_carry4_S[0]_CO[3])
                                                      0.532     4.227 r  preset_reg[31]_i_47/CO[3]
                         net (fo=1, routed)           0.000     4.227    preset_reg[31]_i_47_n_0
    SLICE_X37Y21         CARRY4 (Prop_carry4_CI_CO[3])
                                                      0.114     4.341 r  preset_reg[31]_i_32/CO[3]
                         net (fo=1, routed)           0.000     4.341    preset_reg[31]_i_32_n_0
    SLICE_X37Y22         CARRY4 (Prop_carry4_CI_CO[2])
                                                      0.228     4.569 r  preset_reg[31]_i_11/CO[2]
                         net (fo=4, routed)           0.431     5.000    preset_reg[31]_i_11_n_1
    SLICE_X36Y23         LUT5 (Prop_lut5_I0_O)        0.313     5.313 r  count[31]_i_4/O
                         net (fo=3, routed)           1.151     6.464    count[31]_i_4_n_0
    SLICE_X40Y26         LUT5 (Prop_lut5_I3_O)        0.124     6.588 r  count[31]_i_1/O
                         net (fo=32, routed)          1.926     8.515    count[31]_i_1_n_0
    SLICE_X41Y18         FDRE                                         r  count_reg[4]/CE
  -------------------------------------------------------------------    -------------------

Slack:                    inf
  Source:                 timer_start[0]
                            (input port)
  Destination:            count_reg[5]/CE
  Path Group:             (none)
  Path Type:              Max at Slow Process Corner
  Data Path Delay:        8.515ns  (logic 2.407ns (28.271%)  route 6.107ns (71.729%))
  Logic Levels:           7  (CARRY4=3 IBUF=1 LUT5=2 LUT6=1)

    Location             Delay type                Incr(ns)  Path(ns)    Netlist Resource(s)
  -------------------------------------------------------------------    -------------------
    P18                                               0.000     0.000 r  timer_start[0] (IN)
                         net (fo=0)                   0.000     0.000    timer_start[0]
    P18                  IBUF (Prop_ibuf_I_O)         0.972     0.972 r  timer_start_IBUF[0]_inst/O
                         net (fo=7, routed)           2.599     3.571    timer_start_IBUF[0]
    SLICE_X37Y20         LUT6 (Prop_lut6_I3_O)        0.124     3.695 r  preset[31]_i_64/O
                         net (fo=1, routed)           0.000     3.695    preset[31]_i_64_n_0
    SLICE_X37Y20         CARRY4 (Prop_carry4_S[0]_CO[3])
                                                      0.532     4.227 r  preset_reg[31]_i_47/CO[3]
                         net (fo=1, routed)           0.000     4.227    preset_reg[31]_i_47_n_0
    SLICE_X37Y21         CARRY4 (Prop_carry4_CI_CO[3])
                                                      0.114     4.341 r  preset_reg[31]_i_32/CO[3]
                         net (fo=1, routed)           0.000     4.341    preset_reg[31]_i_32_n_0
    SLICE_X37Y22         CARRY4 (Prop_carry4_CI_CO[2])
                                                      0.228     4.569 r  preset_reg[31]_i_11/CO[2]
                         net (fo=4, routed)           0.431     5.000    preset_reg[31]_i_11_n_1
    SLICE_X36Y23         LUT5 (Prop_lut5_I0_O)        0.313     5.313 r  count[31]_i_4/O
                         net (fo=3, routed)           1.151     6.464    count[31]_i_4_n_0
    SLICE_X40Y26         LUT5 (Prop_lut5_I3_O)        0.124     6.588 r  count[31]_i_1/O
                         net (fo=32, routed)          1.926     8.515    count[31]_i_1_n_0
    SLICE_X41Y18         FDRE                                         r  count_reg[5]/CE
  -------------------------------------------------------------------    -------------------

Slack:                    inf
  Source:                 timer_start[0]
                            (input port)
  Destination:            count_reg[7]/CE
  Path Group:             (none)
  Path Type:              Max at Slow Process Corner
  Data Path Delay:        8.515ns  (logic 2.407ns (28.271%)  route 6.107ns (71.729%))
  Logic Levels:           7  (CARRY4=3 IBUF=1 LUT5=2 LUT6=1)

    Location             Delay type                Incr(ns)  Path(ns)    Netlist Resource(s)
  -------------------------------------------------------------------    -------------------
    P18                                               0.000     0.000 r  timer_start[0] (IN)
                         net (fo=0)                   0.000     0.000    timer_start[0]
    P18                  IBUF (Prop_ibuf_I_O)         0.972     0.972 r  timer_start_IBUF[0]_inst/O
                         net (fo=7, routed)           2.599     3.571    timer_start_IBUF[0]
    SLICE_X37Y20         LUT6 (Prop_lut6_I3_O)        0.124     3.695 r  preset[31]_i_64/O
                         net (fo=1, routed)           0.000     3.695    preset[31]_i_64_n_0
    SLICE_X37Y20         CARRY4 (Prop_carry4_S[0]_CO[3])
                                                      0.532     4.227 r  preset_reg[31]_i_47/CO[3]
                         net (fo=1, routed)           0.000     4.227    preset_reg[31]_i_47_n_0
    SLICE_X37Y21         CARRY4 (Prop_carry4_CI_CO[3])
                                                      0.114     4.341 r  preset_reg[31]_i_32/CO[3]
                         net (fo=1, routed)           0.000     4.341    preset_reg[31]_i_32_n_0
    SLICE_X37Y22         CARRY4 (Prop_carry4_CI_CO[2])
                                                      0.228     4.569 r  preset_reg[31]_i_11/CO[2]
                         net (fo=4, routed)           0.431     5.000    preset_reg[31]_i_11_n_1
    SLICE_X36Y23         LUT5 (Prop_lut5_I0_O)        0.313     5.313 r  count[31]_i_4/O
                         net (fo=3, routed)           1.151     6.464    count[31]_i_4_n_0
    SLICE_X40Y26         LUT5 (Prop_lut5_I3_O)        0.124     6.588 r  count[31]_i_1/O
                         net (fo=32, routed)          1.926     8.515    count[31]_i_1_n_0
    SLICE_X41Y18         FDRE                                         r  count_reg[7]/CE
  -------------------------------------------------------------------    -------------------

Slack:                    inf
  Source:                 timer_start[0]
                            (input port)
  Destination:            count_reg[11]/CE
  Path Group:             (none)
  Path Type:              Max at Slow Process Corner
  Data Path Delay:        8.241ns  (logic 2.407ns (29.210%)  route 5.834ns (70.790%))
  Logic Levels:           7  (CARRY4=3 IBUF=1 LUT5=2 LUT6=1)

    Location             Delay type                Incr(ns)  Path(ns)    Netlist Resource(s)
  -------------------------------------------------------------------    -------------------
    P18                                               0.000     0.000 r  timer_start[0] (IN)
                         net (fo=0)                   0.000     0.000    timer_start[0]
    P18                  IBUF (Prop_ibuf_I_O)         0.972     0.972 r  timer_start_IBUF[0]_inst/O
                         net (fo=7, routed)           2.599     3.571    timer_start_IBUF[0]
    SLICE_X37Y20         LUT6 (Prop_lut6_I3_O)        0.124     3.695 r  preset[31]_i_64/O
                         net (fo=1, routed)           0.000     3.695    preset[31]_i_64_n_0
    SLICE_X37Y20         CARRY4 (Prop_carry4_S[0]_CO[3])
                                                      0.532     4.227 r  preset_reg[31]_i_47/CO[3]
                         net (fo=1, routed)           0.000     4.227    preset_reg[31]_i_47_n_0
    SLICE_X37Y21         CARRY4 (Prop_carry4_CI_CO[3])
                                                      0.114     4.341 r  preset_reg[31]_i_32/CO[3]
                         net (fo=1, routed)           0.000     4.341    preset_reg[31]_i_32_n_0
    SLICE_X37Y22         CARRY4 (Prop_carry4_CI_CO[2])
                                                      0.228     4.569 r  preset_reg[31]_i_11/CO[2]
                         net (fo=4, routed)           0.431     5.000    preset_reg[31]_i_11_n_1
    SLICE_X36Y23         LUT5 (Prop_lut5_I0_O)        0.313     5.313 r  count[31]_i_4/O
                         net (fo=3, routed)           1.151     6.464    count[31]_i_4_n_0
    SLICE_X40Y26         LUT5 (Prop_lut5_I3_O)        0.124     6.588 r  count[31]_i_1/O
                         net (fo=32, routed)          1.653     8.241    count[31]_i_1_n_0
    SLICE_X42Y19         FDRE                                         r  count_reg[11]/CE
  -------------------------------------------------------------------    -------------------

Slack:                    inf
  Source:                 timer_start[0]
                            (input port)
  Destination:            count_reg[1]/CE
  Path Group:             (none)
  Path Type:              Max at Slow Process Corner
  Data Path Delay:        8.241ns  (logic 2.407ns (29.210%)  route 5.834ns (70.790%))
  Logic Levels:           7  (CARRY4=3 IBUF=1 LUT5=2 LUT6=1)

    Location             Delay type                Incr(ns)  Path(ns)    Netlist Resource(s)
  -------------------------------------------------------------------    -------------------
    P18                                               0.000     0.000 r  timer_start[0] (IN)
                         net (fo=0)                   0.000     0.000    timer_start[0]
    P18                  IBUF (Prop_ibuf_I_O)         0.972     0.972 r  timer_start_IBUF[0]_inst/O
                         net (fo=7, routed)           2.599     3.571    timer_start_IBUF[0]
    SLICE_X37Y20         LUT6 (Prop_lut6_I3_O)        0.124     3.695 r  preset[31]_i_64/O
                         net (fo=1, routed)           0.000     3.695    preset[31]_i_64_n_0
    SLICE_X37Y20         CARRY4 (Prop_carry4_S[0]_CO[3])
                                                      0.532     4.227 r  preset_reg[31]_i_47/CO[3]
                         net (fo=1, routed)           0.000     4.227    preset_reg[31]_i_47_n_0
    SLICE_X37Y21         CARRY4 (Prop_carry4_CI_CO[3])
                                                      0.114     4.341 r  preset_reg[31]_i_32/CO[3]
                         net (fo=1, routed)           0.000     4.341    preset_reg[31]_i_32_n_0
    SLICE_X37Y22         CARRY4 (Prop_carry4_CI_CO[2])
                                                      0.228     4.569 r  preset_reg[31]_i_11/CO[2]
                         net (fo=4, routed)           0.431     5.000    preset_reg[31]_i_11_n_1
    SLICE_X36Y23         LUT5 (Prop_lut5_I0_O)        0.313     5.313 r  count[31]_i_4/O
                         net (fo=3, routed)           1.151     6.464    count[31]_i_4_n_0
    SLICE_X40Y26         LUT5 (Prop_lut5_I3_O)        0.124     6.588 r  count[31]_i_1/O
                         net (fo=32, routed)          1.653     8.241    count[31]_i_1_n_0
    SLICE_X43Y19         FDRE                                         r  count_reg[1]/CE
  -------------------------------------------------------------------    -------------------

Slack:                    inf
  Source:                 timer_start[0]
                            (input port)
  Destination:            count_reg[2]/CE
  Path Group:             (none)
  Path Type:              Max at Slow Process Corner
  Data Path Delay:        8.241ns  (logic 2.407ns (29.210%)  route 5.834ns (70.790%))
  Logic Levels:           7  (CARRY4=3 IBUF=1 LUT5=2 LUT6=1)

    Location             Delay type                Incr(ns)  Path(ns)    Netlist Resource(s)
  -------------------------------------------------------------------    -------------------
    P18                                               0.000     0.000 r  timer_start[0] (IN)
                         net (fo=0)                   0.000     0.000    timer_start[0]
    P18                  IBUF (Prop_ibuf_I_O)         0.972     0.972 r  timer_start_IBUF[0]_inst/O
                         net (fo=7, routed)           2.599     3.571    timer_start_IBUF[0]
    SLICE_X37Y20         LUT6 (Prop_lut6_I3_O)        0.124     3.695 r  preset[31]_i_64/O
                         net (fo=1, routed)           0.000     3.695    preset[31]_i_64_n_0
    SLICE_X37Y20         CARRY4 (Prop_carry4_S[0]_CO[3])
                                                      0.532     4.227 r  preset_reg[31]_i_47/CO[3]
                         net (fo=1, routed)           0.000     4.227    preset_reg[31]_i_47_n_0
    SLICE_X37Y21         CARRY4 (Prop_carry4_CI_CO[3])
                                                      0.114     4.341 r  preset_reg[31]_i_32/CO[3]
                         net (fo=1, routed)           0.000     4.341    preset_reg[31]_i_32_n_0
    SLICE_X37Y22         CARRY4 (Prop_carry4_CI_CO[2])
                                                      0.228     4.569 r  preset_reg[31]_i_11/CO[2]
                         net (fo=4, routed)           0.431     5.000    preset_reg[31]_i_11_n_1
    SLICE_X36Y23         LUT5 (Prop_lut5_I0_O)        0.313     5.313 r  count[31]_i_4/O
                         net (fo=3, routed)           1.151     6.464    count[31]_i_4_n_0
    SLICE_X40Y26         LUT5 (Prop_lut5_I3_O)        0.124     6.588 r  count[31]_i_1/O
                         net (fo=32, routed)          1.653     8.241    count[31]_i_1_n_0
    SLICE_X42Y19         FDRE                                         r  count_reg[2]/CE
  -------------------------------------------------------------------    -------------------

Slack:                    inf
  Source:                 timer_start[0]
                            (input port)
  Destination:            count_reg[3]/CE
  Path Group:             (none)
  Path Type:              Max at Slow Process Corner
  Data Path Delay:        8.241ns  (logic 2.407ns (29.210%)  route 5.834ns (70.790%))
  Logic Levels:           7  (CARRY4=3 IBUF=1 LUT5=2 LUT6=1)

    Location             Delay type                Incr(ns)  Path(ns)    Netlist Resource(s)
  -------------------------------------------------------------------    -------------------
    P18                                               0.000     0.000 r  timer_start[0] (IN)
                         net (fo=0)                   0.000     0.000    timer_start[0]
    P18                  IBUF (Prop_ibuf_I_O)         0.972     0.972 r  timer_start_IBUF[0]_inst/O
                         net (fo=7, routed)           2.599     3.571    timer_start_IBUF[0]
    SLICE_X37Y20         LUT6 (Prop_lut6_I3_O)        0.124     3.695 r  preset[31]_i_64/O
                         net (fo=1, routed)           0.000     3.695    preset[31]_i_64_n_0
    SLICE_X37Y20         CARRY4 (Prop_carry4_S[0]_CO[3])
                                                      0.532     4.227 r  preset_reg[31]_i_47/CO[3]
                         net (fo=1, routed)           0.000     4.227    preset_reg[31]_i_47_n_0
    SLICE_X37Y21         CARRY4 (Prop_carry4_CI_CO[3])
                                                      0.114     4.341 r  preset_reg[31]_i_32/CO[3]
                         net (fo=1, routed)           0.000     4.341    preset_reg[31]_i_32_n_0
    SLICE_X37Y22         CARRY4 (Prop_carry4_CI_CO[2])
                                                      0.228     4.569 r  preset_reg[31]_i_11/CO[2]
                         net (fo=4, routed)           0.431     5.000    preset_reg[31]_i_11_n_1
    SLICE_X36Y23         LUT5 (Prop_lut5_I0_O)        0.313     5.313 r  count[31]_i_4/O
                         net (fo=3, routed)           1.151     6.464    count[31]_i_4_n_0
    SLICE_X40Y26         LUT5 (Prop_lut5_I3_O)        0.124     6.588 r  count[31]_i_1/O
                         net (fo=32, routed)          1.653     8.241    count[31]_i_1_n_0
    SLICE_X42Y19         FDRE                                         r  count_reg[3]/CE
  -------------------------------------------------------------------    -------------------

Slack:                    inf
  Source:                 timer_start[0]
                            (input port)
  Destination:            count_reg[9]/CE
  Path Group:             (none)
  Path Type:              Max at Slow Process Corner
  Data Path Delay:        8.241ns  (logic 2.407ns (29.210%)  route 5.834ns (70.790%))
  Logic Levels:           7  (CARRY4=3 IBUF=1 LUT5=2 LUT6=1)

    Location             Delay type                Incr(ns)  Path(ns)    Netlist Resource(s)
  -------------------------------------------------------------------    -------------------
    P18                                               0.000     0.000 r  timer_start[0] (IN)
                         net (fo=0)                   0.000     0.000    timer_start[0]
    P18                  IBUF (Prop_ibuf_I_O)         0.972     0.972 r  timer_start_IBUF[0]_inst/O
                         net (fo=7, routed)           2.599     3.571    timer_start_IBUF[0]
    SLICE_X37Y20         LUT6 (Prop_lut6_I3_O)        0.124     3.695 r  preset[31]_i_64/O
                         net (fo=1, routed)           0.000     3.695    preset[31]_i_64_n_0
    SLICE_X37Y20         CARRY4 (Prop_carry4_S[0]_CO[3])
                                                      0.532     4.227 r  preset_reg[31]_i_47/CO[3]
                         net (fo=1, routed)           0.000     4.227    preset_reg[31]_i_47_n_0
    SLICE_X37Y21         CARRY4 (Prop_carry4_CI_CO[3])
                                                      0.114     4.341 r  preset_reg[31]_i_32/CO[3]
                         net (fo=1, routed)           0.000     4.341    preset_reg[31]_i_32_n_0
    SLICE_X37Y22         CARRY4 (Prop_carry4_CI_CO[2])
                                                      0.228     4.569 r  preset_reg[31]_i_11/CO[2]
                         net (fo=4, routed)           0.431     5.000    preset_reg[31]_i_11_n_1
    SLICE_X36Y23         LUT5 (Prop_lut5_I0_O)        0.313     5.313 r  count[31]_i_4/O
                         net (fo=3, routed)           1.151     6.464    count[31]_i_4_n_0
    SLICE_X40Y26         LUT5 (Prop_lut5_I3_O)        0.124     6.588 r  count[31]_i_1/O
                         net (fo=32, routed)          1.653     8.241    count[31]_i_1_n_0
    SLICE_X42Y19         FDRE                                         r  count_reg[9]/CE
  -------------------------------------------------------------------    -------------------

Slack:                    inf
  Source:                 timer_start[0]
                            (input port)
  Destination:            count_reg[0]/CE
  Path Group:             (none)
  Path Type:              Max at Slow Process Corner
  Data Path Delay:        8.073ns  (logic 2.407ns (29.815%)  route 5.666ns (70.185%))
  Logic Levels:           7  (CARRY4=3 IBUF=1 LUT5=2 LUT6=1)

    Location             Delay type                Incr(ns)  Path(ns)    Netlist Resource(s)
  -------------------------------------------------------------------    -------------------
    P18                                               0.000     0.000 r  timer_start[0] (IN)
                         net (fo=0)                   0.000     0.000    timer_start[0]
    P18                  IBUF (Prop_ibuf_I_O)         0.972     0.972 r  timer_start_IBUF[0]_inst/O
                         net (fo=7, routed)           2.599     3.571    timer_start_IBUF[0]
    SLICE_X37Y20         LUT6 (Prop_lut6_I3_O)        0.124     3.695 r  preset[31]_i_64/O
                         net (fo=1, routed)           0.000     3.695    preset[31]_i_64_n_0
    SLICE_X37Y20         CARRY4 (Prop_carry4_S[0]_CO[3])
                                                      0.532     4.227 r  preset_reg[31]_i_47/CO[3]
                         net (fo=1, routed)           0.000     4.227    preset_reg[31]_i_47_n_0
    SLICE_X37Y21         CARRY4 (Prop_carry4_CI_CO[3])
                                                      0.114     4.341 r  preset_reg[31]_i_32/CO[3]
                         net (fo=1, routed)           0.000     4.341    preset_reg[31]_i_32_n_0
    SLICE_X37Y22         CARRY4 (Prop_carry4_CI_CO[2])
                                                      0.228     4.569 r  preset_reg[31]_i_11/CO[2]
                         net (fo=4, routed)           0.431     5.000    preset_reg[31]_i_11_n_1
    SLICE_X36Y23         LUT5 (Prop_lut5_I0_O)        0.313     5.313 r  count[31]_i_4/O
                         net (fo=3, routed)           1.151     6.464    count[31]_i_4_n_0
    SLICE_X40Y26         LUT5 (Prop_lut5_I3_O)        0.124     6.588 r  count[31]_i_1/O
                         net (fo=32, routed)          1.485     8.073    count[31]_i_1_n_0
    SLICE_X43Y20         FDRE                                         r  count_reg[0]/CE
  -------------------------------------------------------------------    -------------------





Min Delay Paths
--------------------------------------------------------------------------------------
Slack:                    inf
  Source:                 pwm/rDuty_reg[0]/C
                            (rising edge-triggered cell FDRE)
  Destination:            pwm/rDuty_reg[0]/D
  Path Group:             (none)
  Path Type:              Min at Fast Process Corner
  Data Path Delay:        0.365ns  (logic 0.186ns (50.911%)  route 0.179ns (49.089%))
  Logic Levels:           2  (FDRE=1 LUT3=1)

    Location             Delay type                Incr(ns)  Path(ns)    Netlist Resource(s)
  -------------------------------------------------------------------    -------------------
    SLICE_X43Y35         FDRE                         0.000     0.000 r  pwm/rDuty_reg[0]/C
    SLICE_X43Y35         FDRE (Prop_fdre_C_Q)         0.141     0.141 f  pwm/rDuty_reg[0]/Q
                         net (fo=4, routed)           0.179     0.320    pwm/rDuty[0]
    SLICE_X43Y35         LUT3 (Prop_lut3_I0_O)        0.045     0.365 r  pwm/rDuty[0]_i_1/O
                         net (fo=1, routed)           0.000     0.365    pwm/rDuty[0]_i_1_n_0
    SLICE_X43Y35         FDRE                                         r  pwm/rDuty_reg[0]/D
  -------------------------------------------------------------------    -------------------

Slack:                    inf
  Source:                 pwm/rDuty_reg[0]/C
                            (rising edge-triggered cell FDRE)
  Destination:            pwm/rDuty_reg[2]/D
  Path Group:             (none)
  Path Type:              Min at Fast Process Corner
  Data Path Delay:        0.365ns  (logic 0.184ns (50.364%)  route 0.181ns (49.636%))
  Logic Levels:           2  (FDRE=1 LUT5=1)

    Location             Delay type                Incr(ns)  Path(ns)    Netlist Resource(s)
  -------------------------------------------------------------------    -------------------
    SLICE_X43Y35         FDRE                         0.000     0.000 r  pwm/rDuty_reg[0]/C
    SLICE_X43Y35         FDRE (Prop_fdre_C_Q)         0.141     0.141 r  pwm/rDuty_reg[0]/Q
                         net (fo=4, routed)           0.181     0.322    pwm/rDuty[0]
    SLICE_X43Y35         LUT5 (Prop_lut5_I0_O)        0.043     0.365 r  pwm/rDuty[2]_i_1/O
                         net (fo=1, routed)           0.000     0.365    pwm/rDuty[2]_i_1_n_0
    SLICE_X43Y35         FDRE                                         r  pwm/rDuty_reg[2]/D
  -------------------------------------------------------------------    -------------------

Slack:                    inf
  Source:                 inst_prescaler/count_reg[0]/C
                            (rising edge-triggered cell FDRE)
  Destination:            inst_prescaler/count_reg[3]/D
  Path Group:             (none)
  Path Type:              Min at Fast Process Corner
  Data Path Delay:        0.367ns  (logic 0.186ns (50.738%)  route 0.181ns (49.262%))
  Logic Levels:           2  (FDRE=1 LUT4=1)

    Location             Delay type                Incr(ns)  Path(ns)    Netlist Resource(s)
  -------------------------------------------------------------------    -------------------
    SLICE_X43Y40         FDRE                         0.000     0.000 r  inst_prescaler/count_reg[0]/C
    SLICE_X43Y40         FDRE (Prop_fdre_C_Q)         0.141     0.141 r  inst_prescaler/count_reg[0]/Q
                         net (fo=8, routed)           0.181     0.322    inst_prescaler/count_reg[0]
    SLICE_X43Y40         LUT4 (Prop_lut4_I1_O)        0.045     0.367 r  inst_prescaler/count[3]_i_3/O
                         net (fo=1, routed)           0.000     0.367    inst_prescaler/count[3]_i_3_n_0
    SLICE_X43Y40         FDRE                                         r  inst_prescaler/count_reg[3]/D
  -------------------------------------------------------------------    -------------------

Slack:                    inf
  Source:                 pwm/rDuty_reg[0]/C
                            (rising edge-triggered cell FDRE)
  Destination:            pwm/rDuty_reg[1]/D
  Path Group:             (none)
  Path Type:              Min at Fast Process Corner
  Data Path Delay:        0.367ns  (logic 0.186ns (50.634%)  route 0.181ns (49.366%))
  Logic Levels:           2  (FDRE=1 LUT4=1)

    Location             Delay type                Incr(ns)  Path(ns)    Netlist Resource(s)
  -------------------------------------------------------------------    -------------------
    SLICE_X43Y35         FDRE                         0.000     0.000 r  pwm/rDuty_reg[0]/C
    SLICE_X43Y35         FDRE (Prop_fdre_C_Q)         0.141     0.141 r  pwm/rDuty_reg[0]/Q
                         net (fo=4, routed)           0.181     0.322    pwm/rDuty[0]
    SLICE_X43Y35         LUT4 (Prop_lut4_I1_O)        0.045     0.367 r  pwm/rDuty[1]_i_1/O
                         net (fo=1, routed)           0.000     0.367    pwm/rDuty[1]_i_1_n_0
    SLICE_X43Y35         FDRE                                         r  pwm/rDuty_reg[1]/D
  -------------------------------------------------------------------    -------------------

Slack:                    inf
  Source:                 pwm_control_reg/C
                            (rising edge-triggered cell FDRE)
  Destination:            pwm_control_reg/D
  Path Group:             (none)
  Path Type:              Min at Fast Process Corner
  Data Path Delay:        0.384ns  (logic 0.209ns (54.384%)  route 0.175ns (45.616%))
  Logic Levels:           2  (FDRE=1 LUT6=1)

    Location             Delay type                Incr(ns)  Path(ns)    Netlist Resource(s)
  -------------------------------------------------------------------    -------------------
    SLICE_X38Y26         FDRE                         0.000     0.000 r  pwm_control_reg/C
    SLICE_X38Y26         FDRE (Prop_fdre_C_Q)         0.164     0.164 r  pwm_control_reg/Q
                         net (fo=6, routed)           0.175     0.339    pwm_control_reg_n_0
    SLICE_X38Y26         LUT6 (Prop_lut6_I5_O)        0.045     0.384 r  pwm_control_i_1/O
                         net (fo=1, routed)           0.000     0.384    pwm_control_i_1_n_0
    SLICE_X38Y26         FDRE                                         r  pwm_control_reg/D
  -------------------------------------------------------------------    -------------------

Slack:                    inf
  Source:                 inst_prescaler/count_reg[0]/C
                            (rising edge-triggered cell FDRE)
  Destination:            inst_prescaler/count_reg[1]/D
  Path Group:             (none)
  Path Type:              Min at Fast Process Corner
  Data Path Delay:        0.385ns  (logic 0.183ns (47.588%)  route 0.202ns (52.412%))
  Logic Levels:           2  (FDRE=1 LUT2=1)

    Location             Delay type                Incr(ns)  Path(ns)    Netlist Resource(s)
  -------------------------------------------------------------------    -------------------
    SLICE_X43Y40         FDRE                         0.000     0.000 r  inst_prescaler/count_reg[0]/C
    SLICE_X43Y40         FDRE (Prop_fdre_C_Q)         0.141     0.141 r  inst_prescaler/count_reg[0]/Q
                         net (fo=8, routed)           0.202     0.343    inst_prescaler/count_reg[0]
    SLICE_X43Y40         LUT2 (Prop_lut2_I0_O)        0.042     0.385 r  inst_prescaler/count[1]_i_1__0/O
                         net (fo=1, routed)           0.000     0.385    inst_prescaler/count[1]_i_1__0_n_0
    SLICE_X43Y40         FDRE                                         r  inst_prescaler/count_reg[1]/D
  -------------------------------------------------------------------    -------------------

Slack:                    inf
  Source:                 inst_prescaler/clk_scaled_reg/C
                            (rising edge-triggered cell FDRE)
  Destination:            inst_prescaler/clk_scaled_reg/D
  Path Group:             (none)
  Path Type:              Min at Fast Process Corner
  Data Path Delay:        0.386ns  (logic 0.209ns (54.195%)  route 0.177ns (45.805%))
  Logic Levels:           2  (FDRE=1 LUT3=1)

    Location             Delay type                Incr(ns)  Path(ns)    Netlist Resource(s)
  -------------------------------------------------------------------    -------------------
    SLICE_X38Y45         FDRE                         0.000     0.000 r  inst_prescaler/clk_scaled_reg/C
    SLICE_X38Y45         FDRE (Prop_fdre_C_Q)         0.164     0.164 r  inst_prescaler/clk_scaled_reg/Q
                         net (fo=2, routed)           0.177     0.341    inst_prescaler/clk_scaled_OBUF
    SLICE_X38Y45         LUT3 (Prop_lut3_I0_O)        0.045     0.386 r  inst_prescaler/clk_scaled_i_1/O
                         net (fo=1, routed)           0.000     0.386    inst_prescaler/clk_scaled_i_1_n_0
    SLICE_X38Y45         FDRE                                         r  inst_prescaler/clk_scaled_reg/D
  -------------------------------------------------------------------    -------------------

Slack:                    inf
  Source:                 inst_prescaler/count_reg[0]/C
                            (rising edge-triggered cell FDRE)
  Destination:            inst_prescaler/count_reg[0]/D
  Path Group:             (none)
  Path Type:              Min at Fast Process Corner
  Data Path Delay:        0.388ns  (logic 0.186ns (47.994%)  route 0.202ns (52.006%))
  Logic Levels:           2  (FDRE=1 LUT1=1)

    Location             Delay type                Incr(ns)  Path(ns)    Netlist Resource(s)
  -------------------------------------------------------------------    -------------------
    SLICE_X43Y40         FDRE                         0.000     0.000 r  inst_prescaler/count_reg[0]/C
    SLICE_X43Y40         FDRE (Prop_fdre_C_Q)         0.141     0.141 f  inst_prescaler/count_reg[0]/Q
                         net (fo=8, routed)           0.202     0.343    inst_prescaler/count_reg[0]
    SLICE_X43Y40         LUT1 (Prop_lut1_I0_O)        0.045     0.388 r  inst_prescaler/count[0]_i_1__0/O
                         net (fo=1, routed)           0.000     0.388    inst_prescaler/count[0]_i_1__0_n_0
    SLICE_X43Y40         FDRE                                         r  inst_prescaler/count_reg[0]/D
  -------------------------------------------------------------------    -------------------

Slack:                    inf
  Source:                 inst_prescaler/count_reg[0]/C
                            (rising edge-triggered cell FDRE)
  Destination:            inst_prescaler/count_reg[2]/D
  Path Group:             (none)
  Path Type:              Min at Fast Process Corner
  Data Path Delay:        0.390ns  (logic 0.186ns (47.747%)  route 0.204ns (52.253%))
  Logic Levels:           2  (FDRE=1 LUT3=1)

    Location             Delay type                Incr(ns)  Path(ns)    Netlist Resource(s)
  -------------------------------------------------------------------    -------------------
    SLICE_X43Y40         FDRE                         0.000     0.000 r  inst_prescaler/count_reg[0]/C
    SLICE_X43Y40         FDRE (Prop_fdre_C_Q)         0.141     0.141 r  inst_prescaler/count_reg[0]/Q
                         net (fo=8, routed)           0.204     0.345    inst_prescaler/count_reg[0]
    SLICE_X43Y40         LUT3 (Prop_lut3_I2_O)        0.045     0.390 r  inst_prescaler/count[2]_i_1/O
                         net (fo=1, routed)           0.000     0.390    inst_prescaler/count[2]_i_1_n_0
    SLICE_X43Y40         FDRE                                         r  inst_prescaler/count_reg[2]/D
  -------------------------------------------------------------------    -------------------

Slack:                    inf
  Source:                 pulse_reg/C
                            (rising edge-triggered cell FDRE)
  Destination:            pulse_reg/D
  Path Group:             (none)
  Path Type:              Min at Fast Process Corner
  Data Path Delay:        0.418ns  (logic 0.186ns (44.465%)  route 0.232ns (55.535%))
  Logic Levels:           2  (FDRE=1 LUT6=1)

    Location             Delay type                Incr(ns)  Path(ns)    Netlist Resource(s)
  -------------------------------------------------------------------    -------------------
    SLICE_X39Y26         FDRE                         0.000     0.000 r  pulse_reg/C
    SLICE_X39Y26         FDRE (Prop_fdre_C_Q)         0.141     0.141 r  pulse_reg/Q
                         net (fo=2, routed)           0.232     0.373    pulse
    SLICE_X39Y26         LUT6 (Prop_lut6_I5_O)        0.045     0.418 r  pulse_i_1/O
                         net (fo=1, routed)           0.000     0.418    pulse_i_1_n_0
    SLICE_X39Y26         FDRE                                         r  pulse_reg/D
  -------------------------------------------------------------------    -------------------





