Copyright 1986-2022 Xilinx, Inc. All Rights Reserved. Copyright 2022-2023 Advanced Micro Devices, Inc. All Rights Reserved.
---------------------------------------------------------------------------------------------------------------------------------------------
| Tool Version : Vivado v.2023.1 (lin64) Build 3865809 Sun May  7 15:04:56 MDT 2023
| Date         : Thu Mar 28 11:23:23 2024
| Host         : mariolima-CREF-XX running 64-bit Ubuntu 22.04.4 LTS
| Command      : upgrade_ip
| Device       : xc7z010clg400-1
---------------------------------------------------------------------------------------------------------------------------------------------

Upgrade Log for IP 'vespa_soc_CustomInterconnect_0_0'

1. Summary
----------

CAUTION (success, with warnings) in the upgrade of vespa_soc_CustomInterconnect_0_0 (user.org:user:CustomInterconnect:1.0) from (Rev. 3) to (Rev. 4)

After upgrade, an IP may have parameter and port differences compared to the original customization. Please review the parameters within the IP customization GUI to ensure proper functionality. Also, please review the updated IP instantiation template to ensure proper connectivity, and update your design if required.

2. Connection Warnings
----------------------

Detected external port differences while upgrading 'vespa_soc_CustomInterconnect_0_0'. These changes may impact your design.


-Upgrade has added port 'i_RData_7'

-Upgrade has added port 'o_RAddr_7'

-Upgrade has added port 'o_REnable_7'

-Upgrade has added port 'o_WAddr_7'

-Upgrade has added port 'o_WData_7'

-Upgrade has added port 'o_WEnable_7'







Copyright 1986-2022 Xilinx, Inc. All Rights Reserved. Copyright 2022-2023 Advanced Micro Devices, Inc. All Rights Reserved.
---------------------------------------------------------------------------------------------------------------------------------------------
| Tool Version : Vivado v.2023.1 (lin64) Build 3865809 Sun May  7 15:04:56 MDT 2023
| Date         : Thu Mar 28 10:48:28 2024
| Host         : mariolima-CREF-XX running 64-bit Ubuntu 22.04.4 LTS
| Command      : upgrade_ip
| Device       : xc7z010clg400-1
---------------------------------------------------------------------------------------------------------------------------------------------

Upgrade Log for IP 'vespa_soc_CustomInterconnect_0_0'

1. Summary
----------

SUCCESS in the upgrade of vespa_soc_CustomInterconnect_0_0 (user.org:user:CustomInterconnect:1.0) from (Rev. 2) to (Rev. 3)






Copyright 1986-2022 Xilinx, Inc. All Rights Reserved. Copyright 2022-2023 Advanced Micro Devices, Inc. All Rights Reserved.
---------------------------------------------------------------------------------------------------------------------------------------------
| Tool Version : Vivado v.2023.1 (lin64) Build 3865809 Sun May  7 15:04:56 MDT 2023
| Date         : Sun Mar 24 19:40:46 2024
| Host         : mariolima-CREF-XX running 64-bit Ubuntu 22.04.4 LTS
| Command      : upgrade_ip
| Device       : xc7z010clg400-1
---------------------------------------------------------------------------------------------------------------------------------------------

Upgrade Log for IP 'vespa_soc_UartSlave_0_0'

1. Summary
----------

SUCCESS in the upgrade of vespa_soc_UartSlave_0_0 (user.org:user:UartSlave:1.0) from (Rev. 1) to (Rev. 2)






Copyright 1986-2022 Xilinx, Inc. All Rights Reserved. Copyright 2022-2023 Advanced Micro Devices, Inc. All Rights Reserved.
---------------------------------------------------------------------------------------------------------------------------------------------
| Tool Version : Vivado v.2023.1 (lin64) Build 3865809 Sun May  7 15:04:56 MDT 2023
| Date         : Sun Mar 24 19:04:28 2024
| Host         : mariolima-CREF-XX running 64-bit Ubuntu 22.04.4 LTS
| Command      : upgrade_ip
| Device       : xc7z010clg400-1
---------------------------------------------------------------------------------------------------------------------------------------------

Upgrade Log for IP 'vespa_soc_vespa_cpu_0_0'

1. Summary
----------

SUCCESS in the update of vespa_soc_vespa_cpu_0_0 (user.org:user:vespa_cpu:1.0 (Rev. 6)) to current project options.






Copyright 1986-2022 Xilinx, Inc. All Rights Reserved. Copyright 2022-2023 Advanced Micro Devices, Inc. All Rights Reserved.
---------------------------------------------------------------------------------------------------------------------------------------------
| Tool Version : Vivado v.2023.1 (lin64) Build 3865809 Sun May  7 15:04:56 MDT 2023
| Date         : Sun Mar 24 18:54:53 2024
| Host         : mariolima-CREF-XX running 64-bit Ubuntu 22.04.4 LTS
| Command      : upgrade_ip
| Device       : xc7z010clg400-1
---------------------------------------------------------------------------------------------------------------------------------------------

Upgrade Log for IP 'vespa_soc_vespa_cpu_0_0'

1. Summary
----------

SUCCESS in the update of vespa_soc_vespa_cpu_0_0 (user.org:user:vespa_cpu:1.0 (Rev. 6)) to current project options.






Copyright 1986-2022 Xilinx, Inc. All Rights Reserved. Copyright 2022-2023 Advanced Micro Devices, Inc. All Rights Reserved.
---------------------------------------------------------------------------------------------------------------------------------------------
| Tool Version : Vivado v.2023.1 (lin64) Build 3865809 Sun May  7 15:04:56 MDT 2023
| Date         : Sun Mar 24 02:42:10 2024
| Host         : mariolima-CREF-XX running 64-bit Ubuntu 22.04.4 LTS
| Command      : upgrade_ip
| Device       : xc7z010clg400-1
---------------------------------------------------------------------------------------------------------------------------------------------

Upgrade Log for IP 'vespa_soc_vespa_cpu_0_0'

1. Summary
----------

SUCCESS in the upgrade of vespa_soc_vespa_cpu_0_0 (user.org:user:vespa_cpu:1.0) from (Rev. 5) to (Rev. 6)






Copyright 1986-2022 Xilinx, Inc. All Rights Reserved. Copyright 2022-2023 Advanced Micro Devices, Inc. All Rights Reserved.
---------------------------------------------------------------------------------------------------------------------------------------------
| Tool Version : Vivado v.2023.1 (lin64) Build 3865809 Sun May  7 15:04:56 MDT 2023
| Date         : Sun Mar 24 02:29:09 2024
| Host         : mariolima-CREF-XX running 64-bit Ubuntu 22.04.4 LTS
| Command      : upgrade_ip
| Device       : xc7z010clg400-1
---------------------------------------------------------------------------------------------------------------------------------------------

Upgrade Log for IP 'vespa_soc_vespa_cpu_0_0'

1. Summary
----------

SUCCESS in the upgrade of vespa_soc_vespa_cpu_0_0 (user.org:user:vespa_cpu:1.0) from (Rev. 4) to (Rev. 5)






Copyright 1986-2022 Xilinx, Inc. All Rights Reserved. Copyright 2022-2023 Advanced Micro Devices, Inc. All Rights Reserved.
---------------------------------------------------------------------------------------------------------------------------------------------
| Tool Version : Vivado v.2023.1 (lin64) Build 3865809 Sun May  7 15:04:56 MDT 2023
| Date         : Sun Mar 24 02:15:02 2024
| Host         : mariolima-CREF-XX running 64-bit Ubuntu 22.04.4 LTS
| Command      : upgrade_ip
| Device       : xc7z010clg400-1
---------------------------------------------------------------------------------------------------------------------------------------------

Upgrade Log for IP 'vespa_soc_vespa_cpu_0_0'

1. Summary
----------

CAUTION (success, with warnings) in the upgrade of vespa_soc_vespa_cpu_0_0 (user.org:user:vespa_cpu:1.0) from (Rev. 3) to (Rev. 4)

After upgrade, an IP may have parameter and port differences compared to the original customization. Please review the parameters within the IP customization GUI to ensure proper functionality. Also, please review the updated IP instantiation template to ensure proper connectivity, and update your design if required.

2. Connection Warnings
----------------------

Detected external port differences while upgrading 'vespa_soc_vespa_cpu_0_0'. These changes may impact your design.


-Upgrade has added port 'i_Clk'

-Upgrade has added port 'i_Rst'







Copyright 1986-2022 Xilinx, Inc. All Rights Reserved. Copyright 2022-2023 Advanced Micro Devices, Inc. All Rights Reserved.
---------------------------------------------------------------------------------------------------------------------------------------------
| Tool Version : Vivado v.2023.1 (lin64) Build 3865809 Sun May  7 15:04:56 MDT 2023
| Date         : Sun Mar 24 02:03:07 2024
| Host         : mariolima-CREF-XX running 64-bit Ubuntu 22.04.4 LTS
| Command      : upgrade_ip
| Device       : xc7z010clg400-1
---------------------------------------------------------------------------------------------------------------------------------------------

Upgrade Log for IP 'vespa_soc_vespa_cpu_0_0'

1. Summary
----------

SUCCESS in the upgrade of vespa_soc_vespa_cpu_0_0 (user.org:user:vespa_cpu:1.0) from (Rev. 2) to (Rev. 3)

