Vivado Simulator v2023.1
Copyright 1986-2022 Xilinx, Inc. All Rights Reserved.
Copyright 2022-2023 Advanced Micro Devices, Inc. All Rights Reserved.
Running: /tools/Xilinx/Vivado/2023.1/bin/unwrapped/lnx64.o/xelab --incr --debug typical --relax --mt 8 -L xil_defaultlib -L unisims_ver -L secureip --snapshot control_tb_func_synth xil_defaultlib.control_tb xil_defaultlib.glbl -log elaborate.log 
Using 8 slave threads.
Starting static elaboration
Pass Through NonSizing Optimizer
Completed static elaboration
Starting simulation data flow analysis
Completed simulation data flow analysis
Time Resolution for simulation is 1ps
Compiling module unisims_ver.BUFG
Compiling module unisims_ver.IBUF
Compiling module unisims_ver.OBUF
Compiling module unisims_ver.FDRE_default
Compiling module unisims_ver.LUT4
Compiling module unisims_ver.LUT5
Compiling module unisims_ver.x_lut3_mux8
Compiling module unisims_ver.LUT3
Compiling module unisims_ver.LUT6
Compiling module unisims_ver.GND
Compiling module unisims_ver.FDSE_default
Compiling module unisims_ver.x_lut2_mux4
Compiling module unisims_ver.LUT2
Compiling module unisims_ver.CARRY4
Compiling module unisims_ver.x_lut1_mux2
Compiling module unisims_ver.LUT1
Compiling module xil_defaultlib.uart_axi_slave_0_uart_baudrate_g...
Compiling module xil_defaultlib.uart_axi_slave_0_uart_rx
Compiling module xil_defaultlib.uart_axi_slave_0_uart_tx
Compiling module xil_defaultlib.uart_axi_slave_0_uart
Compiling module xil_defaultlib.uart_axi_slave_0_uart_axi_slave_...
Compiling module xil_defaultlib.uart_axi_slave_0_uart_axi_slave_...
Compiling module xil_defaultlib.uart_axi_slave_0
Compiling module xil_defaultlib.uartAxi
Compiling module xil_defaultlib.top
Compiling module xil_defaultlib.control_tb
Compiling module xil_defaultlib.glbl
Built simulation snapshot control_tb_func_synth
