
*** Running vivado
    with args -log vespa_soc_interruptControllerS_0_0.vds -m64 -product Vivado -mode batch -messageDb vivado.pb -notrace -source vespa_soc_interruptControllerS_0_0.tcl


****** Vivado v2023.1 (64-bit)
  **** SW Build 3865809 on Sun May  7 15:04:56 MDT 2023
  **** IP Build 3864474 on Sun May  7 20:36:21 MDT 2023
  **** SharedData Build 3865790 on Sun May 07 13:33:03 MDT 2023
    ** Copyright 1986-2022 Xilinx, Inc. All Rights Reserved.
    ** Copyright 2022-2023 Advanced Micro Devices, Inc. All Rights Reserved.

source vespa_soc_interruptControllerS_0_0.tcl -notrace
INFO: [IP_Flow 19-234] Refreshing IP repositories
INFO: [IP_Flow 19-1700] Loaded user IP repository '/home/mariolima/Desktop/Vespa_git/VeSPA/Vivado/ip_repo'.
INFO: [IP_Flow 19-2313] Loaded Vivado IP repository '/tools/Xilinx/Vivado/2023.1/data/ip'.
INFO: [IP_Flow 19-6924] IPCACHE: Running cache check for IP inst: vespa_soc_interruptControllerS_0_0
Command: synth_design -top vespa_soc_interruptControllerS_0_0 -part xc7z010clg400-1 -incremental_mode off -mode out_of_context
Starting synth_design
Attempting to get a license for feature 'Synthesis' and/or device 'xc7z010'
INFO: [Common 17-349] Got license for feature 'Synthesis' and/or device 'xc7z010'
INFO: [Device 21-403] Loading part xc7z010clg400-1
INFO: [Synth 8-7079] Multithreading enabled for synth_design using a maximum of 4 processes.
INFO: [Synth 8-7078] Launching helper process for spawning children vivado processes
INFO: [Synth 8-7075] Helper process launched with PID 11635
INFO: [Synth 8-11241] undeclared symbol 'r_ea', assumed default net type 'wire' [/home/mariolima/Desktop/Vespa_git/VeSPA/Vivado/vespa_soc/vespa_soc.gen/sources_1/bd/vespa_soc/ipshared/8a77/src/interruptController_wrapper.v:50]
INFO: [Synth 8-11241] undeclared symbol 'r_en1', assumed default net type 'wire' [/home/mariolima/Desktop/Vespa_git/VeSPA/Vivado/vespa_soc/vespa_soc.gen/sources_1/bd/vespa_soc/ipshared/8a77/src/interruptController_wrapper.v:51]
INFO: [Synth 8-11241] undeclared symbol 'r_en2', assumed default net type 'wire' [/home/mariolima/Desktop/Vespa_git/VeSPA/Vivado/vespa_soc/vespa_soc.gen/sources_1/bd/vespa_soc/ipshared/8a77/src/interruptController_wrapper.v:52]
INFO: [Synth 8-11241] undeclared symbol 'r_en3', assumed default net type 'wire' [/home/mariolima/Desktop/Vespa_git/VeSPA/Vivado/vespa_soc/vespa_soc.gen/sources_1/bd/vespa_soc/ipshared/8a77/src/interruptController_wrapper.v:53]
WARNING: [Synth 8-8895] 'r_ea' is already implicitly declared on line 50 [/home/mariolima/Desktop/Vespa_git/VeSPA/Vivado/vespa_soc/vespa_soc.gen/sources_1/bd/vespa_soc/ipshared/8a77/src/interruptController_wrapper.v:56]
WARNING: [Synth 8-8895] 'r_en1' is already implicitly declared on line 51 [/home/mariolima/Desktop/Vespa_git/VeSPA/Vivado/vespa_soc/vespa_soc.gen/sources_1/bd/vespa_soc/ipshared/8a77/src/interruptController_wrapper.v:56]
WARNING: [Synth 8-8895] 'r_en2' is already implicitly declared on line 52 [/home/mariolima/Desktop/Vespa_git/VeSPA/Vivado/vespa_soc/vespa_soc.gen/sources_1/bd/vespa_soc/ipshared/8a77/src/interruptController_wrapper.v:56]
WARNING: [Synth 8-8895] 'r_en3' is already implicitly declared on line 53 [/home/mariolima/Desktop/Vespa_git/VeSPA/Vivado/vespa_soc/vespa_soc.gen/sources_1/bd/vespa_soc/ipshared/8a77/src/interruptController_wrapper.v:56]
---------------------------------------------------------------------------------
Starting RTL Elaboration : Time (s): cpu = 00:00:03 ; elapsed = 00:00:03 . Memory (MB): peak = 2029.895 ; gain = 378.801 ; free physical = 264 ; free virtual = 5887
---------------------------------------------------------------------------------
INFO: [Synth 8-6157] synthesizing module 'vespa_soc_interruptControllerS_0_0' [/home/mariolima/Desktop/Vespa_git/VeSPA/Vivado/vespa_soc/vespa_soc.gen/sources_1/bd/vespa_soc/ip/vespa_soc_interruptControllerS_0_0/synth/vespa_soc_interruptControllerS_0_0.v:53]
INFO: [Synth 8-6157] synthesizing module 'interruptController_wrapper' [/home/mariolima/Desktop/Vespa_git/VeSPA/Vivado/vespa_soc/vespa_soc.gen/sources_1/bd/vespa_soc/ipshared/8a77/src/interruptController_wrapper.v:23]
INFO: [Synth 8-6157] synthesizing module 'interruptController' [/home/mariolima/Desktop/Vespa_git/VeSPA/Vivado/vespa_soc/vespa_soc.gen/sources_1/bd/vespa_soc/ipshared/8a77/src/interruptController.v:22]
INFO: [Synth 8-6155] done synthesizing module 'interruptController' (0#1) [/home/mariolima/Desktop/Vespa_git/VeSPA/Vivado/vespa_soc/vespa_soc.gen/sources_1/bd/vespa_soc/ipshared/8a77/src/interruptController.v:22]
INFO: [Synth 8-6155] done synthesizing module 'interruptController_wrapper' (0#1) [/home/mariolima/Desktop/Vespa_git/VeSPA/Vivado/vespa_soc/vespa_soc.gen/sources_1/bd/vespa_soc/ipshared/8a77/src/interruptController_wrapper.v:23]
INFO: [Synth 8-6155] done synthesizing module 'vespa_soc_interruptControllerS_0_0' (0#1) [/home/mariolima/Desktop/Vespa_git/VeSPA/Vivado/vespa_soc/vespa_soc.gen/sources_1/bd/vespa_soc/ip/vespa_soc_interruptControllerS_0_0/synth/vespa_soc_interruptControllerS_0_0.v:53]
WARNING: [Synth 8-7129] Port i_WData[31] in module interruptController_wrapper is either unconnected or has no load
WARNING: [Synth 8-7129] Port i_WData[30] in module interruptController_wrapper is either unconnected or has no load
WARNING: [Synth 8-7129] Port i_WData[29] in module interruptController_wrapper is either unconnected or has no load
WARNING: [Synth 8-7129] Port i_WData[28] in module interruptController_wrapper is either unconnected or has no load
WARNING: [Synth 8-7129] Port i_WData[27] in module interruptController_wrapper is either unconnected or has no load
WARNING: [Synth 8-7129] Port i_WData[26] in module interruptController_wrapper is either unconnected or has no load
WARNING: [Synth 8-7129] Port i_WData[25] in module interruptController_wrapper is either unconnected or has no load
WARNING: [Synth 8-7129] Port i_WData[24] in module interruptController_wrapper is either unconnected or has no load
WARNING: [Synth 8-7129] Port i_WData[23] in module interruptController_wrapper is either unconnected or has no load
WARNING: [Synth 8-7129] Port i_WData[22] in module interruptController_wrapper is either unconnected or has no load
WARNING: [Synth 8-7129] Port i_WData[21] in module interruptController_wrapper is either unconnected or has no load
WARNING: [Synth 8-7129] Port i_WData[20] in module interruptController_wrapper is either unconnected or has no load
WARNING: [Synth 8-7129] Port i_WData[19] in module interruptController_wrapper is either unconnected or has no load
WARNING: [Synth 8-7129] Port i_WData[18] in module interruptController_wrapper is either unconnected or has no load
WARNING: [Synth 8-7129] Port i_WData[17] in module interruptController_wrapper is either unconnected or has no load
WARNING: [Synth 8-7129] Port i_WData[16] in module interruptController_wrapper is either unconnected or has no load
WARNING: [Synth 8-7129] Port i_WData[15] in module interruptController_wrapper is either unconnected or has no load
WARNING: [Synth 8-7129] Port i_WData[14] in module interruptController_wrapper is either unconnected or has no load
WARNING: [Synth 8-7129] Port i_WData[13] in module interruptController_wrapper is either unconnected or has no load
WARNING: [Synth 8-7129] Port i_WData[12] in module interruptController_wrapper is either unconnected or has no load
WARNING: [Synth 8-7129] Port i_WData[11] in module interruptController_wrapper is either unconnected or has no load
WARNING: [Synth 8-7129] Port i_WData[10] in module interruptController_wrapper is either unconnected or has no load
WARNING: [Synth 8-7129] Port i_WData[9] in module interruptController_wrapper is either unconnected or has no load
WARNING: [Synth 8-7129] Port i_WData[8] in module interruptController_wrapper is either unconnected or has no load
WARNING: [Synth 8-7129] Port i_WData[7] in module interruptController_wrapper is either unconnected or has no load
WARNING: [Synth 8-7129] Port i_WData[6] in module interruptController_wrapper is either unconnected or has no load
WARNING: [Synth 8-7129] Port i_WData[5] in module interruptController_wrapper is either unconnected or has no load
WARNING: [Synth 8-7129] Port i_WData[4] in module interruptController_wrapper is either unconnected or has no load
---------------------------------------------------------------------------------
Finished RTL Elaboration : Time (s): cpu = 00:00:04 ; elapsed = 00:00:04 . Memory (MB): peak = 2098.832 ; gain = 447.738 ; free physical = 247 ; free virtual = 5612
---------------------------------------------------------------------------------
---------------------------------------------------------------------------------
Start Handling Custom Attributes
---------------------------------------------------------------------------------
---------------------------------------------------------------------------------
Finished Handling Custom Attributes : Time (s): cpu = 00:00:04 ; elapsed = 00:00:04 . Memory (MB): peak = 2113.676 ; gain = 462.582 ; free physical = 235 ; free virtual = 5601
---------------------------------------------------------------------------------
---------------------------------------------------------------------------------
Finished RTL Optimization Phase 1 : Time (s): cpu = 00:00:04 ; elapsed = 00:00:04 . Memory (MB): peak = 2113.676 ; gain = 462.582 ; free physical = 235 ; free virtual = 5601
---------------------------------------------------------------------------------
Netlist sorting complete. Time (s): cpu = 00:00:00.01 ; elapsed = 00:00:00 . Memory (MB): peak = 2113.676 ; gain = 0.000 ; free physical = 231 ; free virtual = 5596
INFO: [Project 1-570] Preparing netlist for logic optimization

Processing XDC Constraints
Initializing timing engine
Completed Processing XDC Constraints

Netlist sorting complete. Time (s): cpu = 00:00:00 ; elapsed = 00:00:00 . Memory (MB): peak = 2270.426 ; gain = 0.000 ; free physical = 185 ; free virtual = 5567
INFO: [Project 1-111] Unisim Transformation Summary:
No Unisim elements were transformed.

Constraint Validation Runtime : Time (s): cpu = 00:00:00.01 ; elapsed = 00:00:00 . Memory (MB): peak = 2270.426 ; gain = 0.000 ; free physical = 184 ; free virtual = 5566
INFO: [Designutils 20-5008] Incremental synthesis strategy off
---------------------------------------------------------------------------------
Finished Constraint Validation : Time (s): cpu = 00:00:08 ; elapsed = 00:00:08 . Memory (MB): peak = 2270.426 ; gain = 619.332 ; free physical = 266 ; free virtual = 5549
---------------------------------------------------------------------------------
---------------------------------------------------------------------------------
Start Loading Part and Timing Information
---------------------------------------------------------------------------------
Loading part: xc7z010clg400-1
---------------------------------------------------------------------------------
Finished Loading Part and Timing Information : Time (s): cpu = 00:00:08 ; elapsed = 00:00:08 . Memory (MB): peak = 2270.426 ; gain = 619.332 ; free physical = 266 ; free virtual = 5549
---------------------------------------------------------------------------------
---------------------------------------------------------------------------------
Start Applying 'set_property' XDC Constraints
---------------------------------------------------------------------------------
---------------------------------------------------------------------------------
Finished applying 'set_property' XDC Constraints : Time (s): cpu = 00:00:08 ; elapsed = 00:00:08 . Memory (MB): peak = 2270.426 ; gain = 619.332 ; free physical = 266 ; free virtual = 5548
---------------------------------------------------------------------------------
---------------------------------------------------------------------------------
Finished RTL Optimization Phase 2 : Time (s): cpu = 00:00:08 ; elapsed = 00:00:08 . Memory (MB): peak = 2270.426 ; gain = 619.332 ; free physical = 268 ; free virtual = 5552
---------------------------------------------------------------------------------
---------------------------------------------------------------------------------
Start RTL Component Statistics 
---------------------------------------------------------------------------------
Detailed RTL Component Info : 
+---Registers : 
	               32 Bit    Registers := 1     
	                4 Bit    Registers := 3     
	                3 Bit    Registers := 1     
	                1 Bit    Registers := 6     
+---Muxes : 
	   5 Input   32 Bit        Muxes := 1     
	   2 Input    4 Bit        Muxes := 2     
	   5 Input    3 Bit        Muxes := 1     
	   2 Input    1 Bit        Muxes := 9     
	   3 Input    1 Bit        Muxes := 1     
---------------------------------------------------------------------------------
Finished RTL Component Statistics 
---------------------------------------------------------------------------------
---------------------------------------------------------------------------------
Start Part Resource Summary
---------------------------------------------------------------------------------
Part Resources:
DSPs: 80 (col length:40)
BRAMs: 120 (col length: RAMB18 40 RAMB36 20)
---------------------------------------------------------------------------------
Finished Part Resource Summary
---------------------------------------------------------------------------------
---------------------------------------------------------------------------------
Start Cross Boundary and Area Optimization
---------------------------------------------------------------------------------
WARNING: [Synth 8-7080] Parallel synthesis criteria is not met
WARNING: [Synth 8-7129] Port i_WData[31] in module vespa_soc_interruptControllerS_0_0 is either unconnected or has no load
WARNING: [Synth 8-7129] Port i_WData[30] in module vespa_soc_interruptControllerS_0_0 is either unconnected or has no load
WARNING: [Synth 8-7129] Port i_WData[29] in module vespa_soc_interruptControllerS_0_0 is either unconnected or has no load
WARNING: [Synth 8-7129] Port i_WData[28] in module vespa_soc_interruptControllerS_0_0 is either unconnected or has no load
WARNING: [Synth 8-7129] Port i_WData[27] in module vespa_soc_interruptControllerS_0_0 is either unconnected or has no load
WARNING: [Synth 8-7129] Port i_WData[26] in module vespa_soc_interruptControllerS_0_0 is either unconnected or has no load
WARNING: [Synth 8-7129] Port i_WData[25] in module vespa_soc_interruptControllerS_0_0 is either unconnected or has no load
WARNING: [Synth 8-7129] Port i_WData[24] in module vespa_soc_interruptControllerS_0_0 is either unconnected or has no load
WARNING: [Synth 8-7129] Port i_WData[23] in module vespa_soc_interruptControllerS_0_0 is either unconnected or has no load
WARNING: [Synth 8-7129] Port i_WData[22] in module vespa_soc_interruptControllerS_0_0 is either unconnected or has no load
WARNING: [Synth 8-7129] Port i_WData[21] in module vespa_soc_interruptControllerS_0_0 is either unconnected or has no load
WARNING: [Synth 8-7129] Port i_WData[20] in module vespa_soc_interruptControllerS_0_0 is either unconnected or has no load
WARNING: [Synth 8-7129] Port i_WData[19] in module vespa_soc_interruptControllerS_0_0 is either unconnected or has no load
WARNING: [Synth 8-7129] Port i_WData[18] in module vespa_soc_interruptControllerS_0_0 is either unconnected or has no load
WARNING: [Synth 8-7129] Port i_WData[17] in module vespa_soc_interruptControllerS_0_0 is either unconnected or has no load
WARNING: [Synth 8-7129] Port i_WData[16] in module vespa_soc_interruptControllerS_0_0 is either unconnected or has no load
WARNING: [Synth 8-7129] Port i_WData[15] in module vespa_soc_interruptControllerS_0_0 is either unconnected or has no load
WARNING: [Synth 8-7129] Port i_WData[14] in module vespa_soc_interruptControllerS_0_0 is either unconnected or has no load
WARNING: [Synth 8-7129] Port i_WData[13] in module vespa_soc_interruptControllerS_0_0 is either unconnected or has no load
WARNING: [Synth 8-7129] Port i_WData[12] in module vespa_soc_interruptControllerS_0_0 is either unconnected or has no load
WARNING: [Synth 8-7129] Port i_WData[11] in module vespa_soc_interruptControllerS_0_0 is either unconnected or has no load
WARNING: [Synth 8-7129] Port i_WData[10] in module vespa_soc_interruptControllerS_0_0 is either unconnected or has no load
WARNING: [Synth 8-7129] Port i_WData[9] in module vespa_soc_interruptControllerS_0_0 is either unconnected or has no load
WARNING: [Synth 8-7129] Port i_WData[8] in module vespa_soc_interruptControllerS_0_0 is either unconnected or has no load
WARNING: [Synth 8-7129] Port i_WData[7] in module vespa_soc_interruptControllerS_0_0 is either unconnected or has no load
WARNING: [Synth 8-7129] Port i_WData[6] in module vespa_soc_interruptControllerS_0_0 is either unconnected or has no load
WARNING: [Synth 8-7129] Port i_WData[5] in module vespa_soc_interruptControllerS_0_0 is either unconnected or has no load
WARNING: [Synth 8-7129] Port i_WData[4] in module vespa_soc_interruptControllerS_0_0 is either unconnected or has no load
---------------------------------------------------------------------------------
Finished Cross Boundary and Area Optimization : Time (s): cpu = 00:00:09 ; elapsed = 00:00:09 . Memory (MB): peak = 2270.426 ; gain = 619.332 ; free physical = 215 ; free virtual = 5506
---------------------------------------------------------------------------------
---------------------------------------------------------------------------------
Start Applying XDC Timing Constraints
---------------------------------------------------------------------------------
---------------------------------------------------------------------------------
Finished Applying XDC Timing Constraints : Time (s): cpu = 00:00:11 ; elapsed = 00:00:12 . Memory (MB): peak = 2270.426 ; gain = 619.332 ; free physical = 177 ; free virtual = 5488
---------------------------------------------------------------------------------
---------------------------------------------------------------------------------
Start Timing Optimization
---------------------------------------------------------------------------------
---------------------------------------------------------------------------------
Finished Timing Optimization : Time (s): cpu = 00:00:11 ; elapsed = 00:00:12 . Memory (MB): peak = 2270.426 ; gain = 619.332 ; free physical = 176 ; free virtual = 5487
---------------------------------------------------------------------------------
---------------------------------------------------------------------------------
Start Technology Mapping
---------------------------------------------------------------------------------
---------------------------------------------------------------------------------
Finished Technology Mapping : Time (s): cpu = 00:00:11 ; elapsed = 00:00:12 . Memory (MB): peak = 2270.426 ; gain = 619.332 ; free physical = 176 ; free virtual = 5487
---------------------------------------------------------------------------------
---------------------------------------------------------------------------------
Start IO Insertion
---------------------------------------------------------------------------------
---------------------------------------------------------------------------------
Start Flattening Before IO Insertion
---------------------------------------------------------------------------------
---------------------------------------------------------------------------------
Finished Flattening Before IO Insertion
---------------------------------------------------------------------------------
---------------------------------------------------------------------------------
Start Final Netlist Cleanup
---------------------------------------------------------------------------------
---------------------------------------------------------------------------------
Finished Final Netlist Cleanup
---------------------------------------------------------------------------------
---------------------------------------------------------------------------------
Finished IO Insertion : Time (s): cpu = 00:00:13 ; elapsed = 00:00:14 . Memory (MB): peak = 2270.426 ; gain = 619.332 ; free physical = 190 ; free virtual = 5498
---------------------------------------------------------------------------------
---------------------------------------------------------------------------------
Start Renaming Generated Instances
---------------------------------------------------------------------------------
---------------------------------------------------------------------------------
Finished Renaming Generated Instances : Time (s): cpu = 00:00:13 ; elapsed = 00:00:14 . Memory (MB): peak = 2270.426 ; gain = 619.332 ; free physical = 190 ; free virtual = 5498
---------------------------------------------------------------------------------
---------------------------------------------------------------------------------
Start Rebuilding User Hierarchy
---------------------------------------------------------------------------------
---------------------------------------------------------------------------------
Finished Rebuilding User Hierarchy : Time (s): cpu = 00:00:13 ; elapsed = 00:00:14 . Memory (MB): peak = 2270.426 ; gain = 619.332 ; free physical = 190 ; free virtual = 5498
---------------------------------------------------------------------------------
---------------------------------------------------------------------------------
Start Renaming Generated Ports
---------------------------------------------------------------------------------
---------------------------------------------------------------------------------
Finished Renaming Generated Ports : Time (s): cpu = 00:00:13 ; elapsed = 00:00:14 . Memory (MB): peak = 2270.426 ; gain = 619.332 ; free physical = 190 ; free virtual = 5498
---------------------------------------------------------------------------------
---------------------------------------------------------------------------------
Start Handling Custom Attributes
---------------------------------------------------------------------------------
---------------------------------------------------------------------------------
Finished Handling Custom Attributes : Time (s): cpu = 00:00:13 ; elapsed = 00:00:14 . Memory (MB): peak = 2270.426 ; gain = 619.332 ; free physical = 189 ; free virtual = 5497
---------------------------------------------------------------------------------
---------------------------------------------------------------------------------
Start Renaming Generated Nets
---------------------------------------------------------------------------------
---------------------------------------------------------------------------------
Finished Renaming Generated Nets : Time (s): cpu = 00:00:13 ; elapsed = 00:00:14 . Memory (MB): peak = 2270.426 ; gain = 619.332 ; free physical = 190 ; free virtual = 5498
---------------------------------------------------------------------------------
---------------------------------------------------------------------------------
Start Writing Synthesis Report
---------------------------------------------------------------------------------

Report BlackBoxes: 
+-+--------------+----------+
| |BlackBox name |Instances |
+-+--------------+----------+
+-+--------------+----------+

Report Cell Usage: 
+------+-----+------+
|      |Cell |Count |
+------+-----+------+
|1     |LUT2 |     2|
|2     |LUT3 |     5|
|3     |LUT4 |     8|
|4     |LUT5 |     9|
|5     |LUT6 |    27|
|6     |FDRE |    21|
|7     |FDSE |     4|
+------+-----+------+
---------------------------------------------------------------------------------
Finished Writing Synthesis Report : Time (s): cpu = 00:00:13 ; elapsed = 00:00:14 . Memory (MB): peak = 2270.426 ; gain = 619.332 ; free physical = 190 ; free virtual = 5498
---------------------------------------------------------------------------------
Synthesis finished with 0 errors, 0 critical warnings and 29 warnings.
Synthesis Optimization Runtime : Time (s): cpu = 00:00:12 ; elapsed = 00:00:13 . Memory (MB): peak = 2270.426 ; gain = 462.582 ; free physical = 190 ; free virtual = 5498
Synthesis Optimization Complete : Time (s): cpu = 00:00:13 ; elapsed = 00:00:14 . Memory (MB): peak = 2270.426 ; gain = 619.332 ; free physical = 190 ; free virtual = 5498
INFO: [Project 1-571] Translating synthesized netlist
Netlist sorting complete. Time (s): cpu = 00:00:00 ; elapsed = 00:00:00 . Memory (MB): peak = 2270.426 ; gain = 0.000 ; free physical = 336 ; free virtual = 5644
INFO: [Project 1-570] Preparing netlist for logic optimization
INFO: [Opt 31-138] Pushed 0 inverter(s) to 0 load pin(s).
Netlist sorting complete. Time (s): cpu = 00:00:00 ; elapsed = 00:00:00 . Memory (MB): peak = 2270.426 ; gain = 0.000 ; free physical = 750 ; free virtual = 6059
INFO: [Project 1-111] Unisim Transformation Summary:
No Unisim elements were transformed.

Synth Design complete | Checksum: 3549c248
INFO: [Common 17-83] Releasing license: Synthesis
27 Infos, 61 Warnings, 0 Critical Warnings and 0 Errors encountered.
synth_design completed successfully
synth_design: Time (s): cpu = 00:00:18 ; elapsed = 00:00:17 . Memory (MB): peak = 2270.426 ; gain = 928.730 ; free physical = 756 ; free virtual = 6065
INFO: [Common 17-2834] synth_design peak Physical Memory [PSS] (MB): overall = 1637.968; main = 1335.487; forked = 320.551
INFO: [Common 17-2834] synth_design peak Virtual Memory [VSS] (MB): overall = 3216.523; main = 2270.430; forked = 978.109
INFO: [Common 17-1381] The checkpoint '/home/mariolima/Desktop/Vespa_git/VeSPA/Vivado/vespa_soc/vespa_soc.runs/vespa_soc_interruptControllerS_0_0_synth_1/vespa_soc_interruptControllerS_0_0.dcp' has been generated.
INFO: [Coretcl 2-1648] Added synthesis output to IP cache for IP vespa_soc_interruptControllerS_0_0, cache-ID = 3e0434005d7739e9
INFO: [Coretcl 2-1174] Renamed 2 cell refs.
INFO: [Common 17-1381] The checkpoint '/home/mariolima/Desktop/Vespa_git/VeSPA/Vivado/vespa_soc/vespa_soc.runs/vespa_soc_interruptControllerS_0_0_synth_1/vespa_soc_interruptControllerS_0_0.dcp' has been generated.
INFO: [runtcl-4] Executing : report_utilization -file vespa_soc_interruptControllerS_0_0_utilization_synth.rpt -pb vespa_soc_interruptControllerS_0_0_utilization_synth.pb
INFO: [Common 17-206] Exiting Vivado at Thu Mar 28 10:49:00 2024...
