Vivado Simulator v2023.1.1
Copyright 1986-2022 Xilinx, Inc. All Rights Reserved.
Copyright 2022-2023 Advanced Micro Devices, Inc. All Rights Reserved.
Running: /tools/Xilinx/Vivado/2023.1/bin/unwrapped/lnx64.o/xelab --incr --debug typical --relax --mt 8 --maxdelay -L xil_defaultlib -L simprims_ver -L secureip --snapshot vespa_tb_time_impl -transport_int_delays -pulse_r 0 -pulse_int_r 0 -pulse_e 0 -pulse_int_e 0 xil_defaultlib.vespa_tb xil_defaultlib.glbl -log elaborate.log 
Using 8 slave threads.
Starting static elaboration
Pass Through NonSizing Optimizer
WARNING: [VRFC 10-5021] port 'rx_bit' is not connected on this instance [/home/mariolima/Desktop/VESPA_BHV1.0/VESPA_BHV.srcs/sim_1/new/vespa_tb.v:33]
Completed static elaboration
Starting simulation data flow analysis
Completed simulation data flow analysis
INFO: [XSIM 43-3451] SDF backannotation process started with SDF file "vespa_tb_time_impl.sdf", for root module "vespa_tb/VESPA".
INFO: [XSIM 43-3452] SDF backannotation was successful for SDF file "vespa_tb_time_impl.sdf", for root module "vespa_tb/VESPA".
Time Resolution for simulation is 1ps
Compiling module simprims_ver.LUT6
Compiling module simprims_ver.LUT5
Compiling module simprims_ver.x_lut3_mux8
Compiling module simprims_ver.LUT3
Compiling module simprims_ver.LUT4
Compiling module simprims_ver.CARRY4
Compiling module simprims_ver.latchsre_ldce
Compiling module simprims_ver.LDCE
Compiling module xil_defaultlib.check_cond
Compiling module simprims_ver.FDRE_default
Compiling module simprims_ver.x_lut2_mux4
Compiling module simprims_ver.LUT2
Compiling module simprims_ver.FDSE_default
Compiling module xil_defaultlib.controlUnit
Compiling module simprims_ver.SRL16E_default
Compiling module simprims_ver.RB18_INTERNAL_VLOG(RDADDR_COLLIS...
Compiling module simprims_ver.RAMB18E1(INIT_00=256'b0100001000...
Compiling module xil_defaultlib.MEM00
Compiling module simprims_ver.RB18_INTERNAL_VLOG(RDADDR_COLLIS...
Compiling module simprims_ver.RAMB18E1(INIT_00=256'b1100010110...
Compiling module xil_defaultlib.MEM01
Compiling module simprims_ver.RB18_INTERNAL_VLOG(RDADDR_COLLIS...
Compiling module simprims_ver.RAMB18E1(INIT_00=256'b0100000000...
Compiling module xil_defaultlib.MEM10
Compiling module simprims_ver.RB18_INTERNAL_VLOG(RDADDR_COLLIS...
Compiling module simprims_ver.RAMB18E1(INIT_00=256'b0110000000...
Compiling module xil_defaultlib.MEM11
Compiling module xil_defaultlib.memorySynthesis
Compiling module xil_defaultlib.alu
Compiling module simprims_ver.x_lut1_mux2
Compiling module simprims_ver.LUT1
Compiling module simprims_ver.RB36_INTERNAL_VLOG(READ_WIDTH_A=...
Compiling module simprims_ver.RAMB36E1(READ_WIDTH_A=36,READ_WI...
Compiling module xil_defaultlib.RAM32X32B
Compiling module xil_defaultlib.RAM32X32B_HD2
Compiling module xil_defaultlib.registerFile
Compiling module xil_defaultlib.datapath
Compiling module simprims_ver.BUFG
Compiling module simprims_ver.latchsre_ldpe
Compiling module simprims_ver.LDPE
Compiling module simprims_ver.GND
Compiling module simprims_ver.VCC
Compiling module xil_defaultlib.LDCP_UNIQ_BASE_
Compiling module xil_defaultlib.interrupt_controller
Compiling module xil_defaultlib.uart_baudrate_generator
Compiling module xil_defaultlib.uart_rx
Compiling module xil_defaultlib.uart_tx
Compiling module xil_defaultlib.uart
Compiling module simprims_ver.IBUF
Compiling module simprims_ver.OBUF
Compiling module xil_defaultlib.vespa_toplevel
Compiling module xil_defaultlib.vespa_tb
Compiling module xil_defaultlib.glbl
Built simulation snapshot vespa_tb_time_impl
