INFO: [VRFC 10-2263] Analyzing Verilog file "/home/mariolima/Desktop/VESPA_BHV1.0/VESPA_BHV.sim/sim_1/impl/timing/xsim/vespa_tb_time_impl.v" into library xil_defaultlib
INFO: [VRFC 10-311] analyzing module LDCP_UNIQ_BASE_
INFO: [VRFC 10-311] analyzing module MEM00
INFO: [VRFC 10-311] analyzing module MEM01
INFO: [VRFC 10-311] analyzing module MEM10
INFO: [VRFC 10-311] analyzing module MEM11
INFO: [VRFC 10-311] analyzing module RAM32X32B
INFO: [VRFC 10-311] analyzing module RAM32X32B_HD2
INFO: [VRFC 10-311] analyzing module alu
INFO: [VRFC 10-311] analyzing module check_cond
INFO: [VRFC 10-311] analyzing module controlUnit
INFO: [VRFC 10-311] analyzing module datapath
INFO: [VRFC 10-311] analyzing module interrupt_controller
INFO: [VRFC 10-311] analyzing module memorySynthesis
INFO: [VRFC 10-311] analyzing module registerFile
INFO: [VRFC 10-311] analyzing module uart
INFO: [VRFC 10-311] analyzing module uart_baudrate_generator
INFO: [VRFC 10-311] analyzing module uart_rx
INFO: [VRFC 10-311] analyzing module uart_tx
INFO: [VRFC 10-311] analyzing module vespa_toplevel
INFO: [VRFC 10-311] analyzing module MEM00_blk_mem_gen_generic_cstr
INFO: [VRFC 10-311] analyzing module MEM00_blk_mem_gen_prim_width
INFO: [VRFC 10-311] analyzing module MEM00_blk_mem_gen_prim_wrapper_init
INFO: [VRFC 10-311] analyzing module MEM00_blk_mem_gen_top
INFO: [VRFC 10-311] analyzing module MEM00_blk_mem_gen_v8_4_6
INFO: [VRFC 10-311] analyzing module MEM00_blk_mem_gen_v8_4_6_synth
INFO: [VRFC 10-311] analyzing module MEM01_blk_mem_gen_generic_cstr
INFO: [VRFC 10-311] analyzing module MEM01_blk_mem_gen_prim_width
INFO: [VRFC 10-311] analyzing module MEM01_blk_mem_gen_prim_wrapper_init
INFO: [VRFC 10-311] analyzing module MEM01_blk_mem_gen_top
INFO: [VRFC 10-311] analyzing module MEM01_blk_mem_gen_v8_4_6
INFO: [VRFC 10-311] analyzing module MEM01_blk_mem_gen_v8_4_6_synth
INFO: [VRFC 10-311] analyzing module MEM10_blk_mem_gen_generic_cstr
INFO: [VRFC 10-311] analyzing module MEM10_blk_mem_gen_prim_width
INFO: [VRFC 10-311] analyzing module MEM10_blk_mem_gen_prim_wrapper_init
INFO: [VRFC 10-311] analyzing module MEM10_blk_mem_gen_top
INFO: [VRFC 10-311] analyzing module MEM10_blk_mem_gen_v8_4_6
INFO: [VRFC 10-311] analyzing module MEM10_blk_mem_gen_v8_4_6_synth
INFO: [VRFC 10-311] analyzing module MEM11_blk_mem_gen_generic_cstr
INFO: [VRFC 10-311] analyzing module MEM11_blk_mem_gen_prim_width
INFO: [VRFC 10-311] analyzing module MEM11_blk_mem_gen_prim_wrapper_init
INFO: [VRFC 10-311] analyzing module MEM11_blk_mem_gen_top
INFO: [VRFC 10-311] analyzing module MEM11_blk_mem_gen_v8_4_6
INFO: [VRFC 10-311] analyzing module MEM11_blk_mem_gen_v8_4_6_synth
INFO: [VRFC 10-311] analyzing module RAM32X32B_blk_mem_gen_generic_cstr
INFO: [VRFC 10-311] analyzing module RAM32X32B_blk_mem_gen_generic_cstr_HD6
INFO: [VRFC 10-311] analyzing module RAM32X32B_blk_mem_gen_prim_width
INFO: [VRFC 10-311] analyzing module RAM32X32B_blk_mem_gen_prim_width_HD7
INFO: [VRFC 10-311] analyzing module RAM32X32B_blk_mem_gen_prim_wrapper_init
INFO: [VRFC 10-311] analyzing module RAM32X32B_blk_mem_gen_prim_wrapper_init_HD8
INFO: [VRFC 10-311] analyzing module RAM32X32B_blk_mem_gen_top
INFO: [VRFC 10-311] analyzing module RAM32X32B_blk_mem_gen_top_HD5
INFO: [VRFC 10-311] analyzing module RAM32X32B_blk_mem_gen_v8_4_6
INFO: [VRFC 10-311] analyzing module RAM32X32B_blk_mem_gen_v8_4_6_HD3
INFO: [VRFC 10-311] analyzing module RAM32X32B_blk_mem_gen_v8_4_6_synth
INFO: [VRFC 10-311] analyzing module RAM32X32B_blk_mem_gen_v8_4_6_synth_HD4
INFO: [VRFC 10-311] analyzing module glbl
INFO: [VRFC 10-2263] Analyzing Verilog file "/home/mariolima/Desktop/VESPA_BHV1.0/VESPA_BHV.srcs/sim_1/new/vespa_tb.v" into library xil_defaultlib
INFO: [VRFC 10-311] analyzing module vespa_tb
