
*** Running vivado
    with args -log design_1_GPIO_Slave_0_0.vds -m64 -product Vivado -mode batch -messageDb vivado.pb -notrace -source design_1_GPIO_Slave_0_0.tcl


****** Vivado v2023.1 (64-bit)
  **** SW Build 3865809 on Sun May  7 15:04:56 MDT 2023
  **** IP Build 3864474 on Sun May  7 20:36:21 MDT 2023
  **** SharedData Build 3865790 on Sun May 07 13:33:03 MDT 2023
    ** Copyright 1986-2022 Xilinx, Inc. All Rights Reserved.
    ** Copyright 2022-2023 Advanced Micro Devices, Inc. All Rights Reserved.

source design_1_GPIO_Slave_0_0.tcl -notrace
INFO: [IP_Flow 19-234] Refreshing IP repositories
INFO: [IP_Flow 19-1700] Loaded user IP repository '/home/mariolima/Desktop/vespa_git/VeSPA/VeSPA_Peripherals'.
INFO: [IP_Flow 19-2313] Loaded Vivado IP repository '/tools/Xilinx/Vivado/2023.1/data/ip'.
INFO: [IP_Flow 19-6924] IPCACHE: Running cache check for IP inst: design_1_GPIO_Slave_0_0
Command: synth_design -top design_1_GPIO_Slave_0_0 -part xc7z010clg400-1 -incremental_mode off -mode out_of_context
Starting synth_design
Attempting to get a license for feature 'Synthesis' and/or device 'xc7z010'
INFO: [Common 17-349] Got license for feature 'Synthesis' and/or device 'xc7z010'
INFO: [Device 21-403] Loading part xc7z010clg400-1
INFO: [Synth 8-7079] Multithreading enabled for synth_design using a maximum of 4 processes.
INFO: [Synth 8-7078] Launching helper process for spawning children vivado processes
INFO: [Synth 8-7075] Helper process launched with PID 117889
---------------------------------------------------------------------------------
Starting RTL Elaboration : Time (s): cpu = 00:00:02 ; elapsed = 00:00:02 . Memory (MB): peak = 2029.801 ; gain = 376.801 ; free physical = 1007 ; free virtual = 4935
---------------------------------------------------------------------------------
INFO: [Synth 8-6157] synthesizing module 'design_1_GPIO_Slave_0_0' [/home/mariolima/Desktop/vespa_git/VeSPA/Vivado/VeSPA_Pipeline.gen/sources_1/bd/design_1/ip/design_1_GPIO_Slave_0_0/synth/design_1_GPIO_Slave_0_0.v:53]
INFO: [Synth 8-6157] synthesizing module 'GPIO_Slave' [/home/mariolima/Desktop/vespa_git/VeSPA/Vivado/VeSPA_Pipeline.gen/sources_1/bd/design_1/ipshared/a807/src/Gpio_Slave.v:1]
INFO: [Synth 8-6157] synthesizing module 'GPIO_PORT' [/home/mariolima/Desktop/vespa_git/VeSPA/Vivado/VeSPA_Pipeline.gen/sources_1/bd/design_1/ipshared/a807/src/gpio.v:24]
INFO: [Synth 8-6155] done synthesizing module 'GPIO_PORT' (0#1) [/home/mariolima/Desktop/vespa_git/VeSPA/Vivado/VeSPA_Pipeline.gen/sources_1/bd/design_1/ipshared/a807/src/gpio.v:24]
INFO: [Synth 8-6155] done synthesizing module 'GPIO_Slave' (0#1) [/home/mariolima/Desktop/vespa_git/VeSPA/Vivado/VeSPA_Pipeline.gen/sources_1/bd/design_1/ipshared/a807/src/Gpio_Slave.v:1]
INFO: [Synth 8-6155] done synthesizing module 'design_1_GPIO_Slave_0_0' (0#1) [/home/mariolima/Desktop/vespa_git/VeSPA/Vivado/VeSPA_Pipeline.gen/sources_1/bd/design_1/ip/design_1_GPIO_Slave_0_0/synth/design_1_GPIO_Slave_0_0.v:53]
WARNING: [Synth 8-3301] Unused top level parameter/generic BUS_MSB
WARNING: [Synth 8-7129] Port i_WData[31] in module GPIO_Slave is either unconnected or has no load
WARNING: [Synth 8-7129] Port i_WData[30] in module GPIO_Slave is either unconnected or has no load
WARNING: [Synth 8-7129] Port i_WData[29] in module GPIO_Slave is either unconnected or has no load
WARNING: [Synth 8-7129] Port i_WData[28] in module GPIO_Slave is either unconnected or has no load
WARNING: [Synth 8-7129] Port i_WData[27] in module GPIO_Slave is either unconnected or has no load
WARNING: [Synth 8-7129] Port i_WData[26] in module GPIO_Slave is either unconnected or has no load
WARNING: [Synth 8-7129] Port i_WData[25] in module GPIO_Slave is either unconnected or has no load
WARNING: [Synth 8-7129] Port i_WData[24] in module GPIO_Slave is either unconnected or has no load
WARNING: [Synth 8-7129] Port i_WData[23] in module GPIO_Slave is either unconnected or has no load
WARNING: [Synth 8-7129] Port i_WData[22] in module GPIO_Slave is either unconnected or has no load
WARNING: [Synth 8-7129] Port i_WData[21] in module GPIO_Slave is either unconnected or has no load
WARNING: [Synth 8-7129] Port i_WData[20] in module GPIO_Slave is either unconnected or has no load
WARNING: [Synth 8-7129] Port i_WData[19] in module GPIO_Slave is either unconnected or has no load
WARNING: [Synth 8-7129] Port i_WData[18] in module GPIO_Slave is either unconnected or has no load
WARNING: [Synth 8-7129] Port i_WData[17] in module GPIO_Slave is either unconnected or has no load
WARNING: [Synth 8-7129] Port i_WData[16] in module GPIO_Slave is either unconnected or has no load
WARNING: [Synth 8-7129] Port i_WData[15] in module GPIO_Slave is either unconnected or has no load
WARNING: [Synth 8-7129] Port i_WData[14] in module GPIO_Slave is either unconnected or has no load
WARNING: [Synth 8-7129] Port i_WData[13] in module GPIO_Slave is either unconnected or has no load
WARNING: [Synth 8-7129] Port i_WData[12] in module GPIO_Slave is either unconnected or has no load
WARNING: [Synth 8-7129] Port i_WData[11] in module GPIO_Slave is either unconnected or has no load
WARNING: [Synth 8-7129] Port i_WData[10] in module GPIO_Slave is either unconnected or has no load
WARNING: [Synth 8-7129] Port i_WData[9] in module GPIO_Slave is either unconnected or has no load
WARNING: [Synth 8-7129] Port i_WData[8] in module GPIO_Slave is either unconnected or has no load
---------------------------------------------------------------------------------
Finished RTL Elaboration : Time (s): cpu = 00:00:03 ; elapsed = 00:00:03 . Memory (MB): peak = 2098.738 ; gain = 445.738 ; free physical = 919 ; free virtual = 4836
---------------------------------------------------------------------------------
---------------------------------------------------------------------------------
Start Handling Custom Attributes
---------------------------------------------------------------------------------
---------------------------------------------------------------------------------
Finished Handling Custom Attributes : Time (s): cpu = 00:00:03 ; elapsed = 00:00:03 . Memory (MB): peak = 2113.582 ; gain = 460.582 ; free physical = 924 ; free virtual = 4842
---------------------------------------------------------------------------------
---------------------------------------------------------------------------------
Finished RTL Optimization Phase 1 : Time (s): cpu = 00:00:03 ; elapsed = 00:00:03 . Memory (MB): peak = 2113.582 ; gain = 460.582 ; free physical = 924 ; free virtual = 4842
---------------------------------------------------------------------------------
Netlist sorting complete. Time (s): cpu = 00:00:00 ; elapsed = 00:00:00 . Memory (MB): peak = 2113.582 ; gain = 0.000 ; free physical = 924 ; free virtual = 4842
INFO: [Project 1-570] Preparing netlist for logic optimization

Processing XDC Constraints
Initializing timing engine
Completed Processing XDC Constraints

Netlist sorting complete. Time (s): cpu = 00:00:00 ; elapsed = 00:00:00 . Memory (MB): peak = 2246.332 ; gain = 0.000 ; free physical = 917 ; free virtual = 4835
INFO: [Project 1-111] Unisim Transformation Summary:
No Unisim elements were transformed.

Constraint Validation Runtime : Time (s): cpu = 00:00:00.01 ; elapsed = 00:00:00.01 . Memory (MB): peak = 2246.332 ; gain = 0.000 ; free physical = 923 ; free virtual = 4841
INFO: [Designutils 20-5008] Incremental synthesis strategy off
---------------------------------------------------------------------------------
Finished Constraint Validation : Time (s): cpu = 00:00:06 ; elapsed = 00:00:06 . Memory (MB): peak = 2246.332 ; gain = 593.332 ; free physical = 787 ; free virtual = 4690
---------------------------------------------------------------------------------
---------------------------------------------------------------------------------
Start Loading Part and Timing Information
---------------------------------------------------------------------------------
Loading part: xc7z010clg400-1
---------------------------------------------------------------------------------
Finished Loading Part and Timing Information : Time (s): cpu = 00:00:06 ; elapsed = 00:00:06 . Memory (MB): peak = 2246.332 ; gain = 593.332 ; free physical = 787 ; free virtual = 4690
---------------------------------------------------------------------------------
---------------------------------------------------------------------------------
Start Applying 'set_property' XDC Constraints
---------------------------------------------------------------------------------
---------------------------------------------------------------------------------
Finished applying 'set_property' XDC Constraints : Time (s): cpu = 00:00:06 ; elapsed = 00:00:06 . Memory (MB): peak = 2246.332 ; gain = 593.332 ; free physical = 786 ; free virtual = 4689
---------------------------------------------------------------------------------
---------------------------------------------------------------------------------
Finished RTL Optimization Phase 2 : Time (s): cpu = 00:00:06 ; elapsed = 00:00:07 . Memory (MB): peak = 2246.332 ; gain = 593.332 ; free physical = 779 ; free virtual = 4683
---------------------------------------------------------------------------------
---------------------------------------------------------------------------------
Start RTL Component Statistics 
---------------------------------------------------------------------------------
Detailed RTL Component Info : 
+---Registers : 
	               32 Bit    Registers := 1     
	                8 Bit    Registers := 2     
	                1 Bit    Registers := 1     
+---Muxes : 
	   4 Input   32 Bit        Muxes := 1     
	   2 Input    1 Bit        Muxes := 7     
	   4 Input    1 Bit        Muxes := 3     
---------------------------------------------------------------------------------
Finished RTL Component Statistics 
---------------------------------------------------------------------------------
---------------------------------------------------------------------------------
Start Part Resource Summary
---------------------------------------------------------------------------------
Part Resources:
DSPs: 80 (col length:40)
BRAMs: 120 (col length: RAMB18 40 RAMB36 20)
---------------------------------------------------------------------------------
Finished Part Resource Summary
---------------------------------------------------------------------------------
---------------------------------------------------------------------------------
Start Cross Boundary and Area Optimization
---------------------------------------------------------------------------------
WARNING: [Synth 8-7080] Parallel synthesis criteria is not met
INFO: [Synth 8-3917] design design_1_GPIO_Slave_0_0 has port o_RData[31] driven by constant 0
INFO: [Synth 8-3917] design design_1_GPIO_Slave_0_0 has port o_RData[30] driven by constant 0
INFO: [Synth 8-3917] design design_1_GPIO_Slave_0_0 has port o_RData[29] driven by constant 0
INFO: [Synth 8-3917] design design_1_GPIO_Slave_0_0 has port o_RData[28] driven by constant 0
INFO: [Synth 8-3917] design design_1_GPIO_Slave_0_0 has port o_RData[27] driven by constant 0
INFO: [Synth 8-3917] design design_1_GPIO_Slave_0_0 has port o_RData[26] driven by constant 0
INFO: [Synth 8-3917] design design_1_GPIO_Slave_0_0 has port o_RData[25] driven by constant 0
INFO: [Synth 8-3917] design design_1_GPIO_Slave_0_0 has port o_RData[24] driven by constant 0
INFO: [Synth 8-3917] design design_1_GPIO_Slave_0_0 has port o_RData[23] driven by constant 0
INFO: [Synth 8-3917] design design_1_GPIO_Slave_0_0 has port o_RData[22] driven by constant 0
INFO: [Synth 8-3917] design design_1_GPIO_Slave_0_0 has port o_RData[21] driven by constant 0
INFO: [Synth 8-3917] design design_1_GPIO_Slave_0_0 has port o_RData[20] driven by constant 0
INFO: [Synth 8-3917] design design_1_GPIO_Slave_0_0 has port o_RData[19] driven by constant 0
INFO: [Synth 8-3917] design design_1_GPIO_Slave_0_0 has port o_RData[18] driven by constant 0
INFO: [Synth 8-3917] design design_1_GPIO_Slave_0_0 has port o_RData[17] driven by constant 0
INFO: [Synth 8-3917] design design_1_GPIO_Slave_0_0 has port o_RData[16] driven by constant 0
INFO: [Synth 8-3917] design design_1_GPIO_Slave_0_0 has port o_RData[15] driven by constant 0
INFO: [Synth 8-3917] design design_1_GPIO_Slave_0_0 has port o_RData[14] driven by constant 0
INFO: [Synth 8-3917] design design_1_GPIO_Slave_0_0 has port o_RData[13] driven by constant 0
INFO: [Synth 8-3917] design design_1_GPIO_Slave_0_0 has port o_RData[12] driven by constant 0
INFO: [Synth 8-3917] design design_1_GPIO_Slave_0_0 has port o_RData[11] driven by constant 0
INFO: [Synth 8-3917] design design_1_GPIO_Slave_0_0 has port o_RData[10] driven by constant 0
INFO: [Synth 8-3917] design design_1_GPIO_Slave_0_0 has port o_RData[9] driven by constant 0
INFO: [Synth 8-3917] design design_1_GPIO_Slave_0_0 has port o_RData[8] driven by constant 0
WARNING: [Synth 8-7129] Port i_WData[31] in module design_1_GPIO_Slave_0_0 is either unconnected or has no load
WARNING: [Synth 8-7129] Port i_WData[30] in module design_1_GPIO_Slave_0_0 is either unconnected or has no load
WARNING: [Synth 8-7129] Port i_WData[29] in module design_1_GPIO_Slave_0_0 is either unconnected or has no load
WARNING: [Synth 8-7129] Port i_WData[28] in module design_1_GPIO_Slave_0_0 is either unconnected or has no load
WARNING: [Synth 8-7129] Port i_WData[27] in module design_1_GPIO_Slave_0_0 is either unconnected or has no load
WARNING: [Synth 8-7129] Port i_WData[26] in module design_1_GPIO_Slave_0_0 is either unconnected or has no load
WARNING: [Synth 8-7129] Port i_WData[25] in module design_1_GPIO_Slave_0_0 is either unconnected or has no load
WARNING: [Synth 8-7129] Port i_WData[24] in module design_1_GPIO_Slave_0_0 is either unconnected or has no load
WARNING: [Synth 8-7129] Port i_WData[23] in module design_1_GPIO_Slave_0_0 is either unconnected or has no load
WARNING: [Synth 8-7129] Port i_WData[22] in module design_1_GPIO_Slave_0_0 is either unconnected or has no load
WARNING: [Synth 8-7129] Port i_WData[21] in module design_1_GPIO_Slave_0_0 is either unconnected or has no load
WARNING: [Synth 8-7129] Port i_WData[20] in module design_1_GPIO_Slave_0_0 is either unconnected or has no load
WARNING: [Synth 8-7129] Port i_WData[19] in module design_1_GPIO_Slave_0_0 is either unconnected or has no load
WARNING: [Synth 8-7129] Port i_WData[18] in module design_1_GPIO_Slave_0_0 is either unconnected or has no load
WARNING: [Synth 8-7129] Port i_WData[17] in module design_1_GPIO_Slave_0_0 is either unconnected or has no load
WARNING: [Synth 8-7129] Port i_WData[16] in module design_1_GPIO_Slave_0_0 is either unconnected or has no load
WARNING: [Synth 8-7129] Port i_WData[15] in module design_1_GPIO_Slave_0_0 is either unconnected or has no load
WARNING: [Synth 8-7129] Port i_WData[14] in module design_1_GPIO_Slave_0_0 is either unconnected or has no load
WARNING: [Synth 8-7129] Port i_WData[13] in module design_1_GPIO_Slave_0_0 is either unconnected or has no load
WARNING: [Synth 8-7129] Port i_WData[12] in module design_1_GPIO_Slave_0_0 is either unconnected or has no load
WARNING: [Synth 8-7129] Port i_WData[11] in module design_1_GPIO_Slave_0_0 is either unconnected or has no load
WARNING: [Synth 8-7129] Port i_WData[10] in module design_1_GPIO_Slave_0_0 is either unconnected or has no load
WARNING: [Synth 8-7129] Port i_WData[9] in module design_1_GPIO_Slave_0_0 is either unconnected or has no load
WARNING: [Synth 8-7129] Port i_WData[8] in module design_1_GPIO_Slave_0_0 is either unconnected or has no load
---------------------------------------------------------------------------------
Finished Cross Boundary and Area Optimization : Time (s): cpu = 00:00:07 ; elapsed = 00:00:07 . Memory (MB): peak = 2246.332 ; gain = 593.332 ; free physical = 779 ; free virtual = 4683
---------------------------------------------------------------------------------
---------------------------------------------------------------------------------
Start Applying XDC Timing Constraints
---------------------------------------------------------------------------------
---------------------------------------------------------------------------------
Finished Applying XDC Timing Constraints : Time (s): cpu = 00:00:09 ; elapsed = 00:00:10 . Memory (MB): peak = 2246.332 ; gain = 593.332 ; free physical = 896 ; free virtual = 4800
---------------------------------------------------------------------------------
---------------------------------------------------------------------------------
Start Timing Optimization
---------------------------------------------------------------------------------
---------------------------------------------------------------------------------
Finished Timing Optimization : Time (s): cpu = 00:00:09 ; elapsed = 00:00:10 . Memory (MB): peak = 2246.332 ; gain = 593.332 ; free physical = 896 ; free virtual = 4800
---------------------------------------------------------------------------------
---------------------------------------------------------------------------------
Start Technology Mapping
---------------------------------------------------------------------------------
---------------------------------------------------------------------------------
Finished Technology Mapping : Time (s): cpu = 00:00:09 ; elapsed = 00:00:10 . Memory (MB): peak = 2246.332 ; gain = 593.332 ; free physical = 888 ; free virtual = 4793
---------------------------------------------------------------------------------
---------------------------------------------------------------------------------
Start IO Insertion
---------------------------------------------------------------------------------
---------------------------------------------------------------------------------
Start Flattening Before IO Insertion
---------------------------------------------------------------------------------
---------------------------------------------------------------------------------
Finished Flattening Before IO Insertion
---------------------------------------------------------------------------------
---------------------------------------------------------------------------------
Start Final Netlist Cleanup
---------------------------------------------------------------------------------
---------------------------------------------------------------------------------
Finished Final Netlist Cleanup
---------------------------------------------------------------------------------
CRITICAL WARNING: [Synth 8-5799] Converted tricell instance 'gpioi_0' to logic
CRITICAL WARNING: [Synth 8-5799] Converted tricell instance 'gpioi_1' to logic
CRITICAL WARNING: [Synth 8-5799] Converted tricell instance 'gpioi_2' to logic
CRITICAL WARNING: [Synth 8-5799] Converted tricell instance 'gpioi_3' to logic
CRITICAL WARNING: [Synth 8-5799] Converted tricell instance 'gpioi_4' to logic
CRITICAL WARNING: [Synth 8-5799] Converted tricell instance 'gpioi_5' to logic
CRITICAL WARNING: [Synth 8-5799] Converted tricell instance 'gpioi_6' to logic
CRITICAL WARNING: [Synth 8-5799] Converted tricell instance 'gpioi_7' to logic
---------------------------------------------------------------------------------
Finished IO Insertion : Time (s): cpu = 00:00:11 ; elapsed = 00:00:12 . Memory (MB): peak = 2246.332 ; gain = 593.332 ; free physical = 862 ; free virtual = 4783
---------------------------------------------------------------------------------
---------------------------------------------------------------------------------
Start Renaming Generated Instances
---------------------------------------------------------------------------------
---------------------------------------------------------------------------------
Finished Renaming Generated Instances : Time (s): cpu = 00:00:11 ; elapsed = 00:00:12 . Memory (MB): peak = 2246.332 ; gain = 593.332 ; free physical = 862 ; free virtual = 4783
---------------------------------------------------------------------------------
---------------------------------------------------------------------------------
Start Rebuilding User Hierarchy
---------------------------------------------------------------------------------
---------------------------------------------------------------------------------
Finished Rebuilding User Hierarchy : Time (s): cpu = 00:00:11 ; elapsed = 00:00:12 . Memory (MB): peak = 2246.332 ; gain = 593.332 ; free physical = 862 ; free virtual = 4783
---------------------------------------------------------------------------------
---------------------------------------------------------------------------------
Start Renaming Generated Ports
---------------------------------------------------------------------------------
---------------------------------------------------------------------------------
Finished Renaming Generated Ports : Time (s): cpu = 00:00:11 ; elapsed = 00:00:12 . Memory (MB): peak = 2246.332 ; gain = 593.332 ; free physical = 862 ; free virtual = 4783
---------------------------------------------------------------------------------
---------------------------------------------------------------------------------
Start Handling Custom Attributes
---------------------------------------------------------------------------------
---------------------------------------------------------------------------------
Finished Handling Custom Attributes : Time (s): cpu = 00:00:11 ; elapsed = 00:00:12 . Memory (MB): peak = 2246.332 ; gain = 593.332 ; free physical = 862 ; free virtual = 4783
---------------------------------------------------------------------------------
---------------------------------------------------------------------------------
Start Renaming Generated Nets
---------------------------------------------------------------------------------
---------------------------------------------------------------------------------
Finished Renaming Generated Nets : Time (s): cpu = 00:00:11 ; elapsed = 00:00:12 . Memory (MB): peak = 2246.332 ; gain = 593.332 ; free physical = 862 ; free virtual = 4783
---------------------------------------------------------------------------------
---------------------------------------------------------------------------------
Start Writing Synthesis Report
---------------------------------------------------------------------------------

Report BlackBoxes: 
+-+--------------+----------+
| |BlackBox name |Instances |
+-+--------------+----------+
+-+--------------+----------+

Report Cell Usage: 
+------+-----+------+
|      |Cell |Count |
+------+-----+------+
|1     |LUT2 |    10|
|2     |LUT3 |     1|
|3     |LUT4 |    10|
|4     |LUT5 |    15|
|5     |LUT6 |     2|
|6     |FDRE |    25|
+------+-----+------+
---------------------------------------------------------------------------------
Finished Writing Synthesis Report : Time (s): cpu = 00:00:11 ; elapsed = 00:00:12 . Memory (MB): peak = 2246.332 ; gain = 593.332 ; free physical = 862 ; free virtual = 4783
---------------------------------------------------------------------------------
Synthesis finished with 0 errors, 8 critical warnings and 25 warnings.
Synthesis Optimization Runtime : Time (s): cpu = 00:00:11 ; elapsed = 00:00:11 . Memory (MB): peak = 2246.332 ; gain = 460.582 ; free physical = 854 ; free virtual = 4775
Synthesis Optimization Complete : Time (s): cpu = 00:00:11 ; elapsed = 00:00:12 . Memory (MB): peak = 2246.332 ; gain = 593.332 ; free physical = 854 ; free virtual = 4775
INFO: [Project 1-571] Translating synthesized netlist
Netlist sorting complete. Time (s): cpu = 00:00:00 ; elapsed = 00:00:00 . Memory (MB): peak = 2246.332 ; gain = 0.000 ; free physical = 1117 ; free virtual = 5039
INFO: [Project 1-570] Preparing netlist for logic optimization
INFO: [Opt 31-138] Pushed 0 inverter(s) to 0 load pin(s).
Netlist sorting complete. Time (s): cpu = 00:00:00 ; elapsed = 00:00:00 . Memory (MB): peak = 2246.332 ; gain = 0.000 ; free physical = 1161 ; free virtual = 5068
INFO: [Project 1-111] Unisim Transformation Summary:
No Unisim elements were transformed.

Synth Design complete | Checksum: 4f480bc2
INFO: [Common 17-83] Releasing license: Synthesis
47 Infos, 50 Warnings, 8 Critical Warnings and 0 Errors encountered.
synth_design completed successfully
synth_design: Time (s): cpu = 00:00:16 ; elapsed = 00:00:14 . Memory (MB): peak = 2246.332 ; gain = 901.668 ; free physical = 1161 ; free virtual = 5068
INFO: [Common 17-2834] synth_design peak Physical Memory [PSS] (MB): overall = 1930.476; main = 1638.346; forked = 414.315
INFO: [Common 17-2834] synth_design peak Virtual Memory [VSS] (MB): overall = 3195.355; main = 2214.320; forked = 981.035
INFO: [Common 17-1381] The checkpoint '/home/mariolima/Desktop/vespa_git/VeSPA/Vivado/VeSPA_Pipeline.runs/design_1_GPIO_Slave_0_0_synth_1/design_1_GPIO_Slave_0_0.dcp' has been generated.
INFO: [runtcl-6] Synthesis results are not added to the cache due to CRITICAL_WARNING
INFO: [Common 17-1381] The checkpoint '/home/mariolima/Desktop/vespa_git/VeSPA/Vivado/VeSPA_Pipeline.runs/design_1_GPIO_Slave_0_0_synth_1/design_1_GPIO_Slave_0_0.dcp' has been generated.
INFO: [runtcl-4] Executing : report_utilization -file design_1_GPIO_Slave_0_0_utilization_synth.rpt -pb design_1_GPIO_Slave_0_0_utilization_synth.pb
INFO: [Common 17-206] Exiting Vivado at Wed Jun  5 00:38:12 2024...
