INFO: [VRFC 10-2263] Analyzing Verilog file "/home/araujoj/Documents/VivadoProjects/uart_axi_2_register_v1/uart_axi_2_register_v1.gen/sources_1/ip/uart_axi_slave_0/hdl/uart_axi_slave_v3_0_S00_AXI.v" into library xil_defaultlib
INFO: [VRFC 10-311] analyzing module uart_axi_slave_v3_0_S00_AXI
INFO: [VRFC 10-2263] Analyzing Verilog file "/home/araujoj/Documents/VivadoProjects/uart_axi_2_register_v1/uart_axi_2_register_v1.gen/sources_1/ip/uart_axi_slave_0/hdl/uart_axi_slave_v3_0.v" into library xil_defaultlib
INFO: [VRFC 10-311] analyzing module uart_axi_slave_v3_0
INFO: [VRFC 10-2263] Analyzing Verilog file "/home/araujoj/Documents/VivadoProjects/uart_axi_2_register_v1/uart_axi_2_register_v1.gen/sources_1/ip/uart_axi_slave_0/src/uart.v" into library xil_defaultlib
INFO: [VRFC 10-311] analyzing module uart
INFO: [VRFC 10-2263] Analyzing Verilog file "/home/araujoj/Documents/VivadoProjects/uart_axi_2_register_v1/uart_axi_2_register_v1.gen/sources_1/ip/uart_axi_slave_0/src/uart_baudrate_generator.v" into library xil_defaultlib
INFO: [VRFC 10-311] analyzing module uart_baudrate_generator
INFO: [VRFC 10-2263] Analyzing Verilog file "/home/araujoj/Documents/VivadoProjects/uart_axi_2_register_v1/uart_axi_2_register_v1.gen/sources_1/ip/uart_axi_slave_0/src/uart_rx.v" into library xil_defaultlib
INFO: [VRFC 10-311] analyzing module uart_rx
INFO: [VRFC 10-2263] Analyzing Verilog file "/home/araujoj/Documents/VivadoProjects/uart_axi_2_register_v1/uart_axi_2_register_v1.gen/sources_1/ip/uart_axi_slave_0/src/uart_tx.v" into library xil_defaultlib
INFO: [VRFC 10-311] analyzing module uart_tx
INFO: [VRFC 10-2263] Analyzing Verilog file "/home/araujoj/Documents/VivadoProjects/uart_axi_2_register_v1/uart_axi_2_register_v1.gen/sources_1/ip/uart_axi_slave_0/sim/uart_axi_slave_0.v" into library xil_defaultlib
INFO: [VRFC 10-311] analyzing module uart_axi_slave_0
INFO: [VRFC 10-2263] Analyzing Verilog file "/home/araujoj/Documents/VivadoProjects/uart_axi_2_register_v1/uart_axi_2_register_v1.srcs/sources_1/new/control.v" into library xil_defaultlib
INFO: [VRFC 10-311] analyzing module uartAxi
INFO: [VRFC 10-2263] Analyzing Verilog file "/home/araujoj/Documents/VivadoProjects/uart_axi_2_register_v1/uart_axi_2_register_v1.srcs/sources_1/new/top.v" into library xil_defaultlib
INFO: [VRFC 10-311] analyzing module top
WARNING: [VRFC 10-3380] identifier 'txState' is used before its declaration [/home/araujoj/Documents/VivadoProjects/uart_axi_2_register_v1/uart_axi_2_register_v1.srcs/sources_1/new/top.v:49]
INFO: [VRFC 10-2263] Analyzing Verilog file "/home/araujoj/Documents/VivadoProjects/uart_axi_2_register_v1/uart_axi_2_register_v1.srcs/sim_1/new/control_tb.v" into library xil_defaultlib
INFO: [VRFC 10-311] analyzing module control_tb
