Vivado Simulator v2023.1
Copyright 1986-2022 Xilinx, Inc. All Rights Reserved.
Copyright 2022-2023 Advanced Micro Devices, Inc. All Rights Reserved.
Running: /tools/Xilinx/Vivado/2023.1/bin/unwrapped/lnx64.o/xelab --incr --debug typical --relax --mt 8 -L xil_defaultlib -L unisims_ver -L unimacro_ver -L secureip -L xpm --snapshot control_tb_behav xil_defaultlib.control_tb xil_defaultlib.glbl -log elaborate.log 
Using 8 slave threads.
Starting static elaboration
Pass Through NonSizing Optimizer
WARNING: [VRFC 10-3091] actual bit length 5 differs from formal bit length 4 for port 's00_axi_awaddr' [/home/araujoj/Documents/VivadoProjects/uart_axi_2_register_v1/uart_axi_2_register_v1.srcs/sources_1/new/control.v:149]
WARNING: [VRFC 10-3091] actual bit length 5 differs from formal bit length 4 for port 's00_axi_araddr' [/home/araujoj/Documents/VivadoProjects/uart_axi_2_register_v1/uart_axi_2_register_v1.srcs/sources_1/new/control.v:160]
Completed static elaboration
Starting simulation data flow analysis
Completed simulation data flow analysis
Time Resolution for simulation is 1ps
Compiling module xil_defaultlib.uart_baudrate_generator
Compiling module xil_defaultlib.uart_tx
Compiling module xil_defaultlib.uart_rx
Compiling module xil_defaultlib.uart
Compiling module xil_defaultlib.uart_axi_slave_v3_0_S00_AXI_defa...
Compiling module xil_defaultlib.uart_axi_slave_v3_0
Compiling module xil_defaultlib.uart_axi_slave_0
Compiling module xil_defaultlib.uartAxi
Compiling module xil_defaultlib.top
Compiling module xil_defaultlib.control_tb
Compiling module xil_defaultlib.glbl
Built simulation snapshot control_tb_behav
