#
# An unexpected error has occurred (11)
#
Stack:
/tools/Xilinx/Vivado/2023.1/tps/lnx64/jre17.0.3_7/lib//server/libjvm.so(+0xd7d55f) [0x7f1c2af7d55f]
/tools/Xilinx/Vivado/2023.1/tps/lnx64/jre17.0.3_7/lib//server/libjvm.so(JVM_handle_linux_signal+0x23d) [0x7f1c2af7e03d]
/lib/x86_64-linux-gnu/libc.so.6(+0x3c460) [0x7f1c6963c460]
/tools/Xilinx/Vivado/2023.1/lib/lnx64.o/librdi_wavedata.so(+0x286cc5) [0x7f1c3aa86cc5]
/tools/Xilinx/Vivado/2023.1/lib/lnx64.o/librdi_wavedata.so(SimBridge::DataObjMgr::createDrawingBTree(std::vector<SimBridge::IDataObj const*, std::allocator<SimBridge::IDataObj const*> > const&, ISIM::IGuiStatus*, bool)+0x207) [0x7f1c3aa87287]
/tools/Xilinx/Vivado/2023.1/lib/lnx64.o/librdi_wavedata.so(SimBridge::DataReader::getTransitions(SimBridge::IDataObj const*, long long, long long, long long, SimBridge::ValueFormat const&, std::vector<SimBridge::Transition, std::allocator<SimBridge::Transition> >&) const+0x6f) [0x7f1c3aa924df]
/tools/Xilinx/Vivado/2023.1/lib/lnx64.o/librdi_wavedata.so(SG_Model::ModelImp::getTransitions(SimBridge::IDataObj const*, SG_Model::IDatabase*, long long, long long, long long, SimBridge::ValueFormat const&, bool, std::vector<SimBridge::Transition, std::allocator<SimBridge::Transition> >&) const+0xbd) [0x7f1c3ab3238d]
/tools/Xilinx/Vivado/2023.1/lib/lnx64.o/librdi_wavedata.so(SG_Model::Model::getTransitions(SG_Model::WVDataObject const*, long long, long long, long long, SimBridge::ValueFormat const&, bool, std::vector<SimBridge::Transition, std::allocator<SimBridge::Transition> >&) const+0x12c) [0x7f1c3ab33aac]
/tools/Xilinx/Vivado/2023.1/lib/lnx64.o/librdi_wavedata.so(+0x362eda) [0x7f1c3ab62eda]
/tools/Xilinx/Vivado/2023.1/lib/lnx64.o/librdi_wavedata.so(SG_Model::WaveformRender::render(SG_Model::WVDataObject const&)+0x294) [0x7f1c3ab5f574]
/tools/Xilinx/Vivado/2023.1/lib/lnx64.o/librdi_wavedata.so(WaveViewer::WVWaveformPanel::WaveformTraverser::drawWaveform(SG_Model::WVDataObject const*, int, int)+0x38e) [0x7f1c3abda5fe]
/tools/Xilinx/Vivado/2023.1/lib/lnx64.o/librdi_wavedata.so(WaveViewer::WVWaveformPanel::WaveformTraverser::handleItemSize(WaveViewer::WVTreeWVObjectModel::ITraverseHandler::TraverseItem const&)+0x52) [0x7f1c3abda8d2]
/tools/Xilinx/Vivado/2023.1/lib/lnx64.o/librdi_wavedata.so(WaveViewer::WVTreeWVObjectModel::traverseYRange(SG_Model::WVDataObject const*, WaveViewer::WVTreeWVObjectModel::ITraverseHandler&, int, int, int&, int&) const+0x234) [0x7f1c3abbddf4]
/tools/Xilinx/Vivado/2023.1/lib/lnx64.o/librdi_wavedata.so(WaveViewer::WVTreeWVObjectModel::traverseYRange(SG_Model::WVDataObject const*, WaveViewer::WVTreeWVObjectModel::ITraverseHandler&, int, int, int&, int&) const+0x2be) [0x7f1c3abbde7e]
/tools/Xilinx/Vivado/2023.1/lib/lnx64.o/librdi_wavedata.so(WaveViewer::WVTreeWVObjectModel::traverseYRange(WaveViewer::WVTreeWVObjectModel::ITraverseHandler&, int, int) const+0x57) [0x7f1c3abbdfb7]
/tools/Xilinx/Vivado/2023.1/lib/lnx64.o/librdi_wavedata.so(WaveViewer::WVWaveformPanel::getGraphics(HDGDStringStream&, long&)+0x3a9) [0x7f1c3abd9bf9]
/tools/Xilinx/Vivado/2023.1/lib/lnx64.o/librdi_wavedata.so(WVExecutiveImp::getGraphicsDataSize()+0x9a) [0x7f1c3ab95d1a]
/tools/Xilinx/Vivado/2023.1/lib/lnx64.o/librdi_wavedata.so(WVExecutive::getGraphicsDataSize()+0xf) [0x7f1c3ab9618f]
/tools/Xilinx/Vivado/2023.1/lib/lnx64.o/librdi_wavedata.so(Java_ui_views_waveform_waveformi_WVExecutive_1getGraphicsDataSize+0x17) [0x7f1c3abe2517]
[0x7f1c1c16e45c]
