INFO: [VRFC 10-2263] Analyzing Verilog file "/home/bruno/gitreps/VeSPA/Vivado/VeSPA_Pipeline.srcs/sources_1/new/Constants.v" into library xil_defaultlib
WARNING: [VRFC 10-3381] ignoring re-definition of command line macro 'BUS_WIDTH' [/home/bruno/gitreps/VeSPA/Vivado/VeSPA_Pipeline.srcs/sources_1/new/Constants.v:4]
WARNING: [VRFC 10-3381] ignoring re-definition of command line macro 'BUS_MSB' [/home/bruno/gitreps/VeSPA/Vivado/VeSPA_Pipeline.srcs/sources_1/new/Constants.v:5]
INFO: [VRFC 10-2263] Analyzing Verilog file "/home/bruno/gitreps/VeSPA/Vivado/VeSPA_Pipeline.gen/sources_1/ip/CodeMemory/sim/CodeMemory.v" into library xil_defaultlib
INFO: [VRFC 10-311] analyzing module CodeMemory
INFO: [VRFC 10-2263] Analyzing Verilog file "/home/bruno/gitreps/VeSPA/Vivado/VeSPA_Pipeline.gen/sources_1/ip/RAM/sim/RAM.v" into library xil_defaultlib
INFO: [VRFC 10-311] analyzing module RAM
INFO: [VRFC 10-2263] Analyzing Verilog file "/home/bruno/gitreps/VeSPA/Vivado/VeSPA_Pipeline.srcs/sources_1/new/ALU.v" into library xil_defaultlib
INFO: [VRFC 10-311] analyzing module ALU
INFO: [VRFC 10-2263] Analyzing Verilog file "/home/bruno/gitreps/VeSPA/Vivado/VeSPA_Pipeline.srcs/sources_1/new/CPU.v" into library xil_defaultlib
INFO: [VRFC 10-311] analyzing module CPU
INFO: [VRFC 10-2263] Analyzing Verilog file "/home/bruno/gitreps/VeSPA/Vivado/VeSPA_Pipeline.srcs/sources_1/new/ControlUnit.v" into library xil_defaultlib
INFO: [VRFC 10-311] analyzing module ControlUnit
INFO: [VRFC 10-2263] Analyzing Verilog file "/home/bruno/gitreps/VeSPA/Vivado/VeSPA_Pipeline.srcs/sources_1/new/DecodeExecuteReg.v" into library xil_defaultlib
INFO: [VRFC 10-311] analyzing module DecodeExecuteReg
INFO: [VRFC 10-2263] Analyzing Verilog file "/home/bruno/gitreps/VeSPA/Vivado/VeSPA_Pipeline.srcs/sources_1/new/ExecuteMemoryReg.v" into library xil_defaultlib
INFO: [VRFC 10-311] analyzing module ExecuteMemoryReg
INFO: [VRFC 10-2263] Analyzing Verilog file "/home/bruno/gitreps/VeSPA/Vivado/VeSPA_Pipeline.srcs/sources_1/new/FetchDecodeReg.v" into library xil_defaultlib
INFO: [VRFC 10-311] analyzing module FetchDecodeReg
INFO: [VRFC 10-2263] Analyzing Verilog file "/home/bruno/gitreps/VeSPA/Vivado/VeSPA_Pipeline.srcs/sources_1/new/InstructionDecode.v" into library xil_defaultlib
INFO: [VRFC 10-311] analyzing module InstructionDecode
INFO: [VRFC 10-2263] Analyzing Verilog file "/home/bruno/gitreps/VeSPA/Vivado/VeSPA_Pipeline.srcs/sources_1/new/InstructionExecute.v" into library xil_defaultlib
INFO: [VRFC 10-311] analyzing module InstructionExecute
INFO: [VRFC 10-2263] Analyzing Verilog file "/home/bruno/gitreps/VeSPA/Vivado/VeSPA_Pipeline.srcs/sources_1/new/InstructionFetch.v" into library xil_defaultlib
INFO: [VRFC 10-311] analyzing module InstructionFetch
INFO: [VRFC 10-2263] Analyzing Verilog file "/home/bruno/gitreps/VeSPA/Vivado/VeSPA_Pipeline.srcs/sources_1/new/InstructionMemory.v" into library xil_defaultlib
INFO: [VRFC 10-311] analyzing module InstructionMemory
INFO: [VRFC 10-2263] Analyzing Verilog file "/home/bruno/gitreps/VeSPA/Vivado/VeSPA_Pipeline.srcs/sources_1/new/InstructionWriteBack.v" into library xil_defaultlib
INFO: [VRFC 10-311] analyzing module InstructionWriteBack
INFO: [VRFC 10-2263] Analyzing Verilog file "/home/bruno/gitreps/VeSPA/Vivado/VeSPA_Pipeline.srcs/sources_1/new/MemoryWriteBackReg.v" into library xil_defaultlib
INFO: [VRFC 10-311] analyzing module MemoryWriteBackReg
INFO: [VRFC 10-2263] Analyzing Verilog file "/home/bruno/gitreps/VeSPA/Vivado/VeSPA_Pipeline.srcs/sources_1/new/RegisterFile.v" into library xil_defaultlib
INFO: [VRFC 10-311] analyzing module RegisterFile
INFO: [VRFC 10-2263] Analyzing Verilog file "/home/bruno/gitreps/VeSPA/Vivado/VeSPA_Pipeline.srcs/sources_1/new/memory_wrapper.v" into library xil_defaultlib
INFO: [VRFC 10-311] analyzing module memory_wrapper
INFO: [VRFC 10-2263] Analyzing Verilog file "/home/bruno/gitreps/VeSPA/Vivado/VeSPA_Pipeline.srcs/sources_1/new/top_level.v" into library xil_defaultlib
INFO: [VRFC 10-311] analyzing module top_level
INFO: [VRFC 10-2263] Analyzing Verilog file "/home/bruno/gitreps/VeSPA/Vivado/VeSPA_Pipeline.srcs/sim_1/new/Pipeline_tb.v" into library xil_defaultlib
INFO: [VRFC 10-311] analyzing module Pipeline_tb
