INFO: [VRFC 10-2263] Analyzing Verilog file "/home/mariolima/Desktop/vespa_git/VeSPA/Vivado/VeSPA_Pipeline.sim/sim_1/impl/timing/xsim/Pipeline_tb_time_impl.v" into library xil_defaultlib
INFO: [VRFC 10-311] analyzing module ALU
INFO: [VRFC 10-311] analyzing module CPU
INFO: [VRFC 10-311] analyzing module CodeMemory
INFO: [VRFC 10-311] analyzing module ControlUnit
INFO: [VRFC 10-311] analyzing module DecodeExecuteReg
INFO: [VRFC 10-311] analyzing module ExecuteMemoryReg
INFO: [VRFC 10-311] analyzing module FetchDecodeReg
INFO: [VRFC 10-311] analyzing module HazardUnit
INFO: [VRFC 10-311] analyzing module InstructionDecode
INFO: [VRFC 10-311] analyzing module InstructionExecute
INFO: [VRFC 10-311] analyzing module InstructionFetch
INFO: [VRFC 10-311] analyzing module MemoryWriteBackReg
INFO: [VRFC 10-311] analyzing module RAM
INFO: [VRFC 10-311] analyzing module RegisterFile
INFO: [VRFC 10-311] analyzing module clk_wiz_0
INFO: [VRFC 10-311] analyzing module clk_wiz_0_clk_wiz
INFO: [VRFC 10-311] analyzing module control_hazards
INFO: [VRFC 10-311] analyzing module interruptController
INFO: [VRFC 10-311] analyzing module memory_wrapper
INFO: [VRFC 10-311] analyzing module top_level
INFO: [VRFC 10-311] analyzing module RAM_blk_mem_gen_generic_cstr
INFO: [VRFC 10-311] analyzing module RAM_blk_mem_gen_prim_width
INFO: [VRFC 10-311] analyzing module RAM_blk_mem_gen_prim_wrapper_init
INFO: [VRFC 10-311] analyzing module RAM_blk_mem_gen_top
INFO: [VRFC 10-311] analyzing module RAM_blk_mem_gen_v8_4_6
INFO: [VRFC 10-311] analyzing module RAM_blk_mem_gen_v8_4_6_synth
INFO: [VRFC 10-311] analyzing module blk_mem_gen_generic_cstr
INFO: [VRFC 10-311] analyzing module blk_mem_gen_prim_width
INFO: [VRFC 10-311] analyzing module blk_mem_gen_prim_width__parameterized0
INFO: [VRFC 10-311] analyzing module blk_mem_gen_prim_width__parameterized1
INFO: [VRFC 10-311] analyzing module blk_mem_gen_prim_width__parameterized2
INFO: [VRFC 10-311] analyzing module blk_mem_gen_prim_wrapper_init
INFO: [VRFC 10-311] analyzing module blk_mem_gen_prim_wrapper_init__parameterized0
INFO: [VRFC 10-311] analyzing module blk_mem_gen_prim_wrapper_init__parameterized1
INFO: [VRFC 10-311] analyzing module blk_mem_gen_prim_wrapper_init__parameterized2
INFO: [VRFC 10-311] analyzing module blk_mem_gen_top
INFO: [VRFC 10-311] analyzing module blk_mem_gen_v8_4_6
INFO: [VRFC 10-311] analyzing module blk_mem_gen_v8_4_6_synth
INFO: [VRFC 10-311] analyzing module glbl
INFO: [VRFC 10-2263] Analyzing Verilog file "/home/mariolima/Desktop/vespa_git/VeSPA/Vivado/VeSPA_Pipeline.srcs/sim_1/new/Pipeline_tb.v" into library xil_defaultlib
INFO: [VRFC 10-311] analyzing module Pipeline_tb
