
*** Running vivado
    with args -log design_1_wrapper.vds -m64 -product Vivado -mode batch -messageDb vivado.pb -notrace -source design_1_wrapper.tcl


****** Vivado v2023.1 (64-bit)
  **** SW Build 3865809 on Sun May  7 15:04:56 MDT 2023
  **** IP Build 3864474 on Sun May  7 20:36:21 MDT 2023
  **** SharedData Build 3865790 on Sun May 07 13:33:03 MDT 2023
    ** Copyright 1986-2022 Xilinx, Inc. All Rights Reserved.
    ** Copyright 2022-2023 Advanced Micro Devices, Inc. All Rights Reserved.

source design_1_wrapper.tcl -notrace
create_project: Time (s): cpu = 00:00:09 ; elapsed = 00:00:09 . Memory (MB): peak = 2096.246 ; gain = 149.992 ; free physical = 1957 ; free virtual = 9592
INFO: [IP_Flow 19-234] Refreshing IP repositories
INFO: [IP_Flow 19-1700] Loaded user IP repository '/home/joseleite/VeSPA_Peripherals'.
INFO: [IP_Flow 19-2313] Loaded Vivado IP repository '/media/joseleite/ExternDisk/Xilinx/Vivado/2023.1/data/ip'.
Command: read_checkpoint -auto_incremental -incremental /home/joseleite/Vivado_Projects/Vivado/VeSPA_Pipeline.srcs/utils_1/imports/synth_1/CPU.dcp
INFO: [Vivado 12-5825] Read reference checkpoint from /home/joseleite/Vivado_Projects/Vivado/VeSPA_Pipeline.srcs/utils_1/imports/synth_1/CPU.dcp for incremental synthesis
INFO: [Vivado 12-7989] Please ensure there are no constraint changes
Command: synth_design -top design_1_wrapper -part xc7z010clg400-1
Starting synth_design
Attempting to get a license for feature 'Synthesis' and/or device 'xc7z010'
INFO: [Common 17-349] Got license for feature 'Synthesis' and/or device 'xc7z010'
INFO: [Device 21-403] Loading part xc7z010clg400-1
INFO: [Designutils 20-5440] No compile time benefit to using incremental synthesis; A full resynthesis will be run
INFO: [Designutils 20-4379] Flow is switching to default flow due to incremental criteria not met. If you would like to alter this behaviour and have the flow terminate instead, please set the following parameter config_implementation {autoIncr.Synth.RejectBehavior Terminate}
INFO: [Synth 8-7079] Multithreading enabled for synth_design using a maximum of 4 processes.
INFO: [Synth 8-7078] Launching helper process for spawning children vivado processes
INFO: [Synth 8-7075] Helper process launched with PID 22421
---------------------------------------------------------------------------------
Starting RTL Elaboration : Time (s): cpu = 00:00:04 ; elapsed = 00:00:04 . Memory (MB): peak = 2832.039 ; gain = 378.801 ; free physical = 985 ; free virtual = 8607
---------------------------------------------------------------------------------
INFO: [Synth 8-6157] synthesizing module 'design_1_wrapper' [/home/joseleite/Vivado_Projects/Vivado/VeSPA_Pipeline.gen/sources_1/bd/design_1/hdl/design_1_wrapper.v:13]
INFO: [Synth 8-6157] synthesizing module 'design_1' [/home/joseleite/Vivado_Projects/Vivado/VeSPA_Pipeline.gen/sources_1/bd/design_1/synth/design_1.v:13]
INFO: [Synth 8-6157] synthesizing module 'design_1_CPU_0_0' [/home/joseleite/Vivado_Projects/Vivado/VeSPA_Pipeline.runs/synth_1/.Xil/Vivado-22358-joseleite-ThinkPad-L15-Gen-1/realtime/design_1_CPU_0_0_stub.v:6]
INFO: [Synth 8-6155] done synthesizing module 'design_1_CPU_0_0' (0#1) [/home/joseleite/Vivado_Projects/Vivado/VeSPA_Pipeline.runs/synth_1/.Xil/Vivado-22358-joseleite-ThinkPad-L15-Gen-1/realtime/design_1_CPU_0_0_stub.v:6]
WARNING: [Synth 8-7071] port 'reg_leds' of module 'design_1_CPU_0_0' is unconnected for instance 'CPU_0' [/home/joseleite/Vivado_Projects/Vivado/VeSPA_Pipeline.gen/sources_1/bd/design_1/synth/design_1.v:148]
WARNING: [Synth 8-7023] instance 'CPU_0' of module 'design_1_CPU_0_0' has 19 connections declared, but only 18 given [/home/joseleite/Vivado_Projects/Vivado/VeSPA_Pipeline.gen/sources_1/bd/design_1/synth/design_1.v:148]
INFO: [Synth 8-6157] synthesizing module 'design_1_CustomInterconnect_0_0' [/home/joseleite/Vivado_Projects/Vivado/VeSPA_Pipeline.runs/synth_1/.Xil/Vivado-22358-joseleite-ThinkPad-L15-Gen-1/realtime/design_1_CustomInterconnect_0_0_stub.v:6]
INFO: [Synth 8-6155] done synthesizing module 'design_1_CustomInterconnect_0_0' (0#1) [/home/joseleite/Vivado_Projects/Vivado/VeSPA_Pipeline.runs/synth_1/.Xil/Vivado-22358-joseleite-ThinkPad-L15-Gen-1/realtime/design_1_CustomInterconnect_0_0_stub.v:6]
WARNING: [Synth 8-7071] port 'o_WEnable_5' of module 'design_1_CustomInterconnect_0_0' is unconnected for instance 'CustomInterconnect_0' [/home/joseleite/Vivado_Projects/Vivado/VeSPA_Pipeline.gen/sources_1/bd/design_1/synth/design_1.v:167]
WARNING: [Synth 8-7071] port 'o_WAddr_5' of module 'design_1_CustomInterconnect_0_0' is unconnected for instance 'CustomInterconnect_0' [/home/joseleite/Vivado_Projects/Vivado/VeSPA_Pipeline.gen/sources_1/bd/design_1/synth/design_1.v:167]
WARNING: [Synth 8-7071] port 'o_WData_5' of module 'design_1_CustomInterconnect_0_0' is unconnected for instance 'CustomInterconnect_0' [/home/joseleite/Vivado_Projects/Vivado/VeSPA_Pipeline.gen/sources_1/bd/design_1/synth/design_1.v:167]
WARNING: [Synth 8-7071] port 'o_REnable_5' of module 'design_1_CustomInterconnect_0_0' is unconnected for instance 'CustomInterconnect_0' [/home/joseleite/Vivado_Projects/Vivado/VeSPA_Pipeline.gen/sources_1/bd/design_1/synth/design_1.v:167]
WARNING: [Synth 8-7071] port 'o_RAddr_5' of module 'design_1_CustomInterconnect_0_0' is unconnected for instance 'CustomInterconnect_0' [/home/joseleite/Vivado_Projects/Vivado/VeSPA_Pipeline.gen/sources_1/bd/design_1/synth/design_1.v:167]
WARNING: [Synth 8-7071] port 'o_WEnable_6' of module 'design_1_CustomInterconnect_0_0' is unconnected for instance 'CustomInterconnect_0' [/home/joseleite/Vivado_Projects/Vivado/VeSPA_Pipeline.gen/sources_1/bd/design_1/synth/design_1.v:167]
WARNING: [Synth 8-7071] port 'o_WAddr_6' of module 'design_1_CustomInterconnect_0_0' is unconnected for instance 'CustomInterconnect_0' [/home/joseleite/Vivado_Projects/Vivado/VeSPA_Pipeline.gen/sources_1/bd/design_1/synth/design_1.v:167]
WARNING: [Synth 8-7071] port 'o_WData_6' of module 'design_1_CustomInterconnect_0_0' is unconnected for instance 'CustomInterconnect_0' [/home/joseleite/Vivado_Projects/Vivado/VeSPA_Pipeline.gen/sources_1/bd/design_1/synth/design_1.v:167]
WARNING: [Synth 8-7071] port 'o_REnable_6' of module 'design_1_CustomInterconnect_0_0' is unconnected for instance 'CustomInterconnect_0' [/home/joseleite/Vivado_Projects/Vivado/VeSPA_Pipeline.gen/sources_1/bd/design_1/synth/design_1.v:167]
WARNING: [Synth 8-7071] port 'o_RAddr_6' of module 'design_1_CustomInterconnect_0_0' is unconnected for instance 'CustomInterconnect_0' [/home/joseleite/Vivado_Projects/Vivado/VeSPA_Pipeline.gen/sources_1/bd/design_1/synth/design_1.v:167]
WARNING: [Synth 8-7023] instance 'CustomInterconnect_0' of module 'design_1_CustomInterconnect_0_0' has 56 connections declared, but only 46 given [/home/joseleite/Vivado_Projects/Vivado/VeSPA_Pipeline.gen/sources_1/bd/design_1/synth/design_1.v:167]
INFO: [Synth 8-6157] synthesizing module 'design_1_DataMemory_0_0' [/home/joseleite/Vivado_Projects/Vivado/VeSPA_Pipeline.runs/synth_1/.Xil/Vivado-22358-joseleite-ThinkPad-L15-Gen-1/realtime/design_1_DataMemory_0_0_stub.v:6]
INFO: [Synth 8-6155] done synthesizing module 'design_1_DataMemory_0_0' (0#1) [/home/joseleite/Vivado_Projects/Vivado/VeSPA_Pipeline.runs/synth_1/.Xil/Vivado-22358-joseleite-ThinkPad-L15-Gen-1/realtime/design_1_DataMemory_0_0_stub.v:6]
WARNING: [Synth 8-7071] port 'o_Err' of module 'design_1_DataMemory_0_0' is unconnected for instance 'DataMemory_0' [/home/joseleite/Vivado_Projects/Vivado/VeSPA_Pipeline.gen/sources_1/bd/design_1/synth/design_1.v:214]
WARNING: [Synth 8-7023] instance 'DataMemory_0' of module 'design_1_DataMemory_0_0' has 10 connections declared, but only 9 given [/home/joseleite/Vivado_Projects/Vivado/VeSPA_Pipeline.gen/sources_1/bd/design_1/synth/design_1.v:214]
INFO: [Synth 8-6157] synthesizing module 'design_1_GPIO_Slave_0_0' [/home/joseleite/Vivado_Projects/Vivado/VeSPA_Pipeline.runs/synth_1/.Xil/Vivado-22358-joseleite-ThinkPad-L15-Gen-1/realtime/design_1_GPIO_Slave_0_0_stub.v:6]
INFO: [Synth 8-6155] done synthesizing module 'design_1_GPIO_Slave_0_0' (0#1) [/home/joseleite/Vivado_Projects/Vivado/VeSPA_Pipeline.runs/synth_1/.Xil/Vivado-22358-joseleite-ThinkPad-L15-Gen-1/realtime/design_1_GPIO_Slave_0_0_stub.v:6]
WARNING: [Synth 8-7071] port 'o_Err' of module 'design_1_GPIO_Slave_0_0' is unconnected for instance 'GPIO_Slave_0' [/home/joseleite/Vivado_Projects/Vivado/VeSPA_Pipeline.gen/sources_1/bd/design_1/synth/design_1.v:224]
WARNING: [Synth 8-7023] instance 'GPIO_Slave_0' of module 'design_1_GPIO_Slave_0_0' has 11 connections declared, but only 10 given [/home/joseleite/Vivado_Projects/Vivado/VeSPA_Pipeline.gen/sources_1/bd/design_1/synth/design_1.v:224]
INFO: [Synth 8-6157] synthesizing module 'design_1_PS2_Slave_0_0' [/home/joseleite/Vivado_Projects/Vivado/VeSPA_Pipeline.runs/synth_1/.Xil/Vivado-22358-joseleite-ThinkPad-L15-Gen-1/realtime/design_1_PS2_Slave_0_0_stub.v:6]
INFO: [Synth 8-6155] done synthesizing module 'design_1_PS2_Slave_0_0' (0#1) [/home/joseleite/Vivado_Projects/Vivado/VeSPA_Pipeline.runs/synth_1/.Xil/Vivado-22358-joseleite-ThinkPad-L15-Gen-1/realtime/design_1_PS2_Slave_0_0_stub.v:6]
WARNING: [Synth 8-7071] port 'o_Err' of module 'design_1_PS2_Slave_0_0' is unconnected for instance 'PS2_Slave_0' [/home/joseleite/Vivado_Projects/Vivado/VeSPA_Pipeline.gen/sources_1/bd/design_1/synth/design_1.v:235]
WARNING: [Synth 8-7023] instance 'PS2_Slave_0' of module 'design_1_PS2_Slave_0_0' has 12 connections declared, but only 11 given [/home/joseleite/Vivado_Projects/Vivado/VeSPA_Pipeline.gen/sources_1/bd/design_1/synth/design_1.v:235]
INFO: [Synth 8-6157] synthesizing module 'design_1_UartSlave_0_0' [/home/joseleite/Vivado_Projects/Vivado/VeSPA_Pipeline.runs/synth_1/.Xil/Vivado-22358-joseleite-ThinkPad-L15-Gen-1/realtime/design_1_UartSlave_0_0_stub.v:6]
INFO: [Synth 8-6155] done synthesizing module 'design_1_UartSlave_0_0' (0#1) [/home/joseleite/Vivado_Projects/Vivado/VeSPA_Pipeline.runs/synth_1/.Xil/Vivado-22358-joseleite-ThinkPad-L15-Gen-1/realtime/design_1_UartSlave_0_0_stub.v:6]
WARNING: [Synth 8-7071] port 'o_Err' of module 'design_1_UartSlave_0_0' is unconnected for instance 'UartSlave_0' [/home/joseleite/Vivado_Projects/Vivado/VeSPA_Pipeline.gen/sources_1/bd/design_1/synth/design_1.v:247]
WARNING: [Synth 8-7023] instance 'UartSlave_0' of module 'design_1_UartSlave_0_0' has 11 connections declared, but only 10 given [/home/joseleite/Vivado_Projects/Vivado/VeSPA_Pipeline.gen/sources_1/bd/design_1/synth/design_1.v:247]
INFO: [Synth 8-6157] synthesizing module 'design_1_interruptControllerS_0_0' [/home/joseleite/Vivado_Projects/Vivado/VeSPA_Pipeline.runs/synth_1/.Xil/Vivado-22358-joseleite-ThinkPad-L15-Gen-1/realtime/design_1_interruptControllerS_0_0_stub.v:6]
INFO: [Synth 8-6155] done synthesizing module 'design_1_interruptControllerS_0_0' (0#1) [/home/joseleite/Vivado_Projects/Vivado/VeSPA_Pipeline.runs/synth_1/.Xil/Vivado-22358-joseleite-ThinkPad-L15-Gen-1/realtime/design_1_interruptControllerS_0_0_stub.v:6]
WARNING: [Synth 8-7071] port 'o_Err' of module 'design_1_interruptControllerS_0_0' is unconnected for instance 'interruptControllerS_0' [/home/joseleite/Vivado_Projects/Vivado/VeSPA_Pipeline.gen/sources_1/bd/design_1/synth/design_1.v:258]
WARNING: [Synth 8-7023] instance 'interruptControllerS_0' of module 'design_1_interruptControllerS_0_0' has 19 connections declared, but only 18 given [/home/joseleite/Vivado_Projects/Vivado/VeSPA_Pipeline.gen/sources_1/bd/design_1/synth/design_1.v:258]
INFO: [Synth 8-6157] synthesizing module 'design_1_timerSlave_0_0' [/home/joseleite/Vivado_Projects/Vivado/VeSPA_Pipeline.runs/synth_1/.Xil/Vivado-22358-joseleite-ThinkPad-L15-Gen-1/realtime/design_1_timerSlave_0_0_stub.v:6]
INFO: [Synth 8-6155] done synthesizing module 'design_1_timerSlave_0_0' (0#1) [/home/joseleite/Vivado_Projects/Vivado/VeSPA_Pipeline.runs/synth_1/.Xil/Vivado-22358-joseleite-ThinkPad-L15-Gen-1/realtime/design_1_timerSlave_0_0_stub.v:6]
WARNING: [Synth 8-7071] port 'o_Err' of module 'design_1_timerSlave_0_0' is unconnected for instance 'timerSlave_0' [/home/joseleite/Vivado_Projects/Vivado/VeSPA_Pipeline.gen/sources_1/bd/design_1/synth/design_1.v:277]
WARNING: [Synth 8-7023] instance 'timerSlave_0' of module 'design_1_timerSlave_0_0' has 15 connections declared, but only 14 given [/home/joseleite/Vivado_Projects/Vivado/VeSPA_Pipeline.gen/sources_1/bd/design_1/synth/design_1.v:277]
INFO: [Synth 8-6155] done synthesizing module 'design_1' (0#1) [/home/joseleite/Vivado_Projects/Vivado/VeSPA_Pipeline.gen/sources_1/bd/design_1/synth/design_1.v:13]
INFO: [Synth 8-6155] done synthesizing module 'design_1_wrapper' (0#1) [/home/joseleite/Vivado_Projects/Vivado/VeSPA_Pipeline.gen/sources_1/bd/design_1/hdl/design_1_wrapper.v:13]
WARNING: [Synth 8-3301] Unused top level parameter/generic BUS_MSB
---------------------------------------------------------------------------------
Finished RTL Elaboration : Time (s): cpu = 00:00:05 ; elapsed = 00:00:06 . Memory (MB): peak = 2900.977 ; gain = 447.738 ; free physical = 896 ; free virtual = 8521
---------------------------------------------------------------------------------
---------------------------------------------------------------------------------
Start Handling Custom Attributes
---------------------------------------------------------------------------------
---------------------------------------------------------------------------------
Finished Handling Custom Attributes : Time (s): cpu = 00:00:06 ; elapsed = 00:00:06 . Memory (MB): peak = 2915.820 ; gain = 462.582 ; free physical = 894 ; free virtual = 8519
---------------------------------------------------------------------------------
---------------------------------------------------------------------------------
Finished RTL Optimization Phase 1 : Time (s): cpu = 00:00:06 ; elapsed = 00:00:06 . Memory (MB): peak = 2915.820 ; gain = 462.582 ; free physical = 894 ; free virtual = 8519
---------------------------------------------------------------------------------
Netlist sorting complete. Time (s): cpu = 00:00:00.01 ; elapsed = 00:00:00 . Memory (MB): peak = 2915.820 ; gain = 0.000 ; free physical = 894 ; free virtual = 8519
INFO: [Project 1-570] Preparing netlist for logic optimization

Processing XDC Constraints
Initializing timing engine
Parsing XDC File [/home/joseleite/Vivado_Projects/Vivado/VeSPA_Pipeline.gen/sources_1/bd/design_1/ip/design_1_PS2_Slave_0_0/design_1_PS2_Slave_0_0/design_1_PS2_Slave_0_0_in_context.xdc] for cell 'design_1_i/PS2_Slave_0'
Finished Parsing XDC File [/home/joseleite/Vivado_Projects/Vivado/VeSPA_Pipeline.gen/sources_1/bd/design_1/ip/design_1_PS2_Slave_0_0/design_1_PS2_Slave_0_0/design_1_PS2_Slave_0_0_in_context.xdc] for cell 'design_1_i/PS2_Slave_0'
Parsing XDC File [/home/joseleite/Vivado_Projects/Vivado/VeSPA_Pipeline.gen/sources_1/bd/design_1/ip/design_1_timerSlave_0_0/design_1_timerSlave_0_0/design_1_timerSlave_0_0_in_context.xdc] for cell 'design_1_i/timerSlave_0'
Finished Parsing XDC File [/home/joseleite/Vivado_Projects/Vivado/VeSPA_Pipeline.gen/sources_1/bd/design_1/ip/design_1_timerSlave_0_0/design_1_timerSlave_0_0/design_1_timerSlave_0_0_in_context.xdc] for cell 'design_1_i/timerSlave_0'
Parsing XDC File [/home/joseleite/Vivado_Projects/Vivado/VeSPA_Pipeline.gen/sources_1/bd/design_1/ip/design_1_DataMemory_0_0/design_1_DataMemory_0_0/design_1_DataMemory_0_0_in_context.xdc] for cell 'design_1_i/DataMemory_0'
Finished Parsing XDC File [/home/joseleite/Vivado_Projects/Vivado/VeSPA_Pipeline.gen/sources_1/bd/design_1/ip/design_1_DataMemory_0_0/design_1_DataMemory_0_0/design_1_DataMemory_0_0_in_context.xdc] for cell 'design_1_i/DataMemory_0'
Parsing XDC File [/home/joseleite/Vivado_Projects/Vivado/VeSPA_Pipeline.gen/sources_1/bd/design_1/ip/design_1_UartSlave_0_0/design_1_UartSlave_0_0/design_1_UartSlave_0_0_in_context.xdc] for cell 'design_1_i/UartSlave_0'
Finished Parsing XDC File [/home/joseleite/Vivado_Projects/Vivado/VeSPA_Pipeline.gen/sources_1/bd/design_1/ip/design_1_UartSlave_0_0/design_1_UartSlave_0_0/design_1_UartSlave_0_0_in_context.xdc] for cell 'design_1_i/UartSlave_0'
Parsing XDC File [/home/joseleite/Vivado_Projects/Vivado/VeSPA_Pipeline.gen/sources_1/bd/design_1/ip/design_1_CustomInterconnect_0_0/design_1_CustomInterconnect_0_0/design_1_CustomInterconnect_0_0_in_context.xdc] for cell 'design_1_i/CustomInterconnect_0'
Finished Parsing XDC File [/home/joseleite/Vivado_Projects/Vivado/VeSPA_Pipeline.gen/sources_1/bd/design_1/ip/design_1_CustomInterconnect_0_0/design_1_CustomInterconnect_0_0/design_1_CustomInterconnect_0_0_in_context.xdc] for cell 'design_1_i/CustomInterconnect_0'
Parsing XDC File [/home/joseleite/Vivado_Projects/Vivado/VeSPA_Pipeline.gen/sources_1/bd/design_1/ip/design_1_interruptControllerS_0_0/design_1_interruptControllerS_0_0/design_1_interruptControllerS_0_0_in_context.xdc] for cell 'design_1_i/interruptControllerS_0'
Finished Parsing XDC File [/home/joseleite/Vivado_Projects/Vivado/VeSPA_Pipeline.gen/sources_1/bd/design_1/ip/design_1_interruptControllerS_0_0/design_1_interruptControllerS_0_0/design_1_interruptControllerS_0_0_in_context.xdc] for cell 'design_1_i/interruptControllerS_0'
Parsing XDC File [/home/joseleite/Vivado_Projects/Vivado/VeSPA_Pipeline.gen/sources_1/bd/design_1/ip/design_1_GPIO_Slave_0_0/design_1_GPIO_Slave_0_0/design_1_GPIO_Slave_0_0_in_context.xdc] for cell 'design_1_i/GPIO_Slave_0'
Finished Parsing XDC File [/home/joseleite/Vivado_Projects/Vivado/VeSPA_Pipeline.gen/sources_1/bd/design_1/ip/design_1_GPIO_Slave_0_0/design_1_GPIO_Slave_0_0/design_1_GPIO_Slave_0_0_in_context.xdc] for cell 'design_1_i/GPIO_Slave_0'
Parsing XDC File [/home/joseleite/Vivado_Projects/Vivado/VeSPA_Pipeline.gen/sources_1/bd/design_1/ip/design_1_CPU_0_0/design_1_CPU_0_0/design_1_CPU_0_0_in_context.xdc] for cell 'design_1_i/CPU_0'
Finished Parsing XDC File [/home/joseleite/Vivado_Projects/Vivado/VeSPA_Pipeline.gen/sources_1/bd/design_1/ip/design_1_CPU_0_0/design_1_CPU_0_0/design_1_CPU_0_0_in_context.xdc] for cell 'design_1_i/CPU_0'
Parsing XDC File [/home/joseleite/Vivado_Projects/Vivado/VeSPA_Pipeline.srcs/constrs_1/new/Constraints.xdc]
WARNING: [Vivado 12-584] No ports matched 'pin_0[7]'. [/home/joseleite/Vivado_Projects/Vivado/VeSPA_Pipeline.srcs/constrs_1/new/Constraints.xdc:9]
WARNING: [Vivado 12-584] No ports matched 'pin_0[6]'. [/home/joseleite/Vivado_Projects/Vivado/VeSPA_Pipeline.srcs/constrs_1/new/Constraints.xdc:10]
WARNING: [Vivado 12-584] No ports matched 'pin_0[5]'. [/home/joseleite/Vivado_Projects/Vivado/VeSPA_Pipeline.srcs/constrs_1/new/Constraints.xdc:11]
WARNING: [Vivado 12-584] No ports matched 'pin_0[4]'. [/home/joseleite/Vivado_Projects/Vivado/VeSPA_Pipeline.srcs/constrs_1/new/Constraints.xdc:12]
WARNING: [Vivado 12-584] No ports matched 'pin_0[3]'. [/home/joseleite/Vivado_Projects/Vivado/VeSPA_Pipeline.srcs/constrs_1/new/Constraints.xdc:13]
WARNING: [Vivado 12-584] No ports matched 'pin_0[2]'. [/home/joseleite/Vivado_Projects/Vivado/VeSPA_Pipeline.srcs/constrs_1/new/Constraints.xdc:14]
WARNING: [Vivado 12-584] No ports matched 'pin_0[1]'. [/home/joseleite/Vivado_Projects/Vivado/VeSPA_Pipeline.srcs/constrs_1/new/Constraints.xdc:15]
WARNING: [Vivado 12-584] No ports matched 'pin_0[0]'. [/home/joseleite/Vivado_Projects/Vivado/VeSPA_Pipeline.srcs/constrs_1/new/Constraints.xdc:16]
WARNING: [Vivado 12-584] No ports matched 'o_Err_0'. [/home/joseleite/Vivado_Projects/Vivado/VeSPA_Pipeline.srcs/constrs_1/new/Constraints.xdc:18]
WARNING: [Vivado 12-584] No ports matched 'pin_0[7]'. [/home/joseleite/Vivado_Projects/Vivado/VeSPA_Pipeline.srcs/constrs_1/new/Constraints.xdc:35]
WARNING: [Vivado 12-584] No ports matched 'pin_0[6]'. [/home/joseleite/Vivado_Projects/Vivado/VeSPA_Pipeline.srcs/constrs_1/new/Constraints.xdc:36]
WARNING: [Vivado 12-584] No ports matched 'pin_0[5]'. [/home/joseleite/Vivado_Projects/Vivado/VeSPA_Pipeline.srcs/constrs_1/new/Constraints.xdc:37]
WARNING: [Vivado 12-584] No ports matched 'pin_0[4]'. [/home/joseleite/Vivado_Projects/Vivado/VeSPA_Pipeline.srcs/constrs_1/new/Constraints.xdc:38]
WARNING: [Vivado 12-584] No ports matched 'pin_0[3]'. [/home/joseleite/Vivado_Projects/Vivado/VeSPA_Pipeline.srcs/constrs_1/new/Constraints.xdc:39]
WARNING: [Vivado 12-584] No ports matched 'pin_0[2]'. [/home/joseleite/Vivado_Projects/Vivado/VeSPA_Pipeline.srcs/constrs_1/new/Constraints.xdc:40]
WARNING: [Vivado 12-584] No ports matched 'pin_0[1]'. [/home/joseleite/Vivado_Projects/Vivado/VeSPA_Pipeline.srcs/constrs_1/new/Constraints.xdc:41]
WARNING: [Vivado 12-584] No ports matched 'pin_0[0]'. [/home/joseleite/Vivado_Projects/Vivado/VeSPA_Pipeline.srcs/constrs_1/new/Constraints.xdc:42]
WARNING: [Vivado 12-584] No ports matched 'o_Err_0'. [/home/joseleite/Vivado_Projects/Vivado/VeSPA_Pipeline.srcs/constrs_1/new/Constraints.xdc:45]
Finished Parsing XDC File [/home/joseleite/Vivado_Projects/Vivado/VeSPA_Pipeline.srcs/constrs_1/new/Constraints.xdc]
WARNING: [Project 1-498] One or more constraints failed evaluation while reading constraint file [/home/joseleite/Vivado_Projects/Vivado/VeSPA_Pipeline.srcs/constrs_1/new/Constraints.xdc] and the design contains unresolved black boxes. These constraints will be read post-synthesis (as long as their source constraint file is marked as used_in_implementation) and should be applied correctly then. You should review the constraints listed in the file [.Xil/design_1_wrapper_propImpl.xdc] and check the run log file to verify that these constraints were correctly applied.
INFO: [Project 1-236] Implementation specific constraints were found while reading constraint file [/home/joseleite/Vivado_Projects/Vivado/VeSPA_Pipeline.srcs/constrs_1/new/Constraints.xdc]. These constraints will be ignored for synthesis but will be used in implementation. Impacted constraints are listed in the file [.Xil/design_1_wrapper_propImpl.xdc].
Resolution: To avoid this warning, move constraints listed in [.Xil/design_1_wrapper_propImpl.xdc] to another XDC file and exclude this new file from synthesis with the used_in_synthesis property (File Properties dialog in GUI) and re-run elaboration/synthesis.
Parsing XDC File [/home/joseleite/Vivado_Projects/Vivado/VeSPA_Pipeline.runs/synth_1/dont_touch.xdc]
Finished Parsing XDC File [/home/joseleite/Vivado_Projects/Vivado/VeSPA_Pipeline.runs/synth_1/dont_touch.xdc]
Completed Processing XDC Constraints

Netlist sorting complete. Time (s): cpu = 00:00:00 ; elapsed = 00:00:00 . Memory (MB): peak = 2988.758 ; gain = 0.000 ; free physical = 881 ; free virtual = 8509
INFO: [Project 1-111] Unisim Transformation Summary:
No Unisim elements were transformed.

Constraint Validation Runtime : Time (s): cpu = 00:00:00 ; elapsed = 00:00:00 . Memory (MB): peak = 2988.758 ; gain = 0.000 ; free physical = 881 ; free virtual = 8509
INFO: [Designutils 20-5440] No compile time benefit to using incremental synthesis; A full resynthesis will be run
INFO: [Designutils 20-4379] Flow is switching to default flow due to incremental criteria not met. If you would like to alter this behaviour and have the flow terminate instead, please set the following parameter config_implementation {autoIncr.Synth.RejectBehavior Terminate}
---------------------------------------------------------------------------------
Finished Constraint Validation : Time (s): cpu = 00:00:12 ; elapsed = 00:00:12 . Memory (MB): peak = 2988.758 ; gain = 535.520 ; free physical = 877 ; free virtual = 8503
---------------------------------------------------------------------------------
---------------------------------------------------------------------------------
Start Loading Part and Timing Information
---------------------------------------------------------------------------------
Loading part: xc7z010clg400-1
---------------------------------------------------------------------------------
Finished Loading Part and Timing Information : Time (s): cpu = 00:00:12 ; elapsed = 00:00:12 . Memory (MB): peak = 2988.758 ; gain = 535.520 ; free physical = 877 ; free virtual = 8503
---------------------------------------------------------------------------------
---------------------------------------------------------------------------------
Start Applying 'set_property' XDC Constraints
---------------------------------------------------------------------------------
Applied set_property KEEP_HIERARCHY = SOFT for design_1_i. (constraint file  auto generated constraint).
Applied set_property KEEP_HIERARCHY = SOFT for design_1_i/PS2_Slave_0. (constraint file  auto generated constraint).
Applied set_property KEEP_HIERARCHY = SOFT for design_1_i/timerSlave_0. (constraint file  auto generated constraint).
Applied set_property KEEP_HIERARCHY = SOFT for design_1_i/DataMemory_0. (constraint file  auto generated constraint).
Applied set_property KEEP_HIERARCHY = SOFT for design_1_i/UartSlave_0. (constraint file  auto generated constraint).
Applied set_property KEEP_HIERARCHY = SOFT for design_1_i/CustomInterconnect_0. (constraint file  auto generated constraint).
Applied set_property KEEP_HIERARCHY = SOFT for design_1_i/interruptControllerS_0. (constraint file  auto generated constraint).
Applied set_property KEEP_HIERARCHY = SOFT for design_1_i/GPIO_Slave_0. (constraint file  auto generated constraint).
Applied set_property KEEP_HIERARCHY = SOFT for design_1_i/CPU_0. (constraint file  auto generated constraint).
---------------------------------------------------------------------------------
Finished applying 'set_property' XDC Constraints : Time (s): cpu = 00:00:12 ; elapsed = 00:00:12 . Memory (MB): peak = 2988.758 ; gain = 535.520 ; free physical = 877 ; free virtual = 8503
---------------------------------------------------------------------------------
---------------------------------------------------------------------------------
Finished RTL Optimization Phase 2 : Time (s): cpu = 00:00:12 ; elapsed = 00:00:12 . Memory (MB): peak = 2988.758 ; gain = 535.520 ; free physical = 876 ; free virtual = 8503
---------------------------------------------------------------------------------
---------------------------------------------------------------------------------
Start RTL Component Statistics 
---------------------------------------------------------------------------------
Detailed RTL Component Info : 
---------------------------------------------------------------------------------
Finished RTL Component Statistics 
---------------------------------------------------------------------------------
---------------------------------------------------------------------------------
Start Part Resource Summary
---------------------------------------------------------------------------------
Part Resources:
DSPs: 80 (col length:40)
BRAMs: 120 (col length: RAMB18 40 RAMB36 20)
---------------------------------------------------------------------------------
Finished Part Resource Summary
---------------------------------------------------------------------------------
---------------------------------------------------------------------------------
Start Cross Boundary and Area Optimization
---------------------------------------------------------------------------------
WARNING: [Synth 8-7080] Parallel synthesis criteria is not met
---------------------------------------------------------------------------------
Finished Cross Boundary and Area Optimization : Time (s): cpu = 00:00:13 ; elapsed = 00:00:13 . Memory (MB): peak = 2988.758 ; gain = 535.520 ; free physical = 875 ; free virtual = 8506
---------------------------------------------------------------------------------
---------------------------------------------------------------------------------
Start Applying XDC Timing Constraints
---------------------------------------------------------------------------------
---------------------------------------------------------------------------------
Finished Applying XDC Timing Constraints : Time (s): cpu = 00:00:18 ; elapsed = 00:00:18 . Memory (MB): peak = 2988.758 ; gain = 535.520 ; free physical = 875 ; free virtual = 8507
---------------------------------------------------------------------------------
---------------------------------------------------------------------------------
Start Timing Optimization
---------------------------------------------------------------------------------
---------------------------------------------------------------------------------
Finished Timing Optimization : Time (s): cpu = 00:00:18 ; elapsed = 00:00:18 . Memory (MB): peak = 2988.758 ; gain = 535.520 ; free physical = 875 ; free virtual = 8507
---------------------------------------------------------------------------------
---------------------------------------------------------------------------------
Start Technology Mapping
---------------------------------------------------------------------------------
---------------------------------------------------------------------------------
Finished Technology Mapping : Time (s): cpu = 00:00:18 ; elapsed = 00:00:18 . Memory (MB): peak = 2988.758 ; gain = 535.520 ; free physical = 875 ; free virtual = 8507
---------------------------------------------------------------------------------
---------------------------------------------------------------------------------
Start IO Insertion
---------------------------------------------------------------------------------
---------------------------------------------------------------------------------
Start Flattening Before IO Insertion
---------------------------------------------------------------------------------
---------------------------------------------------------------------------------
Finished Flattening Before IO Insertion
---------------------------------------------------------------------------------
---------------------------------------------------------------------------------
Start Final Netlist Cleanup
---------------------------------------------------------------------------------
---------------------------------------------------------------------------------
Finished Final Netlist Cleanup
---------------------------------------------------------------------------------
---------------------------------------------------------------------------------
Finished IO Insertion : Time (s): cpu = 00:00:22 ; elapsed = 00:00:22 . Memory (MB): peak = 2988.758 ; gain = 535.520 ; free physical = 821 ; free virtual = 8451
---------------------------------------------------------------------------------
---------------------------------------------------------------------------------
Start Renaming Generated Instances
---------------------------------------------------------------------------------
---------------------------------------------------------------------------------
Finished Renaming Generated Instances : Time (s): cpu = 00:00:22 ; elapsed = 00:00:22 . Memory (MB): peak = 2988.758 ; gain = 535.520 ; free physical = 821 ; free virtual = 8451
---------------------------------------------------------------------------------
---------------------------------------------------------------------------------
Start Rebuilding User Hierarchy
---------------------------------------------------------------------------------
---------------------------------------------------------------------------------
Finished Rebuilding User Hierarchy : Time (s): cpu = 00:00:22 ; elapsed = 00:00:22 . Memory (MB): peak = 2988.758 ; gain = 535.520 ; free physical = 821 ; free virtual = 8451
---------------------------------------------------------------------------------
---------------------------------------------------------------------------------
Start Renaming Generated Ports
---------------------------------------------------------------------------------
---------------------------------------------------------------------------------
Finished Renaming Generated Ports : Time (s): cpu = 00:00:22 ; elapsed = 00:00:22 . Memory (MB): peak = 2988.758 ; gain = 535.520 ; free physical = 821 ; free virtual = 8451
---------------------------------------------------------------------------------
---------------------------------------------------------------------------------
Start Handling Custom Attributes
---------------------------------------------------------------------------------
---------------------------------------------------------------------------------
Finished Handling Custom Attributes : Time (s): cpu = 00:00:22 ; elapsed = 00:00:22 . Memory (MB): peak = 2988.758 ; gain = 535.520 ; free physical = 821 ; free virtual = 8451
---------------------------------------------------------------------------------
---------------------------------------------------------------------------------
Start Renaming Generated Nets
---------------------------------------------------------------------------------
---------------------------------------------------------------------------------
Finished Renaming Generated Nets : Time (s): cpu = 00:00:22 ; elapsed = 00:00:22 . Memory (MB): peak = 2988.758 ; gain = 535.520 ; free physical = 821 ; free virtual = 8451
---------------------------------------------------------------------------------
---------------------------------------------------------------------------------
Start Writing Synthesis Report
---------------------------------------------------------------------------------

Report BlackBoxes: 
+------+----------------------------------+----------+
|      |BlackBox name                     |Instances |
+------+----------------------------------+----------+
|1     |design_1_CPU_0_0                  |         1|
|2     |design_1_CustomInterconnect_0_0   |         1|
|3     |design_1_DataMemory_0_0           |         1|
|4     |design_1_GPIO_Slave_0_0           |         1|
|5     |design_1_PS2_Slave_0_0            |         1|
|6     |design_1_UartSlave_0_0            |         1|
|7     |design_1_interruptControllerS_0_0 |         1|
|8     |design_1_timerSlave_0_0           |         1|
+------+----------------------------------+----------+

Report Cell Usage: 
+------+--------------------------------+------+
|      |Cell                            |Count |
+------+--------------------------------+------+
|1     |design_1_CPU_0                  |     1|
|2     |design_1_CustomInterconnect_0   |     1|
|3     |design_1_DataMemory_0           |     1|
|4     |design_1_GPIO_Slave_0           |     1|
|5     |design_1_PS2_Slave_0            |     1|
|6     |design_1_UartSlave_0            |     1|
|7     |design_1_interruptControllerS_0 |     1|
|8     |design_1_timerSlave_0           |     1|
|9     |IBUF                            |    13|
|10    |OBUF                            |    16|
+------+--------------------------------+------+
---------------------------------------------------------------------------------
Finished Writing Synthesis Report : Time (s): cpu = 00:00:22 ; elapsed = 00:00:22 . Memory (MB): peak = 2988.758 ; gain = 535.520 ; free physical = 821 ; free virtual = 8451
---------------------------------------------------------------------------------
Synthesis finished with 0 errors, 0 critical warnings and 1 warnings.
Synthesis Optimization Runtime : Time (s): cpu = 00:00:21 ; elapsed = 00:00:21 . Memory (MB): peak = 2988.758 ; gain = 462.582 ; free physical = 822 ; free virtual = 8452
Synthesis Optimization Complete : Time (s): cpu = 00:00:22 ; elapsed = 00:00:22 . Memory (MB): peak = 2988.758 ; gain = 535.520 ; free physical = 822 ; free virtual = 8452
INFO: [Project 1-571] Translating synthesized netlist
Netlist sorting complete. Time (s): cpu = 00:00:00.01 ; elapsed = 00:00:00 . Memory (MB): peak = 2988.758 ; gain = 0.000 ; free physical = 973 ; free virtual = 8603
INFO: [Project 1-570] Preparing netlist for logic optimization
INFO: [Opt 31-138] Pushed 0 inverter(s) to 0 load pin(s).
Netlist sorting complete. Time (s): cpu = 00:00:00 ; elapsed = 00:00:00 . Memory (MB): peak = 2988.758 ; gain = 0.000 ; free physical = 1110 ; free virtual = 8740
INFO: [Project 1-111] Unisim Transformation Summary:
No Unisim elements were transformed.

Synth Design complete | Checksum: bf877d09
INFO: [Common 17-83] Releasing license: Synthesis
42 Infos, 46 Warnings, 0 Critical Warnings and 0 Errors encountered.
synth_design completed successfully
synth_design: Time (s): cpu = 00:00:29 ; elapsed = 00:00:27 . Memory (MB): peak = 2988.758 ; gain = 855.824 ; free physical = 1110 ; free virtual = 8740
INFO: [Common 17-2834] synth_design peak Physical Memory [PSS] (MB): overall = 2513.186; main = 2185.670; forked = 352.894
INFO: [Common 17-2834] synth_design peak Virtual Memory [VSS] (MB): overall = 3934.879; main = 2956.746; forked = 978.133
INFO: [Common 17-1381] The checkpoint '/home/joseleite/Vivado_Projects/Vivado/VeSPA_Pipeline.runs/synth_1/design_1_wrapper.dcp' has been generated.
INFO: [runtcl-4] Executing : report_utilization -file design_1_wrapper_utilization_synth.rpt -pb design_1_wrapper_utilization_synth.pb
INFO: [Common 17-206] Exiting Vivado at Thu Jun  6 22:42:26 2024...
