INFO: [VRFC 10-2263] Analyzing Verilog file "/home/luizalex/VeSPAAXITimer/VeSPAAXITimer.ip_user_files/bd/VeSPA_AXI_Timer/sim/VeSPA_AXI_Timer.v" into library xil_defaultlib
INFO: [VRFC 10-311] analyzing module VeSPA_AXI_Timer
INFO: [VRFC 10-2263] Analyzing Verilog file "/home/luizalex/VeSPAAXITimer/VeSPAAXITimer.ip_user_files/bd/VeSPA_AXI_Timer/ipshared/dd21/hdl/VespaAXITimer_v1_0_S00_AXI.v" into library xil_defaultlib
INFO: [VRFC 10-311] analyzing module VespaAXITimer_v1_0_S00_AXI
INFO: [VRFC 10-2263] Analyzing Verilog file "/home/luizalex/VeSPAAXITimer/VeSPAAXITimer.ip_user_files/bd/VeSPA_AXI_Timer/ipshared/dd21/hdl/VespaAXITimer_v1_0.v" into library xil_defaultlib
INFO: [VRFC 10-311] analyzing module VespaAXITimer_v1_0
INFO: [VRFC 10-2263] Analyzing Verilog file "/home/luizalex/VeSPAAXITimer/VeSPAAXITimer.ip_user_files/bd/VeSPA_AXI_Timer/ip/VeSPA_AXI_Timer_VespaAXITimer_0_4/sim/VeSPA_AXI_Timer_VespaAXITimer_0_4.v" into library xil_defaultlib
INFO: [VRFC 10-311] analyzing module VeSPA_AXI_Timer_VespaAXITimer_0_4
INFO: [VRFC 10-2263] Analyzing Verilog file "/home/luizalex/VeSPAAXITimer/VeSPAAXITimer.ip_user_files/ipstatic/simulation/blk_mem_gen_v8_4.v" into library blk_mem_gen_v8_4_7
INFO: [VRFC 10-311] analyzing module STATE_LOGIC_v8_4
INFO: [VRFC 10-311] analyzing module beh_vlog_muxf7_v8_4
INFO: [VRFC 10-311] analyzing module beh_vlog_ff_clr_v8_4
INFO: [VRFC 10-311] analyzing module beh_vlog_ff_pre_v8_4
INFO: [VRFC 10-311] analyzing module beh_vlog_ff_ce_clr_v8_4
INFO: [VRFC 10-311] analyzing module write_netlist_v8_4
INFO: [VRFC 10-311] analyzing module read_netlist_v8_4
INFO: [VRFC 10-311] analyzing module blk_mem_axi_write_wrapper_beh_v8_4
INFO: [VRFC 10-311] analyzing module blk_mem_axi_read_wrapper_beh_v8_4
INFO: [VRFC 10-311] analyzing module blk_mem_axi_regs_fwd_v8_4
INFO: [VRFC 10-311] analyzing module blk_mem_gen_v8_4_7_output_stage
INFO: [VRFC 10-311] analyzing module blk_mem_gen_v8_4_7_softecc_output_reg_stage
INFO: [VRFC 10-311] analyzing module blk_mem_gen_v8_4_7_mem_module
INFO: [VRFC 10-311] analyzing module blk_mem_gen_v8_4_7
INFO: [VRFC 10-2263] Analyzing Verilog file "/home/luizalex/VeSPAAXITimer/VeSPAAXITimer.gen/sources_1/ip/MEM11/sim/MEM11.v" into library xil_defaultlib
INFO: [VRFC 10-311] analyzing module MEM11
INFO: [VRFC 10-2263] Analyzing Verilog file "/home/luizalex/VeSPAAXITimer/VeSPAAXITimer.gen/sources_1/ip/MEM10/sim/MEM10.v" into library xil_defaultlib
INFO: [VRFC 10-311] analyzing module MEM10
INFO: [VRFC 10-2263] Analyzing Verilog file "/home/luizalex/VeSPAAXITimer/VeSPAAXITimer.gen/sources_1/ip/MEM01/sim/MEM01.v" into library xil_defaultlib
INFO: [VRFC 10-311] analyzing module MEM01
INFO: [VRFC 10-2263] Analyzing Verilog file "/home/luizalex/VeSPAAXITimer/VeSPAAXITimer.gen/sources_1/ip/MEM00/sim/MEM00.v" into library xil_defaultlib
INFO: [VRFC 10-311] analyzing module MEM00
INFO: [VRFC 10-2263] Analyzing Verilog file "/home/luizalex/VeSPAAXITimer/VeSPAAXITimer.gen/sources_1/ip/RAM32X32B/RAM32X32B_sim_netlist.v" into library xil_defaultlib
INFO: [VRFC 10-311] analyzing module RAM32X32B
INFO: [VRFC 10-311] analyzing module RAM32X32B_blk_mem_gen_generic_cstr
INFO: [VRFC 10-311] analyzing module RAM32X32B_blk_mem_gen_prim_width
INFO: [VRFC 10-311] analyzing module RAM32X32B_blk_mem_gen_prim_wrapper_init
INFO: [VRFC 10-311] analyzing module RAM32X32B_blk_mem_gen_top
INFO: [VRFC 10-311] analyzing module RAM32X32B_blk_mem_gen_v8_4_7
INFO: [VRFC 10-311] analyzing module RAM32X32B_blk_mem_gen_v8_4_7_synth
INFO: [VRFC 10-311] analyzing module glbl
INFO: [VRFC 10-2263] Analyzing Verilog file "/home/luizalex/VeSPAAXITimer/VeSPAAXITimer.srcs/sources_1/new/alu.v" into library xil_defaultlib
INFO: [VRFC 10-311] analyzing module alu
INFO: [VRFC 10-2263] Analyzing Verilog file "/home/luizalex/VeSPAAXITimer/VeSPAAXITimer.srcs/sources_1/new/controlUnit.v" into library xil_defaultlib
INFO: [VRFC 10-311] analyzing module controlUnit
INFO: [VRFC 10-311] analyzing module check_cond
INFO: [VRFC 10-2263] Analyzing Verilog file "/home/luizalex/VeSPAAXITimer/VeSPAAXITimer.srcs/sources_1/new/datapath.v" into library xil_defaultlib
INFO: [VRFC 10-311] analyzing module datapath
INFO: [VRFC 10-2263] Analyzing Verilog file "/home/luizalex/VeSPAAXITimer/VeSPAAXITimer.srcs/sources_1/new/interrupt_controller.v" into library xil_defaultlib
INFO: [VRFC 10-311] analyzing module interrupt_controller
INFO: [VRFC 10-2263] Analyzing Verilog file "/home/luizalex/VeSPAAXITimer/VeSPAAXITimer.srcs/sources_1/new/memorySynthesis.v" into library xil_defaultlib
INFO: [VRFC 10-311] analyzing module memorySynthesis
INFO: [VRFC 10-2263] Analyzing Verilog file "/home/luizalex/VeSPAAXITimer/VeSPAAXITimer.srcs/sources_1/new/registerFile.v" into library xil_defaultlib
INFO: [VRFC 10-311] analyzing module registerFile
INFO: [VRFC 10-2263] Analyzing Verilog file "/home/luizalex/VeSPAAXITimer/VeSPAAXITimer.srcs/sources_1/new/uart.v" into library xil_defaultlib
INFO: [VRFC 10-311] analyzing module uart
INFO: [VRFC 10-2263] Analyzing Verilog file "/home/luizalex/VeSPAAXITimer/VeSPAAXITimer.srcs/sources_1/new/uart_baudrate_generator.v" into library xil_defaultlib
INFO: [VRFC 10-311] analyzing module uart_baudrate_generator
INFO: [VRFC 10-2263] Analyzing Verilog file "/home/luizalex/VeSPAAXITimer/VeSPAAXITimer.srcs/sources_1/new/uart_rx.v" into library xil_defaultlib
INFO: [VRFC 10-311] analyzing module uart_rx
INFO: [VRFC 10-2263] Analyzing Verilog file "/home/luizalex/VeSPAAXITimer/VeSPAAXITimer.srcs/sources_1/new/uart_tx.v" into library xil_defaultlib
INFO: [VRFC 10-311] analyzing module uart_tx
INFO: [VRFC 10-2263] Analyzing Verilog file "/home/luizalex/VeSPAAXITimer/VeSPAAXITimer.srcs/sources_1/new/vespa_toplevel.v" into library xil_defaultlib
INFO: [VRFC 10-311] analyzing module vespa_toplevel
INFO: [VRFC 10-2263] Analyzing Verilog file "/home/luizalex/VeSPAAXITimer/VeSPAAXITimer.srcs/sim_1/new/vespa_tb.v" into library xil_defaultlib
INFO: [VRFC 10-311] analyzing module vespa_tb
INFO: [VRFC 10-2263] Analyzing Verilog file "/home/luizalex/VeSPAAXITimer/VeSPAAXITimer.sim/sim_1/behav/xsim/glbl.v" into library xil_defaultlib
INFO: [VRFC 10-311] analyzing module glbl
WARNING: [VRFC 10-3609] overwriting previous definition of module 'glbl' [/home/luizalex/VeSPAAXITimer/VeSPAAXITimer.sim/sim_1/behav/xsim/glbl.v:6]
