Vivado Simulator v2023.1.1
Copyright 1986-2022 Xilinx, Inc. All Rights Reserved.
Copyright 2022-2023 Advanced Micro Devices, Inc. All Rights Reserved.
Running: /tools/Xilinx/Vivado/2023.1/bin/unwrapped/lnx64.o/xelab --incr --debug typical --relax --mt 8 --maxdelay -L xil_defaultlib -L simprims_ver -L secureip --snapshot vespa_tb_time_synth -transport_int_delays -pulse_r 0 -pulse_int_r 0 -pulse_e 0 -pulse_int_e 0 xil_defaultlib.vespa_tb xil_defaultlib.glbl -log elaborate.log 
Using 8 slave threads.
Starting static elaboration
Pass Through NonSizing Optimizer
Completed static elaboration
Starting simulation data flow analysis
Completed simulation data flow analysis
INFO: [XSIM 43-3451] SDF backannotation process started with SDF file "vespa_tb_time_synth.sdf", for root module "vespa_tb/VESPA".
INFO: [XSIM 43-3452] SDF backannotation was successful for SDF file "vespa_tb_time_synth.sdf", for root module "vespa_tb/VESPA".
Time Resolution for simulation is 1ps
Compiling module simprims_ver.LUT5
Compiling module simprims_ver.x_lut2_mux4
Compiling module simprims_ver.LUT2
Compiling module simprims_ver.x_lut3_mux8
Compiling module simprims_ver.LUT3
Compiling module simprims_ver.LUT6
Compiling module simprims_ver.LUT4
Compiling module simprims_ver.FDRE_default
Compiling module simprims_ver.FDSE_default
Compiling module xil_defaultlib.controlUnit
Compiling module simprims_ver.latchsre_ldce
Compiling module simprims_ver.LDCE
Compiling module simprims_ver.MUXF7
Compiling module simprims_ver.CARRY4
Compiling module xil_defaultlib.alu
Compiling module xil_defaultlib.check_cond
Compiling module simprims_ver.x_lut1_mux2
Compiling module simprims_ver.LUT1
Compiling module simprims_ver.MUXF8
Compiling module xil_defaultlib.memory
Compiling module simprims_ver.RAMD64E
Compiling module xil_defaultlib.RAM64M_UNIQ_BASE_
Compiling module xil_defaultlib.RAM64M_HD136
Compiling module xil_defaultlib.RAM64M_HD137
Compiling module xil_defaultlib.RAM64M_HD138
Compiling module xil_defaultlib.RAM64M_HD139
Compiling module xil_defaultlib.RAM64M_HD140
Compiling module xil_defaultlib.RAM64M_HD141
Compiling module xil_defaultlib.RAM64M_HD142
Compiling module xil_defaultlib.RAM64M_HD143
Compiling module xil_defaultlib.RAM64M_HD144
Compiling module xil_defaultlib.RAM64M_HD145
Compiling module simprims_ver.RAMD32
Compiling module simprims_ver.RAMS32
Compiling module xil_defaultlib.RAM32M_UNIQ_BASE_
Compiling module xil_defaultlib.RAM32M_HD146
Compiling module xil_defaultlib.RAM32M_HD147
Compiling module xil_defaultlib.RAM32M_HD148
Compiling module xil_defaultlib.RAM32X1D_UNIQ_BASE_
Compiling module xil_defaultlib.RAM32X1D_HD149
Compiling module xil_defaultlib.RAM32M_HD150
Compiling module xil_defaultlib.registerFile
Compiling module xil_defaultlib.datapath
Compiling module simprims_ver.BUFG
Compiling module simprims_ver.IBUF
Compiling module simprims_ver.OBUF
Compiling module xil_defaultlib.vespa_toplevel
Compiling module xil_defaultlib.vespa_tb
Compiling module xil_defaultlib.glbl
Built simulation snapshot vespa_tb_time_synth
