Copyright 1986-2022 Xilinx, Inc. All Rights Reserved. Copyright 2022-2023 Advanced Micro Devices, Inc. All Rights Reserved.
---------------------------------------------------------------------------------------------------------------------------------------------
| Tool Version : Vivado v.2023.1 (lin64) Build 3865809 Sun May  7 15:04:56 MDT 2023
| Date         : Mon Mar 11 21:28:49 2024
| Host         : mariolima-CREF-XX running 64-bit Ubuntu 22.04.4 LTS
| Command      : upgrade_ip
| Device       : xc7z010clg400-1
---------------------------------------------------------------------------------------------------------------------------------------------

Upgrade Log for IP 'TestBlockDesign_AXI4_Lite_Master_0_0'

1. Summary
----------

SUCCESS in the update of TestBlockDesign_AXI4_Lite_Master_0_0 (user.org:user:AXI4_Lite_Master:1.0 (Rev. 50)) to current project options.






Copyright 1986-2022 Xilinx, Inc. All Rights Reserved. Copyright 2022-2023 Advanced Micro Devices, Inc. All Rights Reserved.
---------------------------------------------------------------------------------------------------------------------------------------------
| Tool Version : Vivado v.2023.1 (lin64) Build 3865809 Sun May  7 15:04:56 MDT 2023
| Date         : Mon Mar 11 21:15:30 2024
| Host         : mariolima-CREF-XX running 64-bit Ubuntu 22.04.4 LTS
| Command      : upgrade_ip
| Device       : xc7z010clg400-1
---------------------------------------------------------------------------------------------------------------------------------------------

Upgrade Log for IP 'TestBlockDesign_AXI4_Lite_Master_0_0'

1. Summary
----------

SUCCESS in the upgrade of TestBlockDesign_AXI4_Lite_Master_0_0 (user.org:user:AXI4_Lite_Master:1.0) from (Rev. 49) to (Rev. 50)






Copyright 1986-2022 Xilinx, Inc. All Rights Reserved. Copyright 2022-2023 Advanced Micro Devices, Inc. All Rights Reserved.
---------------------------------------------------------------------------------------------------------------------------------------------
| Tool Version : Vivado v.2023.1 (lin64) Build 3865809 Sun May  7 15:04:56 MDT 2023
| Date         : Sat Mar  9 22:15:03 2024
| Host         : mariolima-CREF-XX running 64-bit Ubuntu 22.04.4 LTS
| Command      : upgrade_ip
| Device       : xc7z010clg400-1
---------------------------------------------------------------------------------------------------------------------------------------------

Upgrade Log for IP 'TestBlockDesign_AXI4_Lite_Master_0_0'

1. Summary
----------

SUCCESS in the upgrade of TestBlockDesign_AXI4_Lite_Master_0_0 (user.org:user:AXI4_Lite_Master:1.0) from (Rev. 48) to (Rev. 49)






Copyright 1986-2022 Xilinx, Inc. All Rights Reserved. Copyright 2022-2023 Advanced Micro Devices, Inc. All Rights Reserved.
---------------------------------------------------------------------------------------------------------------------------------------------
| Tool Version : Vivado v.2023.1 (lin64) Build 3865809 Sun May  7 15:04:56 MDT 2023
| Date         : Sat Mar  9 22:12:16 2024
| Host         : mariolima-CREF-XX running 64-bit Ubuntu 22.04.4 LTS
| Command      : upgrade_ip
| Device       : xc7z010clg400-1
---------------------------------------------------------------------------------------------------------------------------------------------

Upgrade Log for IP 'TestBlockDesign_AXI4_Lite_Master_0_0'

1. Summary
----------

SUCCESS in the upgrade of TestBlockDesign_AXI4_Lite_Master_0_0 (user.org:user:AXI4_Lite_Master:1.0) from (Rev. 47) to (Rev. 48)






Copyright 1986-2022 Xilinx, Inc. All Rights Reserved. Copyright 2022-2023 Advanced Micro Devices, Inc. All Rights Reserved.
---------------------------------------------------------------------------------------------------------------------------------------------
| Tool Version : Vivado v.2023.1 (lin64) Build 3865809 Sun May  7 15:04:56 MDT 2023
| Date         : Sat Mar  9 22:07:44 2024
| Host         : mariolima-CREF-XX running 64-bit Ubuntu 22.04.4 LTS
| Command      : upgrade_ip
| Device       : xc7z010clg400-1
---------------------------------------------------------------------------------------------------------------------------------------------

Upgrade Log for IP 'TestBlockDesign_AXI4_Lite_Master_0_0'

1. Summary
----------

SUCCESS in the upgrade of TestBlockDesign_AXI4_Lite_Master_0_0 (user.org:user:AXI4_Lite_Master:1.0) from (Rev. 46) to (Rev. 47)






Copyright 1986-2022 Xilinx, Inc. All Rights Reserved. Copyright 2022-2023 Advanced Micro Devices, Inc. All Rights Reserved.
---------------------------------------------------------------------------------------------------------------------------------------------
| Tool Version : Vivado v.2023.1 (lin64) Build 3865809 Sun May  7 15:04:56 MDT 2023
| Date         : Sat Mar  9 22:06:50 2024
| Host         : mariolima-CREF-XX running 64-bit Ubuntu 22.04.4 LTS
| Command      : upgrade_ip
| Device       : xc7z010clg400-1
---------------------------------------------------------------------------------------------------------------------------------------------

Upgrade Log for IP 'TestBlockDesign_AXI4_Lite_Master_0_0'

1. Summary
----------

SUCCESS in the upgrade of TestBlockDesign_AXI4_Lite_Master_0_0 (user.org:user:AXI4_Lite_Master:1.0) from (Rev. 44) to (Rev. 46)






Copyright 1986-2022 Xilinx, Inc. All Rights Reserved. Copyright 2022-2023 Advanced Micro Devices, Inc. All Rights Reserved.
---------------------------------------------------------------------------------------------------------------------------------------------
| Tool Version : Vivado v.2023.1 (lin64) Build 3865809 Sun May  7 15:04:56 MDT 2023
| Date         : Sat Mar  9 20:40:52 2024
| Host         : mariolima-CREF-XX running 64-bit Ubuntu 22.04.4 LTS
| Command      : upgrade_ip
| Device       : xc7z010clg400-1
---------------------------------------------------------------------------------------------------------------------------------------------

Upgrade Log for IP 'TestBlockDesign_AXI4_Lite_Master_0_0'

1. Summary
----------

SUCCESS in the upgrade of TestBlockDesign_AXI4_Lite_Master_0_0 (user.org:user:AXI4_Lite_Master:1.0) from (Rev. 43) to (Rev. 44)






Copyright 1986-2022 Xilinx, Inc. All Rights Reserved. Copyright 2022-2023 Advanced Micro Devices, Inc. All Rights Reserved.
---------------------------------------------------------------------------------------------------------------------------------------------
| Tool Version : Vivado v.2023.1 (lin64) Build 3865809 Sun May  7 15:04:56 MDT 2023
| Date         : Sat Mar  9 18:31:58 2024
| Host         : mariolima-CREF-XX running 64-bit Ubuntu 22.04.4 LTS
| Command      : upgrade_ip
| Device       : xc7z010clg400-1
---------------------------------------------------------------------------------------------------------------------------------------------

Upgrade Log for IP 'TestBlockDesign_AXI4_Lite_Master_0_0'

1. Summary
----------

SUCCESS in the upgrade of TestBlockDesign_AXI4_Lite_Master_0_0 (user.org:user:AXI4_Lite_Master:1.0) from (Rev. 42) to (Rev. 43)






Copyright 1986-2022 Xilinx, Inc. All Rights Reserved. Copyright 2022-2023 Advanced Micro Devices, Inc. All Rights Reserved.
---------------------------------------------------------------------------------------------------------------------------------------------
| Tool Version : Vivado v.2023.1 (lin64) Build 3865809 Sun May  7 15:04:56 MDT 2023
| Date         : Fri Mar  8 02:08:52 2024
| Host         : mariolima-CREF-XX running 64-bit Ubuntu 22.04.4 LTS
| Command      : upgrade_ip
| Device       : xc7z010clg400-1
---------------------------------------------------------------------------------------------------------------------------------------------

Upgrade Log for IP 'TestBlockDesign_AXI4_Lite_Master_0_0'

1. Summary
----------

SUCCESS in the upgrade of TestBlockDesign_AXI4_Lite_Master_0_0 (user.org:user:AXI4_Lite_Master:1.0) from (Rev. 41) to (Rev. 42)






Copyright 1986-2022 Xilinx, Inc. All Rights Reserved. Copyright 2022-2023 Advanced Micro Devices, Inc. All Rights Reserved.
---------------------------------------------------------------------------------------------------------------------------------------------
| Tool Version : Vivado v.2023.1 (lin64) Build 3865809 Sun May  7 15:04:56 MDT 2023
| Date         : Fri Mar  8 01:59:38 2024
| Host         : mariolima-CREF-XX running 64-bit Ubuntu 22.04.4 LTS
| Command      : upgrade_ip
| Device       : xc7z010clg400-1
---------------------------------------------------------------------------------------------------------------------------------------------

Upgrade Log for IP 'TestBlockDesign_AXI4_Lite_Master_0_0'

1. Summary
----------

SUCCESS in the upgrade of TestBlockDesign_AXI4_Lite_Master_0_0 (user.org:user:AXI4_Lite_Master:1.0) from (Rev. 40) to (Rev. 41)






Copyright 1986-2022 Xilinx, Inc. All Rights Reserved. Copyright 2022-2023 Advanced Micro Devices, Inc. All Rights Reserved.
---------------------------------------------------------------------------------------------------------------------------------------------
| Tool Version : Vivado v.2023.1 (lin64) Build 3865809 Sun May  7 15:04:56 MDT 2023
| Date         : Fri Mar  8 01:39:55 2024
| Host         : mariolima-CREF-XX running 64-bit Ubuntu 22.04.4 LTS
| Command      : upgrade_ip
| Device       : xc7z010clg400-1
---------------------------------------------------------------------------------------------------------------------------------------------

Upgrade Log for IP 'TestBlockDesign_AXI4_Lite_Master_0_0'

1. Summary
----------

SUCCESS in the upgrade of TestBlockDesign_AXI4_Lite_Master_0_0 (user.org:user:AXI4_Lite_Master:1.0) from (Rev. 39) to (Rev. 40)






Copyright 1986-2022 Xilinx, Inc. All Rights Reserved. Copyright 2022-2023 Advanced Micro Devices, Inc. All Rights Reserved.
---------------------------------------------------------------------------------------------------------------------------------------------
| Tool Version : Vivado v.2023.1 (lin64) Build 3865809 Sun May  7 15:04:56 MDT 2023
| Date         : Fri Mar  8 01:36:53 2024
| Host         : mariolima-CREF-XX running 64-bit Ubuntu 22.04.4 LTS
| Command      : upgrade_ip
| Device       : xc7z010clg400-1
---------------------------------------------------------------------------------------------------------------------------------------------

Upgrade Log for IP 'TestBlockDesign_AXI4_Lite_Master_0_0'

1. Summary
----------

CAUTION (success, with warnings) in the upgrade of TestBlockDesign_AXI4_Lite_Master_0_0 (user.org:user:AXI4_Lite_Master:1.0) from (Rev. 38) to (Rev. 39)

After upgrade, an IP may have parameter and port differences compared to the original customization. Please review the parameters within the IP customization GUI to ensure proper functionality. Also, please review the updated IP instantiation template to ensure proper connectivity, and update your design if required.

2. Connection Warnings
----------------------

Detected external port differences while upgrading 'TestBlockDesign_AXI4_Lite_Master_0_0'. These changes may impact your design.


-Upgrade has added port 'int_ack_attended'

-Upgrade has added port 'int_ack_complete'

-Upgrade has added port 'int_number'

-Upgrade has added port 'int_req'

-Upgrade has added port 'mem_busya'

-Upgrade has added port 'mem_busyb'







Copyright 1986-2022 Xilinx, Inc. All Rights Reserved. Copyright 2022-2023 Advanced Micro Devices, Inc. All Rights Reserved.
---------------------------------------------------------------------------------------------------------------------------------------------
| Tool Version : Vivado v.2023.1 (lin64) Build 3865809 Sun May  7 15:04:56 MDT 2023
| Date         : Fri Mar  8 00:07:19 2024
| Host         : mariolima-CREF-XX running 64-bit Ubuntu 22.04.4 LTS
| Command      : upgrade_ip
| Device       : xc7z010clg400-1
---------------------------------------------------------------------------------------------------------------------------------------------

Upgrade Log for IP 'TestBlockDesign_AXI4_Lite_Master_0_0'

1. Summary
----------

SUCCESS in the upgrade of TestBlockDesign_AXI4_Lite_Master_0_0 (user.org:user:AXI4_Lite_Master:1.0) from (Rev. 37) to (Rev. 38)






Copyright 1986-2022 Xilinx, Inc. All Rights Reserved. Copyright 2022-2023 Advanced Micro Devices, Inc. All Rights Reserved.
---------------------------------------------------------------------------------------------------------------------------------------------
| Tool Version : Vivado v.2023.1 (lin64) Build 3865809 Sun May  7 15:04:56 MDT 2023
| Date         : Fri Mar  8 00:03:22 2024
| Host         : mariolima-CREF-XX running 64-bit Ubuntu 22.04.4 LTS
| Command      : upgrade_ip
| Device       : xc7z010clg400-1
---------------------------------------------------------------------------------------------------------------------------------------------

Upgrade Log for IP 'TestBlockDesign_AXI4_Lite_Master_0_0'

1. Summary
----------

SUCCESS in the upgrade of TestBlockDesign_AXI4_Lite_Master_0_0 (user.org:user:AXI4_Lite_Master:1.0) from (Rev. 36) to (Rev. 37)






Copyright 1986-2022 Xilinx, Inc. All Rights Reserved. Copyright 2022-2023 Advanced Micro Devices, Inc. All Rights Reserved.
---------------------------------------------------------------------------------------------------------------------------------------------
| Tool Version : Vivado v.2023.1 (lin64) Build 3865809 Sun May  7 15:04:56 MDT 2023
| Date         : Thu Mar  7 23:59:20 2024
| Host         : mariolima-CREF-XX running 64-bit Ubuntu 22.04.4 LTS
| Command      : upgrade_ip
| Device       : xc7z010clg400-1
---------------------------------------------------------------------------------------------------------------------------------------------

Upgrade Log for IP 'TestBlockDesign_AXI4_Lite_Master_0_0'

1. Summary
----------

SUCCESS in the upgrade of TestBlockDesign_AXI4_Lite_Master_0_0 (user.org:user:AXI4_Lite_Master:1.0) from (Rev. 35) to (Rev. 36)






Copyright 1986-2022 Xilinx, Inc. All Rights Reserved. Copyright 2022-2023 Advanced Micro Devices, Inc. All Rights Reserved.
---------------------------------------------------------------------------------------------------------------------------------------------
| Tool Version : Vivado v.2023.1 (lin64) Build 3865809 Sun May  7 15:04:56 MDT 2023
| Date         : Thu Mar  7 23:54:50 2024
| Host         : mariolima-CREF-XX running 64-bit Ubuntu 22.04.4 LTS
| Command      : upgrade_ip
| Device       : xc7z010clg400-1
---------------------------------------------------------------------------------------------------------------------------------------------

Upgrade Log for IP 'TestBlockDesign_AXI4_Lite_Master_0_0'

1. Summary
----------

SUCCESS in the upgrade of TestBlockDesign_AXI4_Lite_Master_0_0 (user.org:user:AXI4_Lite_Master:1.0) from (Rev. 33) to (Rev. 35)






Copyright 1986-2022 Xilinx, Inc. All Rights Reserved. Copyright 2022-2023 Advanced Micro Devices, Inc. All Rights Reserved.
---------------------------------------------------------------------------------------------------------------------------------------------
| Tool Version : Vivado v.2023.1 (lin64) Build 3865809 Sun May  7 15:04:56 MDT 2023
| Date         : Thu Mar  7 23:50:23 2024
| Host         : mariolima-CREF-XX running 64-bit Ubuntu 22.04.4 LTS
| Command      : upgrade_ip
| Device       : xc7z010clg400-1
---------------------------------------------------------------------------------------------------------------------------------------------

Upgrade Log for IP 'TestBlockDesign_AXI4_Lite_Master_0_0'

1. Summary
----------

SUCCESS in the upgrade of TestBlockDesign_AXI4_Lite_Master_0_0 (user.org:user:AXI4_Lite_Master:1.0) from (Rev. 32) to (Rev. 33)






Copyright 1986-2022 Xilinx, Inc. All Rights Reserved. Copyright 2022-2023 Advanced Micro Devices, Inc. All Rights Reserved.
---------------------------------------------------------------------------------------------------------------------------------------------
| Tool Version : Vivado v.2023.1 (lin64) Build 3865809 Sun May  7 15:04:56 MDT 2023
| Date         : Thu Mar  7 23:42:45 2024
| Host         : mariolima-CREF-XX running 64-bit Ubuntu 22.04.4 LTS
| Command      : upgrade_ip
| Device       : xc7z010clg400-1
---------------------------------------------------------------------------------------------------------------------------------------------

Upgrade Log for IP 'TestBlockDesign_AXI4_Lite_Master_0_0'

1. Summary
----------

SUCCESS in the upgrade of TestBlockDesign_AXI4_Lite_Master_0_0 (user.org:user:AXI4_Lite_Master:1.0) from (Rev. 31) to (Rev. 32)






Copyright 1986-2022 Xilinx, Inc. All Rights Reserved. Copyright 2022-2023 Advanced Micro Devices, Inc. All Rights Reserved.
---------------------------------------------------------------------------------------------------------------------------------------------
| Tool Version : Vivado v.2023.1 (lin64) Build 3865809 Sun May  7 15:04:56 MDT 2023
| Date         : Thu Mar  7 23:35:18 2024
| Host         : mariolima-CREF-XX running 64-bit Ubuntu 22.04.4 LTS
| Command      : upgrade_ip
| Device       : xc7z010clg400-1
---------------------------------------------------------------------------------------------------------------------------------------------

Upgrade Log for IP 'TestBlockDesign_AXI4_Lite_Master_0_0'

1. Summary
----------

SUCCESS in the update of TestBlockDesign_AXI4_Lite_Master_0_0 (user.org:user:AXI4_Lite_Master:1.0 (Rev. 31)) to current project options.






Copyright 1986-2022 Xilinx, Inc. All Rights Reserved. Copyright 2022-2023 Advanced Micro Devices, Inc. All Rights Reserved.
---------------------------------------------------------------------------------------------------------------------------------------------
| Tool Version : Vivado v.2023.1 (lin64) Build 3865809 Sun May  7 15:04:56 MDT 2023
| Date         : Thu Mar  7 23:32:53 2024
| Host         : mariolima-CREF-XX running 64-bit Ubuntu 22.04.4 LTS
| Command      : upgrade_ip
| Device       : xc7z010clg400-1
---------------------------------------------------------------------------------------------------------------------------------------------

Upgrade Log for IP 'TestBlockDesign_AXI4_Lite_Master_0_0'

1. Summary
----------

SUCCESS in the upgrade of TestBlockDesign_AXI4_Lite_Master_0_0 (user.org:user:AXI4_Lite_Master:1.0) from (Rev. 30) to (Rev. 31)






Copyright 1986-2022 Xilinx, Inc. All Rights Reserved. Copyright 2022-2023 Advanced Micro Devices, Inc. All Rights Reserved.
---------------------------------------------------------------------------------------------------------------------------------------------
| Tool Version : Vivado v.2023.1 (lin64) Build 3865809 Sun May  7 15:04:56 MDT 2023
| Date         : Thu Mar  7 23:30:40 2024
| Host         : mariolima-CREF-XX running 64-bit Ubuntu 22.04.4 LTS
| Command      : upgrade_ip
| Device       : xc7z010clg400-1
---------------------------------------------------------------------------------------------------------------------------------------------

Upgrade Log for IP 'TestBlockDesign_AXI4_Lite_Master_0_0'

1. Summary
----------

SUCCESS in the upgrade of TestBlockDesign_AXI4_Lite_Master_0_0 (user.org:user:AXI4_Lite_Master:1.0) from (Rev. 29) to (Rev. 30)






Copyright 1986-2022 Xilinx, Inc. All Rights Reserved. Copyright 2022-2023 Advanced Micro Devices, Inc. All Rights Reserved.
---------------------------------------------------------------------------------------------------------------------------------------------
| Tool Version : Vivado v.2023.1 (lin64) Build 3865809 Sun May  7 15:04:56 MDT 2023
| Date         : Thu Mar  7 23:13:24 2024
| Host         : mariolima-CREF-XX running 64-bit Ubuntu 22.04.4 LTS
| Command      : upgrade_ip
| Device       : xc7z010clg400-1
---------------------------------------------------------------------------------------------------------------------------------------------

Upgrade Log for IP 'TestBlockDesign_AXI4_Lite_Master_0_0'

1. Summary
----------

SUCCESS in the upgrade of TestBlockDesign_AXI4_Lite_Master_0_0 (user.org:user:AXI4_Lite_Master:1.0) from (Rev. 28) to (Rev. 29)






Copyright 1986-2022 Xilinx, Inc. All Rights Reserved. Copyright 2022-2023 Advanced Micro Devices, Inc. All Rights Reserved.
---------------------------------------------------------------------------------------------------------------------------------------------
| Tool Version : Vivado v.2023.1 (lin64) Build 3865809 Sun May  7 15:04:56 MDT 2023
| Date         : Thu Mar  7 23:10:32 2024
| Host         : mariolima-CREF-XX running 64-bit Ubuntu 22.04.4 LTS
| Command      : upgrade_ip
| Device       : xc7z010clg400-1
---------------------------------------------------------------------------------------------------------------------------------------------

Upgrade Log for IP 'TestBlockDesign_AXI4_Lite_Master_0_0'

1. Summary
----------

SUCCESS in the upgrade of TestBlockDesign_AXI4_Lite_Master_0_0 (user.org:user:AXI4_Lite_Master:1.0) from (Rev. 27) to (Rev. 28)






Copyright 1986-2022 Xilinx, Inc. All Rights Reserved. Copyright 2022-2023 Advanced Micro Devices, Inc. All Rights Reserved.
---------------------------------------------------------------------------------------------------------------------------------------------
| Tool Version : Vivado v.2023.1 (lin64) Build 3865809 Sun May  7 15:04:56 MDT 2023
| Date         : Thu Mar  7 23:06:27 2024
| Host         : mariolima-CREF-XX running 64-bit Ubuntu 22.04.4 LTS
| Command      : upgrade_ip
| Device       : xc7z010clg400-1
---------------------------------------------------------------------------------------------------------------------------------------------

Upgrade Log for IP 'TestBlockDesign_AXI4_Lite_Master_0_0'

1. Summary
----------

SUCCESS in the upgrade of TestBlockDesign_AXI4_Lite_Master_0_0 (user.org:user:AXI4_Lite_Master:1.0) from (Rev. 26) to (Rev. 27)






Copyright 1986-2022 Xilinx, Inc. All Rights Reserved. Copyright 2022-2023 Advanced Micro Devices, Inc. All Rights Reserved.
---------------------------------------------------------------------------------------------------------------------------------------------
| Tool Version : Vivado v.2023.1 (lin64) Build 3865809 Sun May  7 15:04:56 MDT 2023
| Date         : Thu Mar  7 22:54:59 2024
| Host         : mariolima-CREF-XX running 64-bit Ubuntu 22.04.4 LTS
| Command      : upgrade_ip
| Device       : xc7z010clg400-1
---------------------------------------------------------------------------------------------------------------------------------------------

Upgrade Log for IP 'TestBlockDesign_AXI4_Lite_Master_0_0'

1. Summary
----------

SUCCESS in the upgrade of TestBlockDesign_AXI4_Lite_Master_0_0 (user.org:user:AXI4_Lite_Master:1.0) from (Rev. 25) to (Rev. 26)






Copyright 1986-2022 Xilinx, Inc. All Rights Reserved. Copyright 2022-2023 Advanced Micro Devices, Inc. All Rights Reserved.
---------------------------------------------------------------------------------------------------------------------------------------------
| Tool Version : Vivado v.2023.1 (lin64) Build 3865809 Sun May  7 15:04:56 MDT 2023
| Date         : Thu Mar  7 22:54:00 2024
| Host         : mariolima-CREF-XX running 64-bit Ubuntu 22.04.4 LTS
| Command      : upgrade_ip
| Device       : xc7z010clg400-1
---------------------------------------------------------------------------------------------------------------------------------------------

Upgrade Log for IP 'TestBlockDesign_AXI4_Lite_Master_0_0'

1. Summary
----------

SUCCESS in the upgrade of TestBlockDesign_AXI4_Lite_Master_0_0 (user.org:user:AXI4_Lite_Master:1.0) from (Rev. 24) to (Rev. 25)






Copyright 1986-2022 Xilinx, Inc. All Rights Reserved. Copyright 2022-2023 Advanced Micro Devices, Inc. All Rights Reserved.
---------------------------------------------------------------------------------------------------------------------------------------------
| Tool Version : Vivado v.2023.1 (lin64) Build 3865809 Sun May  7 15:04:56 MDT 2023
| Date         : Thu Mar  7 22:48:50 2024
| Host         : mariolima-CREF-XX running 64-bit Ubuntu 22.04.4 LTS
| Command      : upgrade_ip
| Device       : xc7z010clg400-1
---------------------------------------------------------------------------------------------------------------------------------------------

Upgrade Log for IP 'TestBlockDesign_AXI4_Lite_Master_0_0'

1. Summary
----------

SUCCESS in the upgrade of TestBlockDesign_AXI4_Lite_Master_0_0 (user.org:user:AXI4_Lite_Master:1.0) from (Rev. 23) to (Rev. 24)






Copyright 1986-2022 Xilinx, Inc. All Rights Reserved. Copyright 2022-2023 Advanced Micro Devices, Inc. All Rights Reserved.
---------------------------------------------------------------------------------------------------------------------------------------------
| Tool Version : Vivado v.2023.1 (lin64) Build 3865809 Sun May  7 15:04:56 MDT 2023
| Date         : Thu Mar  7 22:43:15 2024
| Host         : mariolima-CREF-XX running 64-bit Ubuntu 22.04.4 LTS
| Command      : upgrade_ip
| Device       : xc7z010clg400-1
---------------------------------------------------------------------------------------------------------------------------------------------

Upgrade Log for IP 'TestBlockDesign_AXI4_Lite_Master_0_0'

1. Summary
----------

CAUTION (success, with warnings) in the upgrade of TestBlockDesign_AXI4_Lite_Master_0_0 (user.org:user:AXI4_Lite_Master:1.0) from (Rev. 22) to (Rev. 23)

After upgrade, an IP may have parameter and port differences compared to the original customization. Please review the parameters within the IP customization GUI to ensure proper functionality. Also, please review the updated IP instantiation template to ensure proper connectivity, and update your design if required.

2. Connection Warnings
----------------------

Detected external port differences while upgrading 'TestBlockDesign_AXI4_Lite_Master_0_0'. These changes may impact your design.


-Upgrade has removed port 'i_rAddr'

-Upgrade has removed port 'i_rdReq'

-Upgrade has removed port 'i_wAddr'

-Upgrade has removed port 'i_wData'

-Upgrade has removed port 'i_wrReq'

-Upgrade has removed port 'o_rData'







Copyright 1986-2022 Xilinx, Inc. All Rights Reserved. Copyright 2022-2023 Advanced Micro Devices, Inc. All Rights Reserved.
---------------------------------------------------------------------------------------------------------------------------------------------
| Tool Version : Vivado v.2023.1 (lin64) Build 3865809 Sun May  7 15:04:56 MDT 2023
| Date         : Thu Mar  7 19:22:26 2024
| Host         : mariolima-CREF-XX running 64-bit Ubuntu 22.04.4 LTS
| Command      : upgrade_ip
| Device       : xc7z010clg400-1
---------------------------------------------------------------------------------------------------------------------------------------------

Upgrade Log for IP 'TestBlockDesign_AXI4_Lite_Master_0_0'

1. Summary
----------

SUCCESS in the upgrade of TestBlockDesign_AXI4_Lite_Master_0_0 (user.org:user:AXI4_Lite_Master:1.0) from (Rev. 21) to (Rev. 22)






Copyright 1986-2022 Xilinx, Inc. All Rights Reserved. Copyright 2022-2023 Advanced Micro Devices, Inc. All Rights Reserved.
---------------------------------------------------------------------------------------------------------------------------------------------
| Tool Version : Vivado v.2023.1 (lin64) Build 3865809 Sun May  7 15:04:56 MDT 2023
| Date         : Thu Mar  7 18:55:30 2024
| Host         : mariolima-CREF-XX running 64-bit Ubuntu 22.04.4 LTS
| Command      : upgrade_ip
| Device       : xc7z010clg400-1
---------------------------------------------------------------------------------------------------------------------------------------------

Upgrade Log for IP 'TestBlockDesign_AXI4_Lite_Master_0_0'

1. Summary
----------

SUCCESS in the upgrade of TestBlockDesign_AXI4_Lite_Master_0_0 (user.org:user:AXI4_Lite_Master:1.0) from (Rev. 20) to (Rev. 21)






Copyright 1986-2022 Xilinx, Inc. All Rights Reserved. Copyright 2022-2023 Advanced Micro Devices, Inc. All Rights Reserved.
---------------------------------------------------------------------------------------------------------------------------------------------
| Tool Version : Vivado v.2023.1 (lin64) Build 3865809 Sun May  7 15:04:56 MDT 2023
| Date         : Thu Mar  7 18:53:11 2024
| Host         : mariolima-CREF-XX running 64-bit Ubuntu 22.04.4 LTS
| Command      : upgrade_ip
| Device       : xc7z010clg400-1
---------------------------------------------------------------------------------------------------------------------------------------------

Upgrade Log for IP 'TestBlockDesign_AXI4_Lite_Master_0_0'

1. Summary
----------

SUCCESS in the upgrade of TestBlockDesign_AXI4_Lite_Master_0_0 (user.org:user:AXI4_Lite_Master:1.0) from (Rev. 19) to (Rev. 20)






Copyright 1986-2022 Xilinx, Inc. All Rights Reserved. Copyright 2022-2023 Advanced Micro Devices, Inc. All Rights Reserved.
---------------------------------------------------------------------------------------------------------------------------------------------
| Tool Version : Vivado v.2023.1 (lin64) Build 3865809 Sun May  7 15:04:56 MDT 2023
| Date         : Thu Mar  7 18:50:53 2024
| Host         : mariolima-CREF-XX running 64-bit Ubuntu 22.04.4 LTS
| Command      : upgrade_ip
| Device       : xc7z010clg400-1
---------------------------------------------------------------------------------------------------------------------------------------------

Upgrade Log for IP 'TestBlockDesign_AXI4_Lite_Master_0_0'

1. Summary
----------

SUCCESS in the upgrade of TestBlockDesign_AXI4_Lite_Master_0_0 (user.org:user:AXI4_Lite_Master:1.0) from (Rev. 18) to (Rev. 19)






Copyright 1986-2022 Xilinx, Inc. All Rights Reserved. Copyright 2022-2023 Advanced Micro Devices, Inc. All Rights Reserved.
---------------------------------------------------------------------------------------------------------------------------------------------
| Tool Version : Vivado v.2023.1 (lin64) Build 3865809 Sun May  7 15:04:56 MDT 2023
| Date         : Thu Mar  7 18:40:22 2024
| Host         : mariolima-CREF-XX running 64-bit Ubuntu 22.04.4 LTS
| Command      : upgrade_ip
| Device       : xc7z010clg400-1
---------------------------------------------------------------------------------------------------------------------------------------------

Upgrade Log for IP 'TestBlockDesign_AXI4_Lite_Master_0_0'

1. Summary
----------

SUCCESS in the upgrade of TestBlockDesign_AXI4_Lite_Master_0_0 (user.org:user:AXI4_Lite_Master:1.0) from (Rev. 17) to (Rev. 18)






Copyright 1986-2022 Xilinx, Inc. All Rights Reserved. Copyright 2022-2023 Advanced Micro Devices, Inc. All Rights Reserved.
---------------------------------------------------------------------------------------------------------------------------------------------
| Tool Version : Vivado v.2023.1 (lin64) Build 3865809 Sun May  7 15:04:56 MDT 2023
| Date         : Thu Mar  7 18:27:53 2024
| Host         : mariolima-CREF-XX running 64-bit Ubuntu 22.04.4 LTS
| Command      : upgrade_ip
| Device       : xc7z010clg400-1
---------------------------------------------------------------------------------------------------------------------------------------------

Upgrade Log for IP 'TestBlockDesign_AXI4_Lite_Master_0_0'

1. Summary
----------

CAUTION (success, with warnings) in the upgrade of TestBlockDesign_AXI4_Lite_Master_0_0 (user.org:user:AXI4_Lite_Master:1.0) from (Rev. 16) to (Rev. 17)

After upgrade, an IP may have parameter and port differences compared to the original customization. Please review the parameters within the IP customization GUI to ensure proper functionality. Also, please review the updated IP instantiation template to ensure proper connectivity, and update your design if required.

2. Connection Warnings
----------------------

Detected external port differences while upgrading 'TestBlockDesign_AXI4_Lite_Master_0_0'. These changes may impact your design.


-Upgrade has added port 'i_rdReq'







Copyright 1986-2022 Xilinx, Inc. All Rights Reserved. Copyright 2022-2023 Advanced Micro Devices, Inc. All Rights Reserved.
---------------------------------------------------------------------------------------------------------------------------------------------
| Tool Version : Vivado v.2023.1 (lin64) Build 3865809 Sun May  7 15:04:56 MDT 2023
| Date         : Thu Mar  7 18:16:07 2024
| Host         : mariolima-CREF-XX running 64-bit Ubuntu 22.04.4 LTS
| Command      : upgrade_ip
| Device       : xc7z010clg400-1
---------------------------------------------------------------------------------------------------------------------------------------------

Upgrade Log for IP 'TestBlockDesign_AXI4_Lite_Master_0_0'

1. Summary
----------

CAUTION (success, with warnings) in the upgrade of TestBlockDesign_AXI4_Lite_Master_0_0 (user.org:user:AXI4_Lite_Master:1.0) from (Rev. 15) to (Rev. 16)

After upgrade, an IP may have parameter and port differences compared to the original customization. Please review the parameters within the IP customization GUI to ensure proper functionality. Also, please review the updated IP instantiation template to ensure proper connectivity, and update your design if required.

2. Connection Warnings
----------------------

Detected external port differences while upgrading 'TestBlockDesign_AXI4_Lite_Master_0_0'. These changes may impact your design.


-Upgrade has added port 'i_rAddr'

-Upgrade has added port 'o_rData'







Copyright 1986-2022 Xilinx, Inc. All Rights Reserved. Copyright 2022-2023 Advanced Micro Devices, Inc. All Rights Reserved.
---------------------------------------------------------------------------------------------------------------------------------------------
| Tool Version : Vivado v.2023.1 (lin64) Build 3865809 Sun May  7 15:04:56 MDT 2023
| Date         : Thu Mar  7 02:43:17 2024
| Host         : dev running 64-bit Ubuntu 23.04
| Command      : upgrade_ip
| Device       : xc7z010clg400-1
---------------------------------------------------------------------------------------------------------------------------------------------

Upgrade Log for IP 'TestBlockDesign_AXI4_Lite_Master_0_0'

1. Summary
----------

SUCCESS in the upgrade of TestBlockDesign_AXI4_Lite_Master_0_0 (user.org:user:AXI4_Lite_Master:1.0) from (Rev. 13) to (Rev. 15)






Copyright 1986-2022 Xilinx, Inc. All Rights Reserved. Copyright 2022-2023 Advanced Micro Devices, Inc. All Rights Reserved.
---------------------------------------------------------------------------------------------------------------------------------------------
| Tool Version : Vivado v.2023.1 (lin64) Build 3865809 Sun May  7 15:04:56 MDT 2023
| Date         : Thu Mar  7 02:29:51 2024
| Host         : dev running 64-bit Ubuntu 23.04
| Command      : upgrade_ip
| Device       : xc7z010clg400-1
---------------------------------------------------------------------------------------------------------------------------------------------

Upgrade Log for IP 'TestBlockDesign_AXI4_Lite_Master_0_0'

1. Summary
----------

SUCCESS in the upgrade of TestBlockDesign_AXI4_Lite_Master_0_0 (user.org:user:AXI4_Lite_Master:1.0) from (Rev. 12) to (Rev. 13)






Copyright 1986-2022 Xilinx, Inc. All Rights Reserved. Copyright 2022-2023 Advanced Micro Devices, Inc. All Rights Reserved.
---------------------------------------------------------------------------------------------------------------------------------------------
| Tool Version : Vivado v.2023.1 (lin64) Build 3865809 Sun May  7 15:04:56 MDT 2023
| Date         : Thu Mar  7 02:22:58 2024
| Host         : dev running 64-bit Ubuntu 23.04
| Command      : upgrade_ip
| Device       : xc7z010clg400-1
---------------------------------------------------------------------------------------------------------------------------------------------

Upgrade Log for IP 'TestBlockDesign_AXI4_Lite_Master_0_0'

1. Summary
----------

SUCCESS in the upgrade of TestBlockDesign_AXI4_Lite_Master_0_0 (user.org:user:AXI4_Lite_Master:1.0) from (Rev. 11) to (Rev. 12)






Copyright 1986-2022 Xilinx, Inc. All Rights Reserved. Copyright 2022-2023 Advanced Micro Devices, Inc. All Rights Reserved.
---------------------------------------------------------------------------------------------------------------------------------------------
| Tool Version : Vivado v.2023.1 (lin64) Build 3865809 Sun May  7 15:04:56 MDT 2023
| Date         : Thu Mar  7 02:03:16 2024
| Host         : dev running 64-bit Ubuntu 23.04
| Command      : upgrade_ip
| Device       : xc7z010clg400-1
---------------------------------------------------------------------------------------------------------------------------------------------

Upgrade Log for IP 'TestBlockDesign_AXI4_Lite_Master_0_0'

1. Summary
----------

SUCCESS in the upgrade of TestBlockDesign_AXI4_Lite_Master_0_0 (user.org:user:AXI4_Lite_Master:1.0) from (Rev. 10) to (Rev. 11)






Copyright 1986-2022 Xilinx, Inc. All Rights Reserved. Copyright 2022-2023 Advanced Micro Devices, Inc. All Rights Reserved.
---------------------------------------------------------------------------------------------------------------------------------------------
| Tool Version : Vivado v.2023.1 (lin64) Build 3865809 Sun May  7 15:04:56 MDT 2023
| Date         : Thu Mar  7 01:59:54 2024
| Host         : dev running 64-bit Ubuntu 23.04
| Command      : upgrade_ip
| Device       : xc7z010clg400-1
---------------------------------------------------------------------------------------------------------------------------------------------

Upgrade Log for IP 'TestBlockDesign_AXI4_Lite_Master_0_0'

1. Summary
----------

SUCCESS in the upgrade of TestBlockDesign_AXI4_Lite_Master_0_0 (user.org:user:AXI4_Lite_Master:1.0) from (Rev. 9) to (Rev. 10)






Copyright 1986-2022 Xilinx, Inc. All Rights Reserved. Copyright 2022-2023 Advanced Micro Devices, Inc. All Rights Reserved.
---------------------------------------------------------------------------------------------------------------------------------------------
| Tool Version : Vivado v.2023.1 (lin64) Build 3865809 Sun May  7 15:04:56 MDT 2023
| Date         : Thu Mar  7 01:54:59 2024
| Host         : dev running 64-bit Ubuntu 23.04
| Command      : upgrade_ip
| Device       : xc7z010clg400-1
---------------------------------------------------------------------------------------------------------------------------------------------

Upgrade Log for IP 'TestBlockDesign_AXI4_Lite_Master_0_0'

1. Summary
----------

SUCCESS in the upgrade of TestBlockDesign_AXI4_Lite_Master_0_0 (user.org:user:AXI4_Lite_Master:1.0) from (Rev. 8) to (Rev. 9)






Copyright 1986-2022 Xilinx, Inc. All Rights Reserved. Copyright 2022-2023 Advanced Micro Devices, Inc. All Rights Reserved.
---------------------------------------------------------------------------------------------------------------------------------------------
| Tool Version : Vivado v.2023.1 (lin64) Build 3865809 Sun May  7 15:04:56 MDT 2023
| Date         : Thu Mar  7 01:52:10 2024
| Host         : dev running 64-bit Ubuntu 23.04
| Command      : upgrade_ip
| Device       : xc7z010clg400-1
---------------------------------------------------------------------------------------------------------------------------------------------

Upgrade Log for IP 'TestBlockDesign_AXI4_Lite_Master_0_0'

1. Summary
----------

SUCCESS in the upgrade of TestBlockDesign_AXI4_Lite_Master_0_0 (user.org:user:AXI4_Lite_Master:1.0) from (Rev. 7) to (Rev. 8)






Copyright 1986-2022 Xilinx, Inc. All Rights Reserved. Copyright 2022-2023 Advanced Micro Devices, Inc. All Rights Reserved.
---------------------------------------------------------------------------------------------------------------------------------------------
| Tool Version : Vivado v.2023.1 (lin64) Build 3865809 Sun May  7 15:04:56 MDT 2023
| Date         : Thu Mar  7 01:43:53 2024
| Host         : dev running 64-bit Ubuntu 23.04
| Command      : upgrade_ip
| Device       : xc7z010clg400-1
---------------------------------------------------------------------------------------------------------------------------------------------

Upgrade Log for IP 'TestBlockDesign_AXI4_Lite_Master_0_0'

1. Summary
----------

SUCCESS in the upgrade of TestBlockDesign_AXI4_Lite_Master_0_0 (user.org:user:AXI4_Lite_Master:1.0) from (Rev. 6) to (Rev. 7)






Copyright 1986-2022 Xilinx, Inc. All Rights Reserved. Copyright 2022-2023 Advanced Micro Devices, Inc. All Rights Reserved.
---------------------------------------------------------------------------------------------------------------------------------------------
| Tool Version : Vivado v.2023.1 (lin64) Build 3865809 Sun May  7 15:04:56 MDT 2023
| Date         : Thu Mar  7 01:41:43 2024
| Host         : dev running 64-bit Ubuntu 23.04
| Command      : upgrade_ip
| Device       : xc7z010clg400-1
---------------------------------------------------------------------------------------------------------------------------------------------

Upgrade Log for IP 'TestBlockDesign_AXI4_Lite_Master_0_0'

1. Summary
----------

SUCCESS in the upgrade of TestBlockDesign_AXI4_Lite_Master_0_0 (user.org:user:AXI4_Lite_Master:1.0) from (Rev. 5) to (Rev. 6)






Copyright 1986-2022 Xilinx, Inc. All Rights Reserved. Copyright 2022-2023 Advanced Micro Devices, Inc. All Rights Reserved.
---------------------------------------------------------------------------------------------------------------------------------------------
| Tool Version : Vivado v.2023.1 (lin64) Build 3865809 Sun May  7 15:04:56 MDT 2023
| Date         : Thu Mar  7 01:38:47 2024
| Host         : dev running 64-bit Ubuntu 23.04
| Command      : upgrade_ip
| Device       : xc7z010clg400-1
---------------------------------------------------------------------------------------------------------------------------------------------

Upgrade Log for IP 'TestBlockDesign_AXI4_Lite_Master_0_0'

1. Summary
----------

SUCCESS in the upgrade of TestBlockDesign_AXI4_Lite_Master_0_0 (user.org:user:AXI4_Lite_Master:1.0) from (Rev. 4) to (Rev. 5)






Copyright 1986-2022 Xilinx, Inc. All Rights Reserved. Copyright 2022-2023 Advanced Micro Devices, Inc. All Rights Reserved.
---------------------------------------------------------------------------------------------------------------------------------------------
| Tool Version : Vivado v.2023.1 (lin64) Build 3865809 Sun May  7 15:04:56 MDT 2023
| Date         : Thu Mar  7 01:35:37 2024
| Host         : dev running 64-bit Ubuntu 23.04
| Command      : upgrade_ip
| Device       : xc7z010clg400-1
---------------------------------------------------------------------------------------------------------------------------------------------

Upgrade Log for IP 'TestBlockDesign_AXI4_Lite_Master_0_0'

1. Summary
----------

SUCCESS in the upgrade of TestBlockDesign_AXI4_Lite_Master_0_0 (user.org:user:AXI4_Lite_Master:1.0) from (Rev. 2) to (Rev. 4)






Copyright 1986-2022 Xilinx, Inc. All Rights Reserved. Copyright 2022-2023 Advanced Micro Devices, Inc. All Rights Reserved.
---------------------------------------------------------------------------------------------------------------------------------------------
| Tool Version : Vivado v.2023.1 (lin64) Build 3865809 Sun May  7 15:04:56 MDT 2023
| Date         : Tue Mar  5 18:47:50 2024
| Host         : dev running 64-bit Ubuntu 23.04
| Command      : upgrade_ip
| Device       : xc7z010clg400-1
---------------------------------------------------------------------------------------------------------------------------------------------

Upgrade Log for IP 'TestBlockDesign_AXI4_Lite_Master_Test_0_0'

1. Summary
----------

SUCCESS in the upgrade of TestBlockDesign_AXI4_Lite_Master_Test_0_0 (user.org:user:AXI4_Lite_Master_Test:0.1) from (Rev. 1) to (Rev. 2)

