
*** Running vivado
    with args -log RAM32X32B.vds -m64 -product Vivado -mode batch -messageDb vivado.pb -notrace -source RAM32X32B.tcl


****** Vivado v2023.2 (64-bit)
  **** SW Build 4029153 on Fri Oct 13 20:13:54 MDT 2023
  **** IP Build 4028589 on Sat Oct 14 00:45:43 MDT 2023
  **** SharedData Build 4025554 on Tue Oct 10 17:18:54 MDT 2023
    ** Copyright 1986-2022 Xilinx, Inc. All Rights Reserved.
    ** Copyright 2022-2023 Advanced Micro Devices, Inc. All Rights Reserved.

source RAM32X32B.tcl -notrace
create_project: Time (s): cpu = 00:00:05 ; elapsed = 00:00:05 . Memory (MB): peak = 1317.402 ; gain = 0.023 ; free physical = 5880 ; free virtual = 8560
Command: synth_design -top RAM32X32B -part xc7z010clg400-1 -incremental_mode off -mode out_of_context
Starting synth_design
Attempting to get a license for feature 'Synthesis' and/or device 'xc7z010'
INFO: [Common 17-349] Got license for feature 'Synthesis' and/or device 'xc7z010'
INFO: [Device 21-403] Loading part xc7z010clg400-1
INFO: [Synth 8-7079] Multithreading enabled for synth_design using a maximum of 4 processes.
INFO: [Synth 8-7078] Launching helper process for spawning children vivado processes
INFO: [Synth 8-7075] Helper process launched with PID 29668
---------------------------------------------------------------------------------
Starting RTL Elaboration : Time (s): cpu = 00:00:03 ; elapsed = 00:00:04 . Memory (MB): peak = 2052.305 ; gain = 402.660 ; free physical = 4819 ; free virtual = 7554
---------------------------------------------------------------------------------
INFO: [Synth 8-638] synthesizing module 'RAM32X32B' [/home/mariolima/Desktop/VESPA_BHV1.0/VESPA_BHV.gen/sources_1/ip/RAM32X32B/synth/RAM32X32B.vhd:78]
	Parameter C_FAMILY bound to: zynq - type: string 
	Parameter C_XDEVICEFAMILY bound to: zynq - type: string 
	Parameter C_ELABORATION_DIR bound to: ./ - type: string 
	Parameter C_INTERFACE_TYPE bound to: 0 - type: integer 
	Parameter C_AXI_TYPE bound to: 1 - type: integer 
	Parameter C_AXI_SLAVE_TYPE bound to: 0 - type: integer 
	Parameter C_USE_BRAM_BLOCK bound to: 0 - type: integer 
	Parameter C_ENABLE_32BIT_ADDRESS bound to: 0 - type: integer 
	Parameter C_CTRL_ECC_ALGO bound to: NONE - type: string 
	Parameter C_HAS_AXI_ID bound to: 0 - type: integer 
	Parameter C_AXI_ID_WIDTH bound to: 4 - type: integer 
	Parameter C_MEM_TYPE bound to: 2 - type: integer 
	Parameter C_BYTE_SIZE bound to: 9 - type: integer 
	Parameter C_ALGORITHM bound to: 1 - type: integer 
	Parameter C_PRIM_TYPE bound to: 1 - type: integer 
	Parameter C_LOAD_INIT_FILE bound to: 1 - type: integer 
	Parameter C_INIT_FILE_NAME bound to: RAM32X32B.mif - type: string 
	Parameter C_INIT_FILE bound to: RAM32X32B.mem - type: string 
	Parameter C_USE_DEFAULT_DATA bound to: 0 - type: integer 
	Parameter C_DEFAULT_DATA bound to: 0 - type: string 
	Parameter C_HAS_RSTA bound to: 1 - type: integer 
	Parameter C_RST_PRIORITY_A bound to: CE - type: string 
	Parameter C_RSTRAM_A bound to: 0 - type: integer 
	Parameter C_INITA_VAL bound to: 0 - type: string 
	Parameter C_HAS_ENA bound to: 0 - type: integer 
	Parameter C_HAS_REGCEA bound to: 0 - type: integer 
	Parameter C_USE_BYTE_WEA bound to: 0 - type: integer 
	Parameter C_WEA_WIDTH bound to: 1 - type: integer 
	Parameter C_WRITE_MODE_A bound to: NO_CHANGE - type: string 
	Parameter C_WRITE_WIDTH_A bound to: 32 - type: integer 
	Parameter C_READ_WIDTH_A bound to: 32 - type: integer 
	Parameter C_WRITE_DEPTH_A bound to: 32 - type: integer 
	Parameter C_READ_DEPTH_A bound to: 32 - type: integer 
	Parameter C_ADDRA_WIDTH bound to: 5 - type: integer 
	Parameter C_HAS_RSTB bound to: 1 - type: integer 
	Parameter C_RST_PRIORITY_B bound to: CE - type: string 
	Parameter C_RSTRAM_B bound to: 0 - type: integer 
	Parameter C_INITB_VAL bound to: 0 - type: string 
	Parameter C_HAS_ENB bound to: 0 - type: integer 
	Parameter C_HAS_REGCEB bound to: 0 - type: integer 
	Parameter C_USE_BYTE_WEB bound to: 0 - type: integer 
	Parameter C_WEB_WIDTH bound to: 1 - type: integer 
	Parameter C_WRITE_MODE_B bound to: NO_CHANGE - type: string 
	Parameter C_WRITE_WIDTH_B bound to: 32 - type: integer 
	Parameter C_READ_WIDTH_B bound to: 32 - type: integer 
	Parameter C_WRITE_DEPTH_B bound to: 32 - type: integer 
	Parameter C_READ_DEPTH_B bound to: 32 - type: integer 
	Parameter C_ADDRB_WIDTH bound to: 5 - type: integer 
	Parameter C_HAS_MEM_OUTPUT_REGS_A bound to: 0 - type: integer 
	Parameter C_HAS_MEM_OUTPUT_REGS_B bound to: 0 - type: integer 
	Parameter C_HAS_MUX_OUTPUT_REGS_A bound to: 0 - type: integer 
	Parameter C_HAS_MUX_OUTPUT_REGS_B bound to: 0 - type: integer 
	Parameter C_MUX_PIPELINE_STAGES bound to: 0 - type: integer 
	Parameter C_HAS_SOFTECC_INPUT_REGS_A bound to: 0 - type: integer 
	Parameter C_HAS_SOFTECC_OUTPUT_REGS_B bound to: 0 - type: integer 
	Parameter C_USE_SOFTECC bound to: 0 - type: integer 
	Parameter C_USE_ECC bound to: 0 - type: integer 
	Parameter C_EN_ECC_PIPE bound to: 0 - type: integer 
	Parameter C_READ_LATENCY_A bound to: 1 - type: integer 
	Parameter C_READ_LATENCY_B bound to: 1 - type: integer 
	Parameter C_HAS_INJECTERR bound to: 0 - type: integer 
	Parameter C_SIM_COLLISION_CHECK bound to: ALL - type: string 
	Parameter C_COMMON_CLK bound to: 1 - type: integer 
	Parameter C_DISABLE_WARN_BHV_COLL bound to: 0 - type: integer 
	Parameter C_EN_SLEEP_PIN bound to: 0 - type: integer 
	Parameter C_USE_URAM bound to: 0 - type: integer 
	Parameter C_EN_RDADDRA_CHG bound to: 0 - type: integer 
	Parameter C_EN_RDADDRB_CHG bound to: 0 - type: integer 
	Parameter C_EN_DEEPSLEEP_PIN bound to: 0 - type: integer 
	Parameter C_EN_SHUTDOWN_PIN bound to: 0 - type: integer 
	Parameter C_EN_SAFETY_CKT bound to: 1 - type: integer 
	Parameter C_DISABLE_WARN_BHV_RANGE bound to: 0 - type: integer 
	Parameter C_COUNT_36K_BRAM bound to: 1 - type: string 
	Parameter C_COUNT_18K_BRAM bound to: 0 - type: string 
	Parameter C_EST_POWER_SUMMARY bound to: Estimated Power for IP     :     5.26545 mW - type: string 
INFO: [Synth 8-3491] module 'blk_mem_gen_v8_4_7' declared at '/home/mariolima/Desktop/VESPA_BHV1.0/VESPA_BHV.gen/sources_1/ip/RAM32X32B/hdl/blk_mem_gen_v8_4_vhsyn_rfs.vhd:195208' bound to instance 'U0' of component 'blk_mem_gen_v8_4_7' [/home/mariolima/Desktop/VESPA_BHV1.0/VESPA_BHV.gen/sources_1/ip/RAM32X32B/synth/RAM32X32B.vhd:251]
INFO: [Synth 8-256] done synthesizing module 'RAM32X32B' (0#1) [/home/mariolima/Desktop/VESPA_BHV1.0/VESPA_BHV.gen/sources_1/ip/RAM32X32B/synth/RAM32X32B.vhd:78]
WARNING: [Synth 8-7129] Port CLKB in module blk_mem_output_block is either unconnected or has no load
WARNING: [Synth 8-7129] Port SBITERR_I in module blk_mem_output_block is either unconnected or has no load
WARNING: [Synth 8-7129] Port DBITERR_I in module blk_mem_output_block is either unconnected or has no load
WARNING: [Synth 8-7129] Port RDADDRECC_I[4] in module blk_mem_output_block is either unconnected or has no load
WARNING: [Synth 8-7129] Port RDADDRECC_I[3] in module blk_mem_output_block is either unconnected or has no load
WARNING: [Synth 8-7129] Port RDADDRECC_I[2] in module blk_mem_output_block is either unconnected or has no load
WARNING: [Synth 8-7129] Port RDADDRECC_I[1] in module blk_mem_output_block is either unconnected or has no load
WARNING: [Synth 8-7129] Port RDADDRECC_I[0] in module blk_mem_output_block is either unconnected or has no load
WARNING: [Synth 8-7129] Port SBITERR in module blk_mem_gen_prim_wrapper_init is either unconnected or has no load
WARNING: [Synth 8-7129] Port DBITERR in module blk_mem_gen_prim_wrapper_init is either unconnected or has no load
WARNING: [Synth 8-7129] Port SSRA in module blk_mem_gen_prim_wrapper_init is either unconnected or has no load
WARNING: [Synth 8-7129] Port SSRB in module blk_mem_gen_prim_wrapper_init is either unconnected or has no load
WARNING: [Synth 8-7129] Port SLEEP in module blk_mem_gen_prim_wrapper_init is either unconnected or has no load
WARNING: [Synth 8-7129] Port INJECTSBITERR in module blk_mem_gen_prim_wrapper_init is either unconnected or has no load
WARNING: [Synth 8-7129] Port INJECTDBITERR in module blk_mem_gen_prim_wrapper_init is either unconnected or has no load
WARNING: [Synth 8-7129] Port ECCPIPECE in module blk_mem_gen_prim_wrapper_init is either unconnected or has no load
WARNING: [Synth 8-7129] Port REGCEA[0] in module blk_mem_gen_generic_cstr is either unconnected or has no load
WARNING: [Synth 8-7129] Port WEA[3] in module blk_mem_gen_generic_cstr is either unconnected or has no load
WARNING: [Synth 8-7129] Port WEA[2] in module blk_mem_gen_generic_cstr is either unconnected or has no load
WARNING: [Synth 8-7129] Port WEA[1] in module blk_mem_gen_generic_cstr is either unconnected or has no load
WARNING: [Synth 8-7129] Port REGCEB[0] in module blk_mem_gen_generic_cstr is either unconnected or has no load
WARNING: [Synth 8-7129] Port WEB[3] in module blk_mem_gen_generic_cstr is either unconnected or has no load
WARNING: [Synth 8-7129] Port WEB[2] in module blk_mem_gen_generic_cstr is either unconnected or has no load
WARNING: [Synth 8-7129] Port WEB[1] in module blk_mem_gen_generic_cstr is either unconnected or has no load
WARNING: [Synth 8-7129] Port INJECTSBITERR in module blk_mem_gen_generic_cstr is either unconnected or has no load
WARNING: [Synth 8-7129] Port INJECTDBITERR in module blk_mem_gen_generic_cstr is either unconnected or has no load
WARNING: [Synth 8-7129] Port ENA in module blk_mem_input_block is either unconnected or has no load
WARNING: [Synth 8-7129] Port REGCEA in module blk_mem_input_block is either unconnected or has no load
WARNING: [Synth 8-7129] Port ENB in module blk_mem_input_block is either unconnected or has no load
WARNING: [Synth 8-7129] Port REGCEB in module blk_mem_input_block is either unconnected or has no load
WARNING: [Synth 8-7129] Port INJECTDBITERR in module blk_mem_input_block is either unconnected or has no load
WARNING: [Synth 8-7129] Port INJECTSBITERR in module blk_mem_input_block is either unconnected or has no load
WARNING: [Synth 8-7129] Port CLKB in module blk_mem_gen_v8_4_7_synth is either unconnected or has no load
WARNING: [Synth 8-7129] Port S_AClk in module blk_mem_gen_v8_4_7_synth is either unconnected or has no load
WARNING: [Synth 8-7129] Port S_ARESETN in module blk_mem_gen_v8_4_7_synth is either unconnected or has no load
WARNING: [Synth 8-7129] Port S_AXI_AWID[3] in module blk_mem_gen_v8_4_7_synth is either unconnected or has no load
WARNING: [Synth 8-7129] Port S_AXI_AWID[2] in module blk_mem_gen_v8_4_7_synth is either unconnected or has no load
WARNING: [Synth 8-7129] Port S_AXI_AWID[1] in module blk_mem_gen_v8_4_7_synth is either unconnected or has no load
WARNING: [Synth 8-7129] Port S_AXI_AWID[0] in module blk_mem_gen_v8_4_7_synth is either unconnected or has no load
WARNING: [Synth 8-7129] Port S_AXI_AWADDR[31] in module blk_mem_gen_v8_4_7_synth is either unconnected or has no load
WARNING: [Synth 8-7129] Port S_AXI_AWADDR[30] in module blk_mem_gen_v8_4_7_synth is either unconnected or has no load
WARNING: [Synth 8-7129] Port S_AXI_AWADDR[29] in module blk_mem_gen_v8_4_7_synth is either unconnected or has no load
WARNING: [Synth 8-7129] Port S_AXI_AWADDR[28] in module blk_mem_gen_v8_4_7_synth is either unconnected or has no load
WARNING: [Synth 8-7129] Port S_AXI_AWADDR[27] in module blk_mem_gen_v8_4_7_synth is either unconnected or has no load
WARNING: [Synth 8-7129] Port S_AXI_AWADDR[26] in module blk_mem_gen_v8_4_7_synth is either unconnected or has no load
WARNING: [Synth 8-7129] Port S_AXI_AWADDR[25] in module blk_mem_gen_v8_4_7_synth is either unconnected or has no load
WARNING: [Synth 8-7129] Port S_AXI_AWADDR[24] in module blk_mem_gen_v8_4_7_synth is either unconnected or has no load
WARNING: [Synth 8-7129] Port S_AXI_AWADDR[23] in module blk_mem_gen_v8_4_7_synth is either unconnected or has no load
WARNING: [Synth 8-7129] Port S_AXI_AWADDR[22] in module blk_mem_gen_v8_4_7_synth is either unconnected or has no load
WARNING: [Synth 8-7129] Port S_AXI_AWADDR[21] in module blk_mem_gen_v8_4_7_synth is either unconnected or has no load
WARNING: [Synth 8-7129] Port S_AXI_AWADDR[20] in module blk_mem_gen_v8_4_7_synth is either unconnected or has no load
WARNING: [Synth 8-7129] Port S_AXI_AWADDR[19] in module blk_mem_gen_v8_4_7_synth is either unconnected or has no load
WARNING: [Synth 8-7129] Port S_AXI_AWADDR[18] in module blk_mem_gen_v8_4_7_synth is either unconnected or has no load
WARNING: [Synth 8-7129] Port S_AXI_AWADDR[17] in module blk_mem_gen_v8_4_7_synth is either unconnected or has no load
WARNING: [Synth 8-7129] Port S_AXI_AWADDR[16] in module blk_mem_gen_v8_4_7_synth is either unconnected or has no load
WARNING: [Synth 8-7129] Port S_AXI_AWADDR[15] in module blk_mem_gen_v8_4_7_synth is either unconnected or has no load
WARNING: [Synth 8-7129] Port S_AXI_AWADDR[14] in module blk_mem_gen_v8_4_7_synth is either unconnected or has no load
WARNING: [Synth 8-7129] Port S_AXI_AWADDR[13] in module blk_mem_gen_v8_4_7_synth is either unconnected or has no load
WARNING: [Synth 8-7129] Port S_AXI_AWADDR[12] in module blk_mem_gen_v8_4_7_synth is either unconnected or has no load
WARNING: [Synth 8-7129] Port S_AXI_AWADDR[11] in module blk_mem_gen_v8_4_7_synth is either unconnected or has no load
WARNING: [Synth 8-7129] Port S_AXI_AWADDR[10] in module blk_mem_gen_v8_4_7_synth is either unconnected or has no load
WARNING: [Synth 8-7129] Port S_AXI_AWADDR[9] in module blk_mem_gen_v8_4_7_synth is either unconnected or has no load
WARNING: [Synth 8-7129] Port S_AXI_AWADDR[8] in module blk_mem_gen_v8_4_7_synth is either unconnected or has no load
WARNING: [Synth 8-7129] Port S_AXI_AWADDR[7] in module blk_mem_gen_v8_4_7_synth is either unconnected or has no load
WARNING: [Synth 8-7129] Port S_AXI_AWADDR[6] in module blk_mem_gen_v8_4_7_synth is either unconnected or has no load
WARNING: [Synth 8-7129] Port S_AXI_AWADDR[5] in module blk_mem_gen_v8_4_7_synth is either unconnected or has no load
WARNING: [Synth 8-7129] Port S_AXI_AWADDR[4] in module blk_mem_gen_v8_4_7_synth is either unconnected or has no load
WARNING: [Synth 8-7129] Port S_AXI_AWADDR[3] in module blk_mem_gen_v8_4_7_synth is either unconnected or has no load
WARNING: [Synth 8-7129] Port S_AXI_AWADDR[2] in module blk_mem_gen_v8_4_7_synth is either unconnected or has no load
WARNING: [Synth 8-7129] Port S_AXI_AWADDR[1] in module blk_mem_gen_v8_4_7_synth is either unconnected or has no load
WARNING: [Synth 8-7129] Port S_AXI_AWADDR[0] in module blk_mem_gen_v8_4_7_synth is either unconnected or has no load
WARNING: [Synth 8-7129] Port S_AXI_AWLEN[7] in module blk_mem_gen_v8_4_7_synth is either unconnected or has no load
WARNING: [Synth 8-7129] Port S_AXI_AWLEN[6] in module blk_mem_gen_v8_4_7_synth is either unconnected or has no load
WARNING: [Synth 8-7129] Port S_AXI_AWLEN[5] in module blk_mem_gen_v8_4_7_synth is either unconnected or has no load
WARNING: [Synth 8-7129] Port S_AXI_AWLEN[4] in module blk_mem_gen_v8_4_7_synth is either unconnected or has no load
WARNING: [Synth 8-7129] Port S_AXI_AWLEN[3] in module blk_mem_gen_v8_4_7_synth is either unconnected or has no load
WARNING: [Synth 8-7129] Port S_AXI_AWLEN[2] in module blk_mem_gen_v8_4_7_synth is either unconnected or has no load
WARNING: [Synth 8-7129] Port S_AXI_AWLEN[1] in module blk_mem_gen_v8_4_7_synth is either unconnected or has no load
WARNING: [Synth 8-7129] Port S_AXI_AWLEN[0] in module blk_mem_gen_v8_4_7_synth is either unconnected or has no load
WARNING: [Synth 8-7129] Port S_AXI_AWSIZE[2] in module blk_mem_gen_v8_4_7_synth is either unconnected or has no load
WARNING: [Synth 8-7129] Port S_AXI_AWSIZE[1] in module blk_mem_gen_v8_4_7_synth is either unconnected or has no load
WARNING: [Synth 8-7129] Port S_AXI_AWSIZE[0] in module blk_mem_gen_v8_4_7_synth is either unconnected or has no load
WARNING: [Synth 8-7129] Port S_AXI_AWBURST[1] in module blk_mem_gen_v8_4_7_synth is either unconnected or has no load
WARNING: [Synth 8-7129] Port S_AXI_AWBURST[0] in module blk_mem_gen_v8_4_7_synth is either unconnected or has no load
WARNING: [Synth 8-7129] Port S_AXI_AWVALID in module blk_mem_gen_v8_4_7_synth is either unconnected or has no load
WARNING: [Synth 8-7129] Port S_AXI_WDATA[31] in module blk_mem_gen_v8_4_7_synth is either unconnected or has no load
WARNING: [Synth 8-7129] Port S_AXI_WDATA[30] in module blk_mem_gen_v8_4_7_synth is either unconnected or has no load
WARNING: [Synth 8-7129] Port S_AXI_WDATA[29] in module blk_mem_gen_v8_4_7_synth is either unconnected or has no load
WARNING: [Synth 8-7129] Port S_AXI_WDATA[28] in module blk_mem_gen_v8_4_7_synth is either unconnected or has no load
WARNING: [Synth 8-7129] Port S_AXI_WDATA[27] in module blk_mem_gen_v8_4_7_synth is either unconnected or has no load
WARNING: [Synth 8-7129] Port S_AXI_WDATA[26] in module blk_mem_gen_v8_4_7_synth is either unconnected or has no load
WARNING: [Synth 8-7129] Port S_AXI_WDATA[25] in module blk_mem_gen_v8_4_7_synth is either unconnected or has no load
WARNING: [Synth 8-7129] Port S_AXI_WDATA[24] in module blk_mem_gen_v8_4_7_synth is either unconnected or has no load
WARNING: [Synth 8-7129] Port S_AXI_WDATA[23] in module blk_mem_gen_v8_4_7_synth is either unconnected or has no load
WARNING: [Synth 8-7129] Port S_AXI_WDATA[22] in module blk_mem_gen_v8_4_7_synth is either unconnected or has no load
WARNING: [Synth 8-7129] Port S_AXI_WDATA[21] in module blk_mem_gen_v8_4_7_synth is either unconnected or has no load
WARNING: [Synth 8-7129] Port S_AXI_WDATA[20] in module blk_mem_gen_v8_4_7_synth is either unconnected or has no load
WARNING: [Synth 8-7129] Port S_AXI_WDATA[19] in module blk_mem_gen_v8_4_7_synth is either unconnected or has no load
WARNING: [Synth 8-7129] Port S_AXI_WDATA[18] in module blk_mem_gen_v8_4_7_synth is either unconnected or has no load
WARNING: [Synth 8-7129] Port S_AXI_WDATA[17] in module blk_mem_gen_v8_4_7_synth is either unconnected or has no load
INFO: [Common 17-14] Message 'Synth 8-7129' appears 100 times and further instances of the messages will be disabled. Use the Tcl command set_msg_config to change the current settings.
---------------------------------------------------------------------------------
Finished RTL Elaboration : Time (s): cpu = 00:00:09 ; elapsed = 00:00:09 . Memory (MB): peak = 2325.781 ; gain = 676.137 ; free physical = 4567 ; free virtual = 7313
---------------------------------------------------------------------------------
---------------------------------------------------------------------------------
Start Handling Custom Attributes
---------------------------------------------------------------------------------
---------------------------------------------------------------------------------
Finished Handling Custom Attributes : Time (s): cpu = 00:00:09 ; elapsed = 00:00:09 . Memory (MB): peak = 2325.781 ; gain = 676.137 ; free physical = 4564 ; free virtual = 7310
---------------------------------------------------------------------------------
---------------------------------------------------------------------------------
Finished RTL Optimization Phase 1 : Time (s): cpu = 00:00:09 ; elapsed = 00:00:09 . Memory (MB): peak = 2325.781 ; gain = 676.137 ; free physical = 4564 ; free virtual = 7310
---------------------------------------------------------------------------------
Netlist sorting complete. Time (s): cpu = 00:00:00.01 ; elapsed = 00:00:00 . Memory (MB): peak = 2325.781 ; gain = 0.000 ; free physical = 4562 ; free virtual = 7308
INFO: [Netlist 29-17] Analyzing 1 Unisim elements for replacement
INFO: [Netlist 29-28] Unisim Transformation completed in 0 CPU seconds
INFO: [Project 1-570] Preparing netlist for logic optimization

Processing XDC Constraints
Initializing timing engine
Parsing XDC File [/home/mariolima/Desktop/VESPA_BHV1.0/VESPA_BHV.gen/sources_1/ip/RAM32X32B/RAM32X32B_ooc.xdc] for cell 'U0'
Finished Parsing XDC File [/home/mariolima/Desktop/VESPA_BHV1.0/VESPA_BHV.gen/sources_1/ip/RAM32X32B/RAM32X32B_ooc.xdc] for cell 'U0'
Parsing XDC File [/home/mariolima/Desktop/VESPA_BHV1.0/VESPA_BHV.runs/RAM32X32B_synth_1/dont_touch.xdc]
Finished Parsing XDC File [/home/mariolima/Desktop/VESPA_BHV1.0/VESPA_BHV.runs/RAM32X32B_synth_1/dont_touch.xdc]
Completed Processing XDC Constraints

Netlist sorting complete. Time (s): cpu = 00:00:00 ; elapsed = 00:00:00 . Memory (MB): peak = 2389.812 ; gain = 0.000 ; free physical = 4551 ; free virtual = 7308
INFO: [Project 1-111] Unisim Transformation Summary:
No Unisim elements were transformed.

Constraint Validation Runtime : Time (s): cpu = 00:00:00.02 ; elapsed = 00:00:00.01 . Memory (MB): peak = 2389.848 ; gain = 0.000 ; free physical = 4554 ; free virtual = 7311
INFO: [Designutils 20-5008] Incremental synthesis strategy off
---------------------------------------------------------------------------------
Finished Constraint Validation : Time (s): cpu = 00:00:13 ; elapsed = 00:00:14 . Memory (MB): peak = 2389.848 ; gain = 740.203 ; free physical = 4533 ; free virtual = 7296
---------------------------------------------------------------------------------
---------------------------------------------------------------------------------
Start Loading Part and Timing Information
---------------------------------------------------------------------------------
Loading part: xc7z010clg400-1
---------------------------------------------------------------------------------
Finished Loading Part and Timing Information : Time (s): cpu = 00:00:13 ; elapsed = 00:00:14 . Memory (MB): peak = 2389.848 ; gain = 740.203 ; free physical = 4533 ; free virtual = 7296
---------------------------------------------------------------------------------
---------------------------------------------------------------------------------
Start Applying 'set_property' XDC Constraints
---------------------------------------------------------------------------------
Applied set_property KEEP_HIERARCHY = SOFT for U0. (constraint file  /home/mariolima/Desktop/VESPA_BHV1.0/VESPA_BHV.runs/RAM32X32B_synth_1/dont_touch.xdc, line 9).
---------------------------------------------------------------------------------
Finished applying 'set_property' XDC Constraints : Time (s): cpu = 00:00:13 ; elapsed = 00:00:14 . Memory (MB): peak = 2389.848 ; gain = 740.203 ; free physical = 4533 ; free virtual = 7297
---------------------------------------------------------------------------------
---------------------------------------------------------------------------------
Finished RTL Optimization Phase 2 : Time (s): cpu = 00:00:13 ; elapsed = 00:00:14 . Memory (MB): peak = 2389.848 ; gain = 740.203 ; free physical = 4537 ; free virtual = 7302
---------------------------------------------------------------------------------
---------------------------------------------------------------------------------
Start RTL Component Statistics 
---------------------------------------------------------------------------------
Detailed RTL Component Info : 
+---XORs : 
	   2 Input      1 Bit         XORs := 2     
+---Registers : 
	                5 Bit    Registers := 2     
	                1 Bit    Registers := 8     
---------------------------------------------------------------------------------
Finished RTL Component Statistics 
---------------------------------------------------------------------------------
---------------------------------------------------------------------------------
Start Part Resource Summary
---------------------------------------------------------------------------------
Part Resources:
DSPs: 80 (col length:40)
BRAMs: 120 (col length: RAMB18 40 RAMB36 20)
---------------------------------------------------------------------------------
Finished Part Resource Summary
---------------------------------------------------------------------------------
---------------------------------------------------------------------------------
Start Cross Boundary and Area Optimization
---------------------------------------------------------------------------------
WARNING: [Synth 8-7080] Parallel synthesis criteria is not met
---------------------------------------------------------------------------------
Finished Cross Boundary and Area Optimization : Time (s): cpu = 00:00:14 ; elapsed = 00:00:15 . Memory (MB): peak = 2389.848 ; gain = 740.203 ; free physical = 4533 ; free virtual = 7297
---------------------------------------------------------------------------------
---------------------------------------------------------------------------------
Start Applying XDC Timing Constraints
---------------------------------------------------------------------------------
---------------------------------------------------------------------------------
Finished Applying XDC Timing Constraints : Time (s): cpu = 00:00:17 ; elapsed = 00:00:17 . Memory (MB): peak = 2389.848 ; gain = 740.203 ; free physical = 4515 ; free virtual = 7289
---------------------------------------------------------------------------------
---------------------------------------------------------------------------------
Start Timing Optimization
---------------------------------------------------------------------------------
---------------------------------------------------------------------------------
Finished Timing Optimization : Time (s): cpu = 00:00:17 ; elapsed = 00:00:17 . Memory (MB): peak = 2389.848 ; gain = 740.203 ; free physical = 4515 ; free virtual = 7289
---------------------------------------------------------------------------------
---------------------------------------------------------------------------------
Start Technology Mapping
---------------------------------------------------------------------------------
---------------------------------------------------------------------------------
Finished Technology Mapping : Time (s): cpu = 00:00:17 ; elapsed = 00:00:17 . Memory (MB): peak = 2389.848 ; gain = 740.203 ; free physical = 4521 ; free virtual = 7293
---------------------------------------------------------------------------------
---------------------------------------------------------------------------------
Start IO Insertion
---------------------------------------------------------------------------------
---------------------------------------------------------------------------------
Start Flattening Before IO Insertion
---------------------------------------------------------------------------------
---------------------------------------------------------------------------------
Finished Flattening Before IO Insertion
---------------------------------------------------------------------------------
---------------------------------------------------------------------------------
Start Final Netlist Cleanup
---------------------------------------------------------------------------------
---------------------------------------------------------------------------------
Finished Final Netlist Cleanup
---------------------------------------------------------------------------------
---------------------------------------------------------------------------------
Finished IO Insertion : Time (s): cpu = 00:00:19 ; elapsed = 00:00:19 . Memory (MB): peak = 2389.848 ; gain = 740.203 ; free physical = 4522 ; free virtual = 7295
---------------------------------------------------------------------------------
---------------------------------------------------------------------------------
Start Renaming Generated Instances
---------------------------------------------------------------------------------
---------------------------------------------------------------------------------
Finished Renaming Generated Instances : Time (s): cpu = 00:00:19 ; elapsed = 00:00:19 . Memory (MB): peak = 2389.848 ; gain = 740.203 ; free physical = 4522 ; free virtual = 7295
---------------------------------------------------------------------------------
---------------------------------------------------------------------------------
Start Rebuilding User Hierarchy
---------------------------------------------------------------------------------
---------------------------------------------------------------------------------
Finished Rebuilding User Hierarchy : Time (s): cpu = 00:00:19 ; elapsed = 00:00:19 . Memory (MB): peak = 2389.848 ; gain = 740.203 ; free physical = 4522 ; free virtual = 7295
---------------------------------------------------------------------------------
---------------------------------------------------------------------------------
Start Renaming Generated Ports
---------------------------------------------------------------------------------
---------------------------------------------------------------------------------
Finished Renaming Generated Ports : Time (s): cpu = 00:00:19 ; elapsed = 00:00:19 . Memory (MB): peak = 2389.848 ; gain = 740.203 ; free physical = 4522 ; free virtual = 7295
---------------------------------------------------------------------------------
---------------------------------------------------------------------------------
Start Handling Custom Attributes
---------------------------------------------------------------------------------
---------------------------------------------------------------------------------
Finished Handling Custom Attributes : Time (s): cpu = 00:00:19 ; elapsed = 00:00:19 . Memory (MB): peak = 2389.848 ; gain = 740.203 ; free physical = 4522 ; free virtual = 7295
---------------------------------------------------------------------------------
---------------------------------------------------------------------------------
Start Renaming Generated Nets
---------------------------------------------------------------------------------
---------------------------------------------------------------------------------
Finished Renaming Generated Nets : Time (s): cpu = 00:00:19 ; elapsed = 00:00:19 . Memory (MB): peak = 2389.848 ; gain = 740.203 ; free physical = 4522 ; free virtual = 7295
---------------------------------------------------------------------------------
---------------------------------------------------------------------------------
Start ROM, RAM, DSP, Shift Register and Retiming Reporting
---------------------------------------------------------------------------------

Static Shift Register Report:
+-------------------+-----------------------------------------------------------------------------------------------------------------------+--------+-------+--------------+--------------------+-------------------+--------+---------+
|Module Name        | RTL Name                                                                                                              | Length | Width | Reset Signal | Pull out first Reg | Pull out last Reg | SRL16E | SRLC32E | 
+-------------------+-----------------------------------------------------------------------------------------------------------------------+--------+-------+--------------+--------------------+-------------------+--------+---------+
|blk_mem_gen_v8_4_7 | inst_blk_mem_gen/gnbram.gnativebmg.native_blk_mem_gen/valid.cstr/ramloop[0].ram.r/SAFETY_CKT_GEN.RSTA_SHFT_REG_reg[4] | 4      | 1     | NO           | NO                 | YES               | 1      | 0       | 
+-------------------+-----------------------------------------------------------------------------------------------------------------------+--------+-------+--------------+--------------------+-------------------+--------+---------+

---------------------------------------------------------------------------------
Finished ROM, RAM, DSP, Shift Register and Retiming Reporting
---------------------------------------------------------------------------------
---------------------------------------------------------------------------------
Start Writing Synthesis Report
---------------------------------------------------------------------------------

Report BlackBoxes: 
+-+--------------+----------+
| |BlackBox name |Instances |
+-+--------------+----------+
+-+--------------+----------+

Report Cell Usage: 
+------+---------+------+
|      |Cell     |Count |
+------+---------+------+
|1     |LUT2     |     3|
|2     |LUT4     |     2|
|3     |RAMB36E1 |     1|
|4     |SRL16E   |     1|
|5     |FDRE     |     9|
+------+---------+------+
---------------------------------------------------------------------------------
Finished Writing Synthesis Report : Time (s): cpu = 00:00:19 ; elapsed = 00:00:19 . Memory (MB): peak = 2389.848 ; gain = 740.203 ; free physical = 4522 ; free virtual = 7295
---------------------------------------------------------------------------------
Synthesis finished with 0 errors, 0 critical warnings and 153 warnings.
Synthesis Optimization Runtime : Time (s): cpu = 00:00:17 ; elapsed = 00:00:18 . Memory (MB): peak = 2389.848 ; gain = 676.137 ; free physical = 4522 ; free virtual = 7295
Synthesis Optimization Complete : Time (s): cpu = 00:00:19 ; elapsed = 00:00:19 . Memory (MB): peak = 2389.848 ; gain = 740.203 ; free physical = 4522 ; free virtual = 7295
INFO: [Project 1-571] Translating synthesized netlist
Netlist sorting complete. Time (s): cpu = 00:00:00 ; elapsed = 00:00:00 . Memory (MB): peak = 2389.848 ; gain = 0.000 ; free physical = 4522 ; free virtual = 7295
INFO: [Netlist 29-17] Analyzing 1 Unisim elements for replacement
INFO: [Netlist 29-28] Unisim Transformation completed in 0 CPU seconds
INFO: [Project 1-570] Preparing netlist for logic optimization
INFO: [Opt 31-138] Pushed 0 inverter(s) to 0 load pin(s).
Netlist sorting complete. Time (s): cpu = 00:00:00 ; elapsed = 00:00:00 . Memory (MB): peak = 2389.848 ; gain = 0.000 ; free physical = 4812 ; free virtual = 7585
INFO: [Project 1-111] Unisim Transformation Summary:
No Unisim elements were transformed.

Synth Design complete | Checksum: 50000b51
INFO: [Common 17-83] Releasing license: Synthesis
21 Infos, 101 Warnings, 0 Critical Warnings and 0 Errors encountered.
synth_design completed successfully
synth_design: Time (s): cpu = 00:00:23 ; elapsed = 00:00:22 . Memory (MB): peak = 2389.848 ; gain = 1066.508 ; free physical = 4811 ; free virtual = 7584
INFO: [Common 17-2834] synth_design peak Physical Memory [PSS] (MB): overall = 2132.044; main = 1851.039; forked = 421.501
INFO: [Common 17-2834] synth_design peak Virtual Memory [VSS] (MB): overall = 3315.004; main = 2357.801; forked = 989.219
INFO: [Coretcl 2-1174] Renamed 6 cell refs.
Write ShapeDB Complete: Time (s): cpu = 00:00:00 ; elapsed = 00:00:00 . Memory (MB): peak = 2389.848 ; gain = 0.000 ; free physical = 4809 ; free virtual = 7582
INFO: [Common 17-1381] The checkpoint '/home/mariolima/Desktop/VESPA_BHV1.0/VESPA_BHV.runs/RAM32X32B_synth_1/RAM32X32B.dcp' has been generated.
INFO: [runtcl-4] Executing : report_utilization -file RAM32X32B_utilization_synth.rpt -pb RAM32X32B_utilization_synth.pb
INFO: [Common 17-206] Exiting Vivado at Sun Jan 28 01:49:47 2024...
