
*** Running vivado
    with args -log design_1_interruptController_0_0.vds -m64 -product Vivado -mode batch -messageDb vivado.pb -notrace -source design_1_interruptController_0_0.tcl


****** Vivado v2023.1 (64-bit)
  **** SW Build 3865809 on Sun May  7 15:04:56 MDT 2023
  **** IP Build 3864474 on Sun May  7 20:36:21 MDT 2023
  **** SharedData Build 3865790 on Sun May 07 13:33:03 MDT 2023
    ** Copyright 1986-2022 Xilinx, Inc. All Rights Reserved.
    ** Copyright 2022-2023 Advanced Micro Devices, Inc. All Rights Reserved.

source design_1_interruptController_0_0.tcl -notrace
create_project: Time (s): cpu = 00:00:14 ; elapsed = 00:00:17 . Memory (MB): peak = 2096.906 ; gain = 149.992 ; free physical = 193 ; free virtual = 2903
INFO: [IP_Flow 19-234] Refreshing IP repositories
INFO: [IP_Flow 19-1700] Loaded user IP repository '/home/joseleite/VeSPA_Peripherals'.
INFO: [IP_Flow 19-2313] Loaded Vivado IP repository '/media/joseleite/ExternDisk/Xilinx/Vivado/2023.1/data/ip'.
WARNING: [IP_Flow 19-1663] Duplicate IP found for 'user.org:user:UartSlave:1.0'. The one found in IP location '/home/joseleite/VeSPA_Peripherals/VeSPA-UART/Uart_IP' will take precedence over the same IP in locations: 
   /home/joseleite/VeSPA_Peripherals/VeSPA-UART/UartEchoTestProj/Vivado/ip_repo/uart
   /home/joseleite/VeSPA_Peripherals/VeSPA-GPIO/UartGpioTestProj/Vivado/ip_repo/uart
WARNING: [IP_Flow 19-1663] Duplicate IP found for 'user.org:user:PS2:1.0'. The one found in IP location '/home/joseleite/VeSPA_Peripherals/VeSPA-UART/UartEchoTestProj/Vivado/ip_repo/ps2' will take precedence over the same IP in locations: 
   /home/joseleite/VeSPA_Peripherals/VeSPA-PS2/PS2/ps2_ip_fifo/ps2
   /home/joseleite/VeSPA_Peripherals/VeSPA-GPIO/UartGpioTestProj/Vivado/ip_repo/ps2
WARNING: [IP_Flow 19-1663] Duplicate IP found for 'user.org:user:interruptControllerSlave:1.0'. The one found in IP location '/home/joseleite/VeSPA_Peripherals/VeSPA-UART/UartEchoTestProj/Vivado/ip_repo/interruptController' will take precedence over the same IP in location /home/joseleite/VeSPA_Peripherals/VeSPA-GPIO/UartGpioTestProj/Vivado/ip_repo/interruptController
WARNING: [IP_Flow 19-1663] Duplicate IP found for 'user.org:user:DataMemory:1.0'. The one found in IP location '/home/joseleite/VeSPA_Peripherals/VeSPA-UART/UartEchoTestProj/Vivado/ip_repo/dataMemory' will take precedence over the same IP in location /home/joseleite/VeSPA_Peripherals/VeSPA-GPIO/UartGpioTestProj/Vivado/ip_repo/dataMemory
WARNING: [IP_Flow 19-1663] Duplicate IP found for 'user.org:user:teste:1.0'. The one found in IP location '/home/joseleite/VeSPA_Peripherals/VeSPA-UART/UartEchoTestProj/Vivado/ip_repo/teste' will take precedence over the same IP in location /home/joseleite/VeSPA_Peripherals/VeSPA-GPIO/UartGpioTestProj/Vivado/ip_repo/teste
WARNING: [IP_Flow 19-1663] Duplicate IP found for 'user.org:user:GPIO_Slave:1.0'. The one found in IP location '/home/joseleite/VeSPA_Peripherals/VeSPA-UART/UartEchoTestProj/Vivado/ip_repo/GPIO_Slave_IP' will take precedence over the same IP in locations: 
   /home/joseleite/VeSPA_Peripherals/VeSPA-GPIO/UartGpioTestProj/Vivado/ip_repo/GPIO_Slave_IP
   /home/joseleite/VeSPA_Peripherals/VeSPA-GPIO/GPIO_Slave_IP
WARNING: [IP_Flow 19-1663] Duplicate IP found for 'user.org:user:CustomInterconnect:1.0'. The one found in IP location '/home/joseleite/VeSPA_Peripherals/VeSPA-UART/UartEchoTestProj/Vivado/ip_repo/interconnect' will take precedence over the same IP in location /home/joseleite/VeSPA_Peripherals/VeSPA-GPIO/UartGpioTestProj/Vivado/ip_repo/interconnect
WARNING: [IP_Flow 19-1663] Duplicate IP found for 'user.org:user:vespa_cpu:1.0'. The one found in IP location '/home/joseleite/VeSPA_Peripherals/VeSPA-UART/UartEchoTestProj/Vivado/ip_repo/cpu' will take precedence over the same IP in location /home/joseleite/VeSPA_Peripherals/VeSPA-GPIO/UartGpioTestProj/Vivado/ip_repo/cpu
WARNING: [IP_Flow 19-1663] Duplicate IP found for 'user.org:user:timerSlave:1.0'. The one found in IP location '/home/joseleite/VeSPA_Peripherals/VeSPA-Timer/timer' will take precedence over the same IP in locations: 
   /home/joseleite/VeSPA_Peripherals/VeSPA-UART/UartEchoTestProj/Vivado/ip_repo/timer
   /home/joseleite/VeSPA_Peripherals/VeSPA-GPIO/UartGpioTestProj/Vivado/ip_repo/timer
INFO: [IP_Flow 19-6924] IPCACHE: Running cache check for IP inst: design_1_interruptController_0_0
Command: synth_design -top design_1_interruptController_0_0 -part xc7z010clg400-1 -incremental_mode off -mode out_of_context
Starting synth_design
Attempting to get a license for feature 'Synthesis' and/or device 'xc7z010'
INFO: [Common 17-349] Got license for feature 'Synthesis' and/or device 'xc7z010'
INFO: [Device 21-403] Loading part xc7z010clg400-1

*** Running vivado
    with args -log design_1_interruptController_0_0.vds -m64 -product Vivado -mode batch -messageDb vivado.pb -notrace -source design_1_interruptController_0_0.tcl


****** Vivado v2023.1 (64-bit)
  **** SW Build 3865809 on Sun May  7 15:04:56 MDT 2023
  **** IP Build 3864474 on Sun May  7 20:36:21 MDT 2023
  **** SharedData Build 3865790 on Sun May 07 13:33:03 MDT 2023
    ** Copyright 1986-2022 Xilinx, Inc. All Rights Reserved.
    ** Copyright 2022-2023 Advanced Micro Devices, Inc. All Rights Reserved.

source design_1_interruptController_0_0.tcl -notrace
create_project: Time (s): cpu = 00:00:13 ; elapsed = 00:00:13 . Memory (MB): peak = 2096.000 ; gain = 149.992 ; free physical = 214 ; free virtual = 5278
INFO: [IP_Flow 19-234] Refreshing IP repositories
INFO: [IP_Flow 19-1700] Loaded user IP repository '/home/joseleite/VeSPA_Peripherals'.
INFO: [IP_Flow 19-2313] Loaded Vivado IP repository '/media/joseleite/ExternDisk/Xilinx/Vivado/2023.1/data/ip'.
WARNING: [IP_Flow 19-1663] Duplicate IP found for 'user.org:user:UartSlave:1.0'. The one found in IP location '/home/joseleite/VeSPA_Peripherals/VeSPA-UART/Uart_IP' will take precedence over the same IP in locations: 
   /home/joseleite/VeSPA_Peripherals/VeSPA-UART/UartEchoTestProj/Vivado/ip_repo/uart
   /home/joseleite/VeSPA_Peripherals/VeSPA-GPIO/UartGpioTestProj/Vivado/ip_repo/uart
WARNING: [IP_Flow 19-1663] Duplicate IP found for 'user.org:user:PS2:1.0'. The one found in IP location '/home/joseleite/VeSPA_Peripherals/VeSPA-UART/UartEchoTestProj/Vivado/ip_repo/ps2' will take precedence over the same IP in locations: 
   /home/joseleite/VeSPA_Peripherals/VeSPA-PS2/PS2/ps2_ip_fifo/ps2
   /home/joseleite/VeSPA_Peripherals/VeSPA-GPIO/UartGpioTestProj/Vivado/ip_repo/ps2
WARNING: [IP_Flow 19-1663] Duplicate IP found for 'user.org:user:interruptControllerSlave:1.0'. The one found in IP location '/home/joseleite/VeSPA_Peripherals/VeSPA-UART/UartEchoTestProj/Vivado/ip_repo/interruptController' will take precedence over the same IP in location /home/joseleite/VeSPA_Peripherals/VeSPA-GPIO/UartGpioTestProj/Vivado/ip_repo/interruptController
WARNING: [IP_Flow 19-1663] Duplicate IP found for 'user.org:user:DataMemory:1.0'. The one found in IP location '/home/joseleite/VeSPA_Peripherals/VeSPA-UART/UartEchoTestProj/Vivado/ip_repo/dataMemory' will take precedence over the same IP in location /home/joseleite/VeSPA_Peripherals/VeSPA-GPIO/UartGpioTestProj/Vivado/ip_repo/dataMemory
WARNING: [IP_Flow 19-1663] Duplicate IP found for 'user.org:user:teste:1.0'. The one found in IP location '/home/joseleite/VeSPA_Peripherals/VeSPA-UART/UartEchoTestProj/Vivado/ip_repo/teste' will take precedence over the same IP in location /home/joseleite/VeSPA_Peripherals/VeSPA-GPIO/UartGpioTestProj/Vivado/ip_repo/teste
WARNING: [IP_Flow 19-1663] Duplicate IP found for 'user.org:user:GPIO_Slave:1.0'. The one found in IP location '/home/joseleite/VeSPA_Peripherals/VeSPA-UART/UartEchoTestProj/Vivado/ip_repo/GPIO_Slave_IP' will take precedence over the same IP in locations: 
   /home/joseleite/VeSPA_Peripherals/VeSPA-GPIO/UartGpioTestProj/Vivado/ip_repo/GPIO_Slave_IP
   /home/joseleite/VeSPA_Peripherals/VeSPA-GPIO/GPIO_Slave_IP
WARNING: [IP_Flow 19-1663] Duplicate IP found for 'user.org:user:CustomInterconnect:1.0'. The one found in IP location '/home/joseleite/VeSPA_Peripherals/VeSPA-UART/UartEchoTestProj/Vivado/ip_repo/interconnect' will take precedence over the same IP in location /home/joseleite/VeSPA_Peripherals/VeSPA-GPIO/UartGpioTestProj/Vivado/ip_repo/interconnect
WARNING: [IP_Flow 19-1663] Duplicate IP found for 'user.org:user:vespa_cpu:1.0'. The one found in IP location '/home/joseleite/VeSPA_Peripherals/VeSPA-UART/UartEchoTestProj/Vivado/ip_repo/cpu' will take precedence over the same IP in location /home/joseleite/VeSPA_Peripherals/VeSPA-GPIO/UartGpioTestProj/Vivado/ip_repo/cpu
WARNING: [IP_Flow 19-1663] Duplicate IP found for 'user.org:user:timerSlave:1.0'. The one found in IP location '/home/joseleite/VeSPA_Peripherals/VeSPA-Timer/timer' will take precedence over the same IP in locations: 
   /home/joseleite/VeSPA_Peripherals/VeSPA-UART/UartEchoTestProj/Vivado/ip_repo/timer
   /home/joseleite/VeSPA_Peripherals/VeSPA-GPIO/UartGpioTestProj/Vivado/ip_repo/timer
INFO: [IP_Flow 19-6924] IPCACHE: Running cache check for IP inst: design_1_interruptController_0_0
Command: synth_design -top design_1_interruptController_0_0 -part xc7z010clg400-1 -incremental_mode off -mode out_of_context
Starting synth_design
Attempting to get a license for feature 'Synthesis' and/or device 'xc7z010'
INFO: [Common 17-349] Got license for feature 'Synthesis' and/or device 'xc7z010'
INFO: [Device 21-403] Loading part xc7z010clg400-1
INFO: [Synth 8-7079] Multithreading enabled for synth_design using a maximum of 4 processes.
INFO: [Synth 8-7078] Launching helper process for spawning children vivado processes
INFO: [Synth 8-7075] Helper process launched with PID 11786

*** Running vivado
    with args -log design_1_interruptController_0_0.vds -m64 -product Vivado -mode batch -messageDb vivado.pb -notrace -source design_1_interruptController_0_0.tcl


****** Vivado v2023.1 (64-bit)
  **** SW Build 3865809 on Sun May  7 15:04:56 MDT 2023
  **** IP Build 3864474 on Sun May  7 20:36:21 MDT 2023
  **** SharedData Build 3865790 on Sun May 07 13:33:03 MDT 2023
    ** Copyright 1986-2022 Xilinx, Inc. All Rights Reserved.
    ** Copyright 2022-2023 Advanced Micro Devices, Inc. All Rights Reserved.

source design_1_interruptController_0_0.tcl -notrace
create_project: Time (s): cpu = 00:00:12 ; elapsed = 00:00:12 . Memory (MB): peak = 2096.289 ; gain = 149.023 ; free physical = 260 ; free virtual = 6277
INFO: [IP_Flow 19-234] Refreshing IP repositories
INFO: [IP_Flow 19-1700] Loaded user IP repository '/home/joseleite/VeSPA_Peripherals'.
INFO: [IP_Flow 19-2313] Loaded Vivado IP repository '/media/joseleite/ExternDisk/Xilinx/Vivado/2023.1/data/ip'.
WARNING: [IP_Flow 19-1663] Duplicate IP found for 'user.org:user:UartSlave:1.0'. The one found in IP location '/home/joseleite/VeSPA_Peripherals/VeSPA-UART/Uart_IP' will take precedence over the same IP in locations: 
   /home/joseleite/VeSPA_Peripherals/VeSPA-UART/UartEchoTestProj/Vivado/ip_repo/uart
   /home/joseleite/VeSPA_Peripherals/VeSPA-GPIO/UartGpioTestProj/Vivado/ip_repo/uart
WARNING: [IP_Flow 19-1663] Duplicate IP found for 'user.org:user:PS2:1.0'. The one found in IP location '/home/joseleite/VeSPA_Peripherals/VeSPA-UART/UartEchoTestProj/Vivado/ip_repo/ps2' will take precedence over the same IP in locations: 
   /home/joseleite/VeSPA_Peripherals/VeSPA-PS2/PS2/ps2_ip_fifo/ps2
   /home/joseleite/VeSPA_Peripherals/VeSPA-GPIO/UartGpioTestProj/Vivado/ip_repo/ps2
WARNING: [IP_Flow 19-1663] Duplicate IP found for 'user.org:user:interruptControllerSlave:1.0'. The one found in IP location '/home/joseleite/VeSPA_Peripherals/VeSPA-UART/UartEchoTestProj/Vivado/ip_repo/interruptController' will take precedence over the same IP in location /home/joseleite/VeSPA_Peripherals/VeSPA-GPIO/UartGpioTestProj/Vivado/ip_repo/interruptController
WARNING: [IP_Flow 19-1663] Duplicate IP found for 'user.org:user:DataMemory:1.0'. The one found in IP location '/home/joseleite/VeSPA_Peripherals/VeSPA-UART/UartEchoTestProj/Vivado/ip_repo/dataMemory' will take precedence over the same IP in location /home/joseleite/VeSPA_Peripherals/VeSPA-GPIO/UartGpioTestProj/Vivado/ip_repo/dataMemory
WARNING: [IP_Flow 19-1663] Duplicate IP found for 'user.org:user:teste:1.0'. The one found in IP location '/home/joseleite/VeSPA_Peripherals/VeSPA-UART/UartEchoTestProj/Vivado/ip_repo/teste' will take precedence over the same IP in location /home/joseleite/VeSPA_Peripherals/VeSPA-GPIO/UartGpioTestProj/Vivado/ip_repo/teste
WARNING: [IP_Flow 19-1663] Duplicate IP found for 'user.org:user:GPIO_Slave:1.0'. The one found in IP location '/home/joseleite/VeSPA_Peripherals/VeSPA-UART/UartEchoTestProj/Vivado/ip_repo/GPIO_Slave_IP' will take precedence over the same IP in locations: 
   /home/joseleite/VeSPA_Peripherals/VeSPA-GPIO/UartGpioTestProj/Vivado/ip_repo/GPIO_Slave_IP
   /home/joseleite/VeSPA_Peripherals/VeSPA-GPIO/GPIO_Slave_IP
WARNING: [IP_Flow 19-1663] Duplicate IP found for 'user.org:user:CustomInterconnect:1.0'. The one found in IP location '/home/joseleite/VeSPA_Peripherals/VeSPA-UART/UartEchoTestProj/Vivado/ip_repo/interconnect' will take precedence over the same IP in location /home/joseleite/VeSPA_Peripherals/VeSPA-GPIO/UartGpioTestProj/Vivado/ip_repo/interconnect
WARNING: [IP_Flow 19-1663] Duplicate IP found for 'user.org:user:vespa_cpu:1.0'. The one found in IP location '/home/joseleite/VeSPA_Peripherals/VeSPA-UART/UartEchoTestProj/Vivado/ip_repo/cpu' will take precedence over the same IP in location /home/joseleite/VeSPA_Peripherals/VeSPA-GPIO/UartGpioTestProj/Vivado/ip_repo/cpu
WARNING: [IP_Flow 19-1663] Duplicate IP found for 'user.org:user:timerSlave:1.0'. The one found in IP location '/home/joseleite/VeSPA_Peripherals/VeSPA-Timer/timer' will take precedence over the same IP in locations: 
   /home/joseleite/VeSPA_Peripherals/VeSPA-UART/UartEchoTestProj/Vivado/ip_repo/timer
   /home/joseleite/VeSPA_Peripherals/VeSPA-GPIO/UartGpioTestProj/Vivado/ip_repo/timer
INFO: [IP_Flow 19-6924] IPCACHE: Running cache check for IP inst: design_1_interruptController_0_0
Command: synth_design -top design_1_interruptController_0_0 -part xc7z010clg400-1 -incremental_mode off -mode out_of_context
Starting synth_design
Attempting to get a license for feature 'Synthesis' and/or device 'xc7z010'
INFO: [Common 17-349] Got license for feature 'Synthesis' and/or device 'xc7z010'
INFO: [Device 21-403] Loading part xc7z010clg400-1
INFO: [Synth 8-7079] Multithreading enabled for synth_design using a maximum of 4 processes.
INFO: [Synth 8-7078] Launching helper process for spawning children vivado processes
INFO: [Synth 8-7075] Helper process launched with PID 57555
---------------------------------------------------------------------------------
Starting RTL Elaboration : Time (s): cpu = 00:00:05 ; elapsed = 00:00:12 . Memory (MB): peak = 2831.051 ; gain = 380.738 ; free physical = 300 ; free virtual = 2647
---------------------------------------------------------------------------------
INFO: [Synth 8-6157] synthesizing module 'design_1_interruptController_0_0' [/home/joseleite/Vivado_Projects/Vivado/VeSPA_Pipeline.gen/sources_1/bd/design_1/ip/design_1_interruptController_0_0/synth/design_1_interruptController_0_0.v:53]
INFO: [Synth 8-6157] synthesizing module 'interruptController' [/home/joseleite/Vivado_Projects/Vivado/VeSPA_Pipeline.srcs/sources_1/new/interruptController.v:22]
INFO: [Synth 8-6155] done synthesizing module 'interruptController' (0#1) [/home/joseleite/Vivado_Projects/Vivado/VeSPA_Pipeline.srcs/sources_1/new/interruptController.v:22]
INFO: [Synth 8-6155] done synthesizing module 'design_1_interruptController_0_0' (0#1) [/home/joseleite/Vivado_Projects/Vivado/VeSPA_Pipeline.gen/sources_1/bd/design_1/ip/design_1_interruptController_0_0/synth/design_1_interruptController_0_0.v:53]
WARNING: [Synth 8-3301] Unused top level parameter/generic BUS_MSB
---------------------------------------------------------------------------------
Finished RTL Elaboration : Time (s): cpu = 00:00:08 ; elapsed = 00:00:18 . Memory (MB): peak = 2897.988 ; gain = 447.676 ; free physical = 209 ; free virtual = 2357
---------------------------------------------------------------------------------
---------------------------------------------------------------------------------
Start Handling Custom Attributes
---------------------------------------------------------------------------------
---------------------------------------------------------------------------------
Finished Handling Custom Attributes : Time (s): cpu = 00:00:08 ; elapsed = 00:00:19 . Memory (MB): peak = 2912.832 ; gain = 462.520 ; free physical = 231 ; free virtual = 2331
---------------------------------------------------------------------------------
---------------------------------------------------------------------------------
Finished RTL Optimization Phase 1 : Time (s): cpu = 00:00:08 ; elapsed = 00:00:19 . Memory (MB): peak = 2912.832 ; gain = 462.520 ; free physical = 231 ; free virtual = 2331
---------------------------------------------------------------------------------
Netlist sorting complete. Time (s): cpu = 00:00:00.01 ; elapsed = 00:00:00.01 . Memory (MB): peak = 2912.832 ; gain = 0.000 ; free physical = 202 ; free virtual = 2318
INFO: [Project 1-570] Preparing netlist for logic optimization

Processing XDC Constraints
Initializing timing engine
Completed Processing XDC Constraints

Netlist sorting complete. Time (s): cpu = 00:00:00 ; elapsed = 00:00:00 . Memory (MB): peak = 3026.582 ; gain = 0.000 ; free physical = 226 ; free virtual = 2124
INFO: [Project 1-111] Unisim Transformation Summary:
No Unisim elements were transformed.

Constraint Validation Runtime : Time (s): cpu = 00:00:00.04 ; elapsed = 00:00:01 . Memory (MB): peak = 3026.582 ; gain = 0.000 ; free physical = 212 ; free virtual = 2121
INFO: [Designutils 20-5008] Incremental synthesis strategy off
---------------------------------------------------------------------------------
Finished Constraint Validation : Time (s): cpu = 00:00:16 ; elapsed = 00:00:37 . Memory (MB): peak = 3026.582 ; gain = 576.270 ; free physical = 176 ; free virtual = 1489
---------------------------------------------------------------------------------
---------------------------------------------------------------------------------
Start Loading Part and Timing Information
---------------------------------------------------------------------------------
Loading part: xc7z010clg400-1
---------------------------------------------------------------------------------
Finished Loading Part and Timing Information : Time (s): cpu = 00:00:16 ; elapsed = 00:00:37 . Memory (MB): peak = 3026.582 ; gain = 576.270 ; free physical = 176 ; free virtual = 1489
---------------------------------------------------------------------------------
---------------------------------------------------------------------------------
Start Applying 'set_property' XDC Constraints
---------------------------------------------------------------------------------
---------------------------------------------------------------------------------
Finished applying 'set_property' XDC Constraints : Time (s): cpu = 00:00:16 ; elapsed = 00:00:37 . Memory (MB): peak = 3026.582 ; gain = 576.270 ; free physical = 176 ; free virtual = 1489
---------------------------------------------------------------------------------
WARNING: [Synth 8-327] inferring latch for variable 'pending_reg' [/home/joseleite/Vivado_Projects/Vivado/VeSPA_Pipeline.srcs/sources_1/new/interruptController.v:52]
WARNING: [Synth 8-327] inferring latch for variable 'int_sources_prev_reg' [/home/joseleite/Vivado_Projects/Vivado/VeSPA_Pipeline.srcs/sources_1/new/interruptController.v:62]
---------------------------------------------------------------------------------
Finished RTL Optimization Phase 2 : Time (s): cpu = 00:00:16 ; elapsed = 00:00:38 . Memory (MB): peak = 3026.582 ; gain = 576.270 ; free physical = 161 ; free virtual = 1493
---------------------------------------------------------------------------------
---------------------------------------------------------------------------------
Start RTL Component Statistics 
---------------------------------------------------------------------------------
Detailed RTL Component Info : 
+---Registers : 
	                3 Bit    Registers := 1     
	                2 Bit    Registers := 1     
	                1 Bit    Registers := 2     
+---Muxes : 
	   2 Input    4 Bit        Muxes := 1     
	   5 Input    3 Bit        Muxes := 1     
	   2 Input    1 Bit        Muxes := 7     
---------------------------------------------------------------------------------
Finished RTL Component Statistics 
---------------------------------------------------------------------------------
---------------------------------------------------------------------------------
Start Part Resource Summary
---------------------------------------------------------------------------------
Part Resources:
DSPs: 80 (col length:40)
BRAMs: 120 (col length: RAMB18 40 RAMB36 20)
---------------------------------------------------------------------------------
Finished Part Resource Summary
---------------------------------------------------------------------------------
---------------------------------------------------------------------------------
Start Cross Boundary and Area Optimization
---------------------------------------------------------------------------------
WARNING: [Synth 8-7080] Parallel synthesis criteria is not met
---------------------------------------------------------------------------------
Finished Cross Boundary and Area Optimization : Time (s): cpu = 00:00:18 ; elapsed = 00:00:41 . Memory (MB): peak = 3026.582 ; gain = 576.270 ; free physical = 216 ; free virtual = 1411
---------------------------------------------------------------------------------
---------------------------------------------------------------------------------
Start Applying XDC Timing Constraints
---------------------------------------------------------------------------------
---------------------------------------------------------------------------------
Finished Applying XDC Timing Constraints : Time (s): cpu = 00:00:25 ; elapsed = 00:00:49 . Memory (MB): peak = 3026.582 ; gain = 576.270 ; free physical = 253 ; free virtual = 1188
---------------------------------------------------------------------------------
---------------------------------------------------------------------------------
Start Timing Optimization
---------------------------------------------------------------------------------
---------------------------------------------------------------------------------
Finished Timing Optimization : Time (s): cpu = 00:00:25 ; elapsed = 00:00:49 . Memory (MB): peak = 3026.582 ; gain = 576.270 ; free physical = 253 ; free virtual = 1188
---------------------------------------------------------------------------------
---------------------------------------------------------------------------------
Start Technology Mapping
---------------------------------------------------------------------------------
---------------------------------------------------------------------------------
Finished Technology Mapping : Time (s): cpu = 00:00:25 ; elapsed = 00:00:49 . Memory (MB): peak = 3026.582 ; gain = 576.270 ; free physical = 253 ; free virtual = 1188
---------------------------------------------------------------------------------
---------------------------------------------------------------------------------
Start IO Insertion
---------------------------------------------------------------------------------
---------------------------------------------------------------------------------
Start Flattening Before IO Insertion
---------------------------------------------------------------------------------
---------------------------------------------------------------------------------
Finished Flattening Before IO Insertion
---------------------------------------------------------------------------------
---------------------------------------------------------------------------------
Start Final Netlist Cleanup
---------------------------------------------------------------------------------
---------------------------------------------------------------------------------
Finished Final Netlist Cleanup
---------------------------------------------------------------------------------
---------------------------------------------------------------------------------
Finished IO Insertion : Time (s): cpu = 00:00:30 ; elapsed = 00:00:54 . Memory (MB): peak = 3026.582 ; gain = 576.270 ; free physical = 237 ; free virtual = 1187
---------------------------------------------------------------------------------
---------------------------------------------------------------------------------
Start Renaming Generated Instances
---------------------------------------------------------------------------------
---------------------------------------------------------------------------------
Finished Renaming Generated Instances : Time (s): cpu = 00:00:30 ; elapsed = 00:00:54 . Memory (MB): peak = 3026.582 ; gain = 576.270 ; free physical = 237 ; free virtual = 1187
---------------------------------------------------------------------------------
---------------------------------------------------------------------------------
Start Rebuilding User Hierarchy
---------------------------------------------------------------------------------
---------------------------------------------------------------------------------
Finished Rebuilding User Hierarchy : Time (s): cpu = 00:00:30 ; elapsed = 00:00:54 . Memory (MB): peak = 3026.582 ; gain = 576.270 ; free physical = 237 ; free virtual = 1187
---------------------------------------------------------------------------------
---------------------------------------------------------------------------------
Start Renaming Generated Ports
---------------------------------------------------------------------------------
---------------------------------------------------------------------------------
Finished Renaming Generated Ports : Time (s): cpu = 00:00:30 ; elapsed = 00:00:54 . Memory (MB): peak = 3026.582 ; gain = 576.270 ; free physical = 237 ; free virtual = 1187
---------------------------------------------------------------------------------
---------------------------------------------------------------------------------
Start Handling Custom Attributes
---------------------------------------------------------------------------------
---------------------------------------------------------------------------------
Finished Handling Custom Attributes : Time (s): cpu = 00:00:30 ; elapsed = 00:00:54 . Memory (MB): peak = 3026.582 ; gain = 576.270 ; free physical = 237 ; free virtual = 1187
---------------------------------------------------------------------------------
---------------------------------------------------------------------------------
Start Renaming Generated Nets
---------------------------------------------------------------------------------
---------------------------------------------------------------------------------
Finished Renaming Generated Nets : Time (s): cpu = 00:00:30 ; elapsed = 00:00:54 . Memory (MB): peak = 3026.582 ; gain = 576.270 ; free physical = 237 ; free virtual = 1187
---------------------------------------------------------------------------------
---------------------------------------------------------------------------------
Start Writing Synthesis Report
---------------------------------------------------------------------------------

Report BlackBoxes: 
+-+--------------+----------+
| |BlackBox name |Instances |
+-+--------------+----------+
+-+--------------+----------+

Report Cell Usage: 
+------+-----+------+
|      |Cell |Count |
+------+-----+------+
|1     |LUT2 |     2|
|2     |LUT3 |     3|
|3     |LUT4 |    10|
|4     |LUT5 |     5|
|5     |LUT6 |    11|
|6     |FDRE |     7|
|7     |LDC  |     8|
+------+-----+------+
---------------------------------------------------------------------------------
Finished Writing Synthesis Report : Time (s): cpu = 00:00:30 ; elapsed = 00:00:54 . Memory (MB): peak = 3026.582 ; gain = 576.270 ; free physical = 237 ; free virtual = 1187
---------------------------------------------------------------------------------
Synthesis finished with 0 errors, 0 critical warnings and 3 warnings.
Synthesis Optimization Runtime : Time (s): cpu = 00:00:27 ; elapsed = 00:00:42 . Memory (MB): peak = 3026.582 ; gain = 462.520 ; free physical = 237 ; free virtual = 1187
Synthesis Optimization Complete : Time (s): cpu = 00:00:30 ; elapsed = 00:00:54 . Memory (MB): peak = 3026.582 ; gain = 576.270 ; free physical = 237 ; free virtual = 1187
INFO: [Project 1-571] Translating synthesized netlist
Netlist sorting complete. Time (s): cpu = 00:00:00 ; elapsed = 00:00:00 . Memory (MB): peak = 3026.582 ; gain = 0.000 ; free physical = 226 ; free virtual = 1184
INFO: [Netlist 29-17] Analyzing 8 Unisim elements for replacement
INFO: [Netlist 29-28] Unisim Transformation completed in 0 CPU seconds
INFO: [Project 1-570] Preparing netlist for logic optimization
INFO: [Opt 31-138] Pushed 0 inverter(s) to 0 load pin(s).
Netlist sorting complete. Time (s): cpu = 00:00:00 ; elapsed = 00:00:00 . Memory (MB): peak = 3026.582 ; gain = 0.000 ; free physical = 200 ; free virtual = 1175
INFO: [Project 1-111] Unisim Transformation Summary:
  A total of 8 instances were transformed.
  LDC => LDCE: 8 instances

Synth Design complete | Checksum: ca2fe9f2
INFO: [Common 17-83] Releasing license: Synthesis
23 Infos, 13 Warnings, 0 Critical Warnings and 0 Errors encountered.
synth_design completed successfully
synth_design: Time (s): cpu = 00:00:35 ; elapsed = 00:01:05 . Memory (MB): peak = 3026.582 ; gain = 892.605 ; free physical = 199 ; free virtual = 1175
INFO: [Common 17-2834] synth_design peak Physical Memory [PSS] (MB): overall = 2324.063; main = 2042.380; forked = 281.684
INFO: [Common 17-2834] synth_design peak Virtual Memory [VSS] (MB): overall = 3992.031; main = 3026.586; forked = 965.461
INFO: [Common 17-1381] The checkpoint '/home/joseleite/Vivado_Projects/Vivado/VeSPA_Pipeline.runs/design_1_interruptController_0_0_synth_1/design_1_interruptController_0_0.dcp' has been generated.
INFO: [Coretcl 2-1648] Added synthesis output to IP cache for IP design_1_interruptController_0_0, cache-ID = 31efcbafd14efd0c
INFO: [Common 17-1381] The checkpoint '/home/joseleite/Vivado_Projects/Vivado/VeSPA_Pipeline.runs/design_1_interruptController_0_0_synth_1/design_1_interruptController_0_0.dcp' has been generated.
INFO: [runtcl-4] Executing : report_utilization -file design_1_interruptController_0_0_utilization_synth.rpt -pb design_1_interruptController_0_0_utilization_synth.pb
INFO: [Common 17-206] Exiting Vivado at Tue May 28 16:10:58 2024...
